{"D:\\Hacktiv8\\Final_Project\\Cando\\server\\app.js": {"path":"D:\\Hacktiv8\\Final_Project\\Cando\\server\\app.js","statementMap":{"0":{"start":{"line":1,"column":16},"end":{"line":1,"column":34}},"1":{"start":{"line":2,"column":12},"end":{"line":2,"column":21}},"2":{"start":{"line":3,"column":13},"end":{"line":3,"column":28}},"3":{"start":{"line":5,"column":19},"end":{"line":5,"column":55}},"4":{"start":{"line":7,"column":18},"end":{"line":7,"column":47}},"5":{"start":{"line":10,"column":0},"end":{"line":10,"column":23}},"6":{"start":{"line":11,"column":0},"end":{"line":11,"column":47}},"7":{"start":{"line":12,"column":0},"end":{"line":12,"column":15}},"8":{"start":{"line":15,"column":0},"end":{"line":15,"column":18}},"9":{"start":{"line":17,"column":0},"end":{"line":17,"column":19}},"10":{"start":{"line":19,"column":12},"end":{"line":24,"column":2}},"11":{"start":{"line":26,"column":0},"end":{"line":26,"column":20}}},"fnMap":{},"branchMap":{},"s":{"0":6,"1":6,"2":6,"3":6,"4":6,"5":6,"6":6,"7":6,"8":6,"9":6,"10":6,"11":6},"f":{},"b":{},"_coverageSchema":"1a1c01bbd47fc00a2c39e90264f33305004495a9","hash":"dd63b682b4c30d4b9a5bababe5eef8b0b39a0a8b"}
,"D:\\Hacktiv8\\Final_Project\\Cando\\server\\controllers\\alfredController.js": {"path":"D:\\Hacktiv8\\Final_Project\\Cando\\server\\controllers\\alfredController.js","statementMap":{"0":{"start":{"line":1,"column":18},"end":{"line":1,"column":48}},"1":{"start":{"line":2,"column":45},"end":{"line":2,"column":65}},"2":{"start":{"line":7,"column":83},"end":{"line":7,"column":91}},"3":{"start":{"line":8,"column":8},"end":{"line":63,"column":9}},"4":{"start":{"line":9,"column":12},"end":{"line":20,"column":13}},"5":{"start":{"line":10,"column":16},"end":{"line":10,"column":28}},"6":{"start":{"line":12,"column":17},"end":{"line":20,"column":13}},"7":{"start":{"line":13,"column":16},"end":{"line":13,"column":28}},"8":{"start":{"line":15,"column":17},"end":{"line":20,"column":13}},"9":{"start":{"line":16,"column":16},"end":{"line":16,"column":28}},"10":{"start":{"line":19,"column":16},"end":{"line":19,"column":35}},"11":{"start":{"line":21,"column":12},"end":{"line":21,"column":118}},"12":{"start":{"line":21,"column":46},"end":{"line":21,"column":118}},"13":{"start":{"line":23,"column":27},"end":{"line":23,"column":76}},"14":{"start":{"line":24,"column":12},"end":{"line":24,"column":84}},"15":{"start":{"line":24,"column":27},"end":{"line":24,"column":84}},"16":{"start":{"line":25,"column":25},"end":{"line":25,"column":36}},"17":{"start":{"line":27,"column":33},"end":{"line":27,"column":94}},"18":{"start":{"line":28,"column":12},"end":{"line":28,"column":81}},"19":{"start":{"line":28,"column":33},"end":{"line":28,"column":81}},"20":{"start":{"line":29,"column":31},"end":{"line":29,"column":48}},"21":{"start":{"line":30,"column":31},"end":{"line":30,"column":158}},"22":{"start":{"line":31,"column":12},"end":{"line":31,"column":50}},"23":{"start":{"line":33,"column":12},"end":{"line":33,"column":54}},"24":{"start":{"line":33,"column":49},"end":{"line":33,"column":53}},"25":{"start":{"line":34,"column":29},"end":{"line":34,"column":44}},"26":{"start":{"line":36,"column":24},"end":{"line":36,"column":34}},"27":{"start":{"line":39,"column":12},"end":{"line":39,"column":95}},"28":{"start":{"line":40,"column":12},"end":{"line":40,"column":38}},"29":{"start":{"line":42,"column":26},"end":{"line":49,"column":14}},"30":{"start":{"line":50,"column":12},"end":{"line":55,"column":13}},"31":{"start":{"line":51,"column":16},"end":{"line":51,"column":45}},"32":{"start":{"line":54,"column":16},"end":{"line":54,"column":68}},"33":{"start":{"line":62,"column":12},"end":{"line":62,"column":18}},"34":{"start":{"line":68,"column":0},"end":{"line":68,"column":33}}},"fnMap":{"0":{"name":"(anonymous_0)","decl":{"start":{"line":6,"column":4},"end":{"line":6,"column":5}},"loc":{"start":{"line":6,"column":44},"end":{"line":65,"column":5}},"line":6},"1":{"name":"(anonymous_1)","decl":{"start":{"line":33,"column":44},"end":{"line":33,"column":45}},"loc":{"start":{"line":33,"column":49},"end":{"line":33,"column":53}},"line":33}},"branchMap":{"0":{"loc":{"start":{"line":9,"column":12},"end":{"line":20,"column":13}},"type":"if","locations":[{"start":{"line":9,"column":12},"end":{"line":20,"column":13}},{"start":{"line":9,"column":12},"end":{"line":20,"column":13}}],"line":9},"1":{"loc":{"start":{"line":12,"column":17},"end":{"line":20,"column":13}},"type":"if","locations":[{"start":{"line":12,"column":17},"end":{"line":20,"column":13}},{"start":{"line":12,"column":17},"end":{"line":20,"column":13}}],"line":12},"2":{"loc":{"start":{"line":15,"column":17},"end":{"line":20,"column":13}},"type":"if","locations":[{"start":{"line":15,"column":17},"end":{"line":20,"column":13}},{"start":{"line":15,"column":17},"end":{"line":20,"column":13}}],"line":15},"3":{"loc":{"start":{"line":21,"column":12},"end":{"line":21,"column":118}},"type":"if","locations":[{"start":{"line":21,"column":12},"end":{"line":21,"column":118}},{"start":{"line":21,"column":12},"end":{"line":21,"column":118}}],"line":21},"4":{"loc":{"start":{"line":21,"column":16},"end":{"line":21,"column":44}},"type":"binary-expr","locations":[{"start":{"line":21,"column":16},"end":{"line":21,"column":25}},{"start":{"line":21,"column":29},"end":{"line":21,"column":44}}],"line":21},"5":{"loc":{"start":{"line":24,"column":12},"end":{"line":24,"column":84}},"type":"if","locations":[{"start":{"line":24,"column":12},"end":{"line":24,"column":84}},{"start":{"line":24,"column":12},"end":{"line":24,"column":84}}],"line":24},"6":{"loc":{"start":{"line":28,"column":12},"end":{"line":28,"column":81}},"type":"if","locations":[{"start":{"line":28,"column":12},"end":{"line":28,"column":81}},{"start":{"line":28,"column":12},"end":{"line":28,"column":81}}],"line":28},"7":{"loc":{"start":{"line":50,"column":12},"end":{"line":55,"column":13}},"type":"if","locations":[{"start":{"line":50,"column":12},"end":{"line":55,"column":13}},{"start":{"line":50,"column":12},"end":{"line":55,"column":13}}],"line":50}},"s":{"0":6,"1":6,"2":0,"3":0,"4":0,"5":0,"6":0,"7":0,"8":0,"9":0,"10":0,"11":0,"12":0,"13":0,"14":0,"15":0,"16":0,"17":0,"18":0,"19":0,"20":0,"21":0,"22":0,"23":0,"24":0,"25":0,"26":0,"27":0,"28":0,"29":0,"30":0,"31":0,"32":0,"33":0,"34":6},"f":{"0":0,"1":0},"b":{"0":[0,0],"1":[0,0],"2":[0,0],"3":[0,0],"4":[0,0],"5":[0,0],"6":[0,0],"7":[0,0]},"_coverageSchema":"1a1c01bbd47fc00a2c39e90264f33305004495a9","hash":"7eece0b22564e22bca1f7abd9199400d8daa2a26"}
,"D:\\Hacktiv8\\Final_Project\\Cando\\server\\controllers\\categoryController.js": {"path":"D:\\Hacktiv8\\Final_Project\\Cando\\server\\controllers\\categoryController.js","statementMap":{"0":{"start":{"line":1,"column":39},"end":{"line":1,"column":59}},"1":{"start":{"line":2,"column":10},"end":{"line":2,"column":28}},"2":{"start":{"line":6,"column":37},"end":{"line":6,"column":45}},"3":{"start":{"line":8,"column":8},"end":{"line":19,"column":9}},"4":{"start":{"line":9,"column":12},"end":{"line":9,"column":87}},"5":{"start":{"line":9,"column":31},"end":{"line":9,"column":87}},"6":{"start":{"line":10,"column":33},"end":{"line":10,"column":90}},"7":{"start":{"line":11,"column":12},"end":{"line":11,"column":89}},"8":{"start":{"line":11,"column":33},"end":{"line":11,"column":89}},"9":{"start":{"line":12,"column":30},"end":{"line":12,"column":75}},"10":{"start":{"line":13,"column":12},"end":{"line":13,"column":45}},"11":{"start":{"line":17,"column":12},"end":{"line":17,"column":21}},"12":{"start":{"line":23,"column":21},"end":{"line":23,"column":31}},"13":{"start":{"line":24,"column":8},"end":{"line":35,"column":9}},"14":{"start":{"line":25,"column":34},"end":{"line":25,"column":148}},"15":{"start":{"line":26,"column":12},"end":{"line":31,"column":13}},"16":{"start":{"line":27,"column":16},"end":{"line":27,"column":71}},"17":{"start":{"line":30,"column":16},"end":{"line":30,"column":53}},"18":{"start":{"line":34,"column":12},"end":{"line":34,"column":21}},"19":{"start":{"line":39,"column":21},"end":{"line":39,"column":31}},"20":{"start":{"line":40,"column":8},"end":{"line":52,"column":9}},"21":{"start":{"line":41,"column":34},"end":{"line":41,"column":75}},"22":{"start":{"line":42,"column":12},"end":{"line":47,"column":13}},"23":{"start":{"line":43,"column":16},"end":{"line":43,"column":71}},"24":{"start":{"line":46,"column":16},"end":{"line":46,"column":55}},"25":{"start":{"line":51,"column":12},"end":{"line":51,"column":21}},"26":{"start":{"line":55,"column":21},"end":{"line":55,"column":31}},"27":{"start":{"line":56,"column":37},"end":{"line":56,"column":45}},"28":{"start":{"line":57,"column":8},"end":{"line":73,"column":9}},"29":{"start":{"line":58,"column":34},"end":{"line":58,"column":75}},"30":{"start":{"line":59,"column":12},"end":{"line":66,"column":13}},"31":{"start":{"line":60,"column":16},"end":{"line":60,"column":71}},"32":{"start":{"line":63,"column":16},"end":{"line":63,"column":80}},"33":{"start":{"line":64,"column":38},"end":{"line":64,"column":79}},"34":{"start":{"line":65,"column":16},"end":{"line":65,"column":53}},"35":{"start":{"line":72,"column":12},"end":{"line":72,"column":21}},"36":{"start":{"line":77,"column":0},"end":{"line":77,"column":35}}},"fnMap":{"0":{"name":"(anonymous_0)","decl":{"start":{"line":5,"column":4},"end":{"line":5,"column":5}},"loc":{"start":{"line":5,"column":40},"end":{"line":20,"column":5}},"line":5},"1":{"name":"(anonymous_1)","decl":{"start":{"line":22,"column":4},"end":{"line":22,"column":5}},"loc":{"start":{"line":22,"column":41},"end":{"line":36,"column":5}},"line":22},"2":{"name":"(anonymous_2)","decl":{"start":{"line":38,"column":4},"end":{"line":38,"column":5}},"loc":{"start":{"line":38,"column":40},"end":{"line":53,"column":5}},"line":38},"3":{"name":"(anonymous_3)","decl":{"start":{"line":54,"column":4},"end":{"line":54,"column":5}},"loc":{"start":{"line":54,"column":38},"end":{"line":74,"column":5}},"line":54}},"branchMap":{"0":{"loc":{"start":{"line":9,"column":12},"end":{"line":9,"column":87}},"type":"if","locations":[{"start":{"line":9,"column":12},"end":{"line":9,"column":87}},{"start":{"line":9,"column":12},"end":{"line":9,"column":87}}],"line":9},"1":{"loc":{"start":{"line":11,"column":12},"end":{"line":11,"column":89}},"type":"if","locations":[{"start":{"line":11,"column":12},"end":{"line":11,"column":89}},{"start":{"line":11,"column":12},"end":{"line":11,"column":89}}],"line":11},"2":{"loc":{"start":{"line":26,"column":12},"end":{"line":31,"column":13}},"type":"if","locations":[{"start":{"line":26,"column":12},"end":{"line":31,"column":13}},{"start":{"line":26,"column":12},"end":{"line":31,"column":13}}],"line":26},"3":{"loc":{"start":{"line":42,"column":12},"end":{"line":47,"column":13}},"type":"if","locations":[{"start":{"line":42,"column":12},"end":{"line":47,"column":13}},{"start":{"line":42,"column":12},"end":{"line":47,"column":13}}],"line":42},"4":{"loc":{"start":{"line":59,"column":12},"end":{"line":66,"column":13}},"type":"if","locations":[{"start":{"line":59,"column":12},"end":{"line":66,"column":13}},{"start":{"line":59,"column":12},"end":{"line":66,"column":13}}],"line":59}},"s":{"0":6,"1":6,"2":5,"3":5,"4":5,"5":2,"6":3,"7":3,"8":1,"9":2,"10":1,"11":4,"12":3,"13":3,"14":3,"15":3,"16":1,"17":2,"18":1,"19":2,"20":2,"21":2,"22":2,"23":1,"24":1,"25":1,"26":5,"27":5,"28":5,"29":5,"30":5,"31":1,"32":4,"33":1,"34":1,"35":4,"36":6},"f":{"0":5,"1":3,"2":2,"3":5},"b":{"0":[2,3],"1":[1,2],"2":[1,2],"3":[1,1],"4":[1,4]},"_coverageSchema":"1a1c01bbd47fc00a2c39e90264f33305004495a9","hash":"2adf12a65dba678236eb62a4f50b09ba53e3dd37"}
,"D:\\Hacktiv8\\Final_Project\\Cando\\server\\controllers\\dataController.js": {"path":"D:\\Hacktiv8\\Final_Project\\Cando\\server\\controllers\\dataController.js","statementMap":{"0":{"start":{"line":1,"column":62},"end":{"line":1,"column":82}},"1":{"start":{"line":2,"column":10},"end":{"line":2,"column":28}},"2":{"start":{"line":8,"column":28},"end":{"line":8,"column":54}},"3":{"start":{"line":9,"column":22},"end":{"line":9,"column":42}},"4":{"start":{"line":10,"column":8},"end":{"line":10,"column":56}},"5":{"start":{"line":15,"column":21},"end":{"line":15,"column":31}},"6":{"start":{"line":16,"column":8},"end":{"line":40,"column":9}},"7":{"start":{"line":18,"column":26},"end":{"line":18,"column":237}},"8":{"start":{"line":20,"column":12},"end":{"line":33,"column":13}},"9":{"start":{"line":21,"column":16},"end":{"line":21,"column":76}},"10":{"start":{"line":25,"column":42},"end":{"line":25,"column":130}},"11":{"start":{"line":26,"column":30},"end":{"line":28,"column":18}},"12":{"start":{"line":27,"column":20},"end":{"line":27,"column":36}},"13":{"start":{"line":29,"column":37},"end":{"line":29,"column":49}},"14":{"start":{"line":30,"column":33},"end":{"line":30,"column":51}},"15":{"start":{"line":32,"column":16},"end":{"line":32,"column":77}},"16":{"start":{"line":39,"column":12},"end":{"line":39,"column":21}},"17":{"start":{"line":47,"column":0},"end":{"line":47,"column":31}}},"fnMap":{"0":{"name":"(anonymous_0)","decl":{"start":{"line":6,"column":4},"end":{"line":6,"column":5}},"loc":{"start":{"line":6,"column":51},"end":{"line":12,"column":5}},"line":6},"1":{"name":"(anonymous_1)","decl":{"start":{"line":14,"column":4},"end":{"line":14,"column":5}},"loc":{"start":{"line":14,"column":45},"end":{"line":42,"column":5}},"line":14},"2":{"name":"(anonymous_2)","decl":{"start":{"line":26,"column":54},"end":{"line":26,"column":55}},"loc":{"start":{"line":26,"column":62},"end":{"line":28,"column":17}},"line":26}},"branchMap":{"0":{"loc":{"start":{"line":20,"column":12},"end":{"line":33,"column":13}},"type":"if","locations":[{"start":{"line":20,"column":12},"end":{"line":33,"column":13}},{"start":{"line":20,"column":12},"end":{"line":33,"column":13}}],"line":20}},"s":{"0":6,"1":6,"2":1,"3":1,"4":1,"5":2,"6":2,"7":2,"8":2,"9":1,"10":1,"11":1,"12":3,"13":1,"14":1,"15":1,"16":1,"17":6},"f":{"0":1,"1":2,"2":3},"b":{"0":[1,1]},"_coverageSchema":"1a1c01bbd47fc00a2c39e90264f33305004495a9","hash":"aaca649cf4980acf8620ce02954b53cf05f4bfdb"}
,"D:\\Hacktiv8\\Final_Project\\Cando\\server\\controllers\\todoController.js": {"path":"D:\\Hacktiv8\\Final_Project\\Cando\\server\\controllers\\todoController.js","statementMap":{"0":{"start":{"line":1,"column":69},"end":{"line":1,"column":89}},"1":{"start":{"line":2,"column":19},"end":{"line":2,"column":40}},"2":{"start":{"line":3,"column":19},"end":{"line":3,"column":52}},"3":{"start":{"line":4,"column":21},"end":{"line":4,"column":57}},"4":{"start":{"line":5,"column":21},"end":{"line":5,"column":57}},"5":{"start":{"line":10,"column":21},"end":{"line":10,"column":31}},"6":{"start":{"line":11,"column":8},"end":{"line":22,"column":9}},"7":{"start":{"line":12,"column":30},"end":{"line":12,"column":67}},"8":{"start":{"line":13,"column":12},"end":{"line":18,"column":13}},"9":{"start":{"line":14,"column":16},"end":{"line":14,"column":68}},"10":{"start":{"line":17,"column":16},"end":{"line":17,"column":49}},"11":{"start":{"line":21,"column":12},"end":{"line":21,"column":21}},"12":{"start":{"line":26,"column":77},"end":{"line":26,"column":85}},"13":{"start":{"line":28,"column":8},"end":{"line":69,"column":9}},"14":{"start":{"line":29,"column":26},"end":{"line":29,"column":107}},"15":{"start":{"line":31,"column":12},"end":{"line":31,"column":37}},"16":{"start":{"line":33,"column":33},"end":{"line":37,"column":13}},"17":{"start":{"line":41,"column":34},"end":{"line":41,"column":64}},"18":{"start":{"line":43,"column":32},"end":{"line":50,"column":14}},"19":{"start":{"line":52,"column":23},"end":{"line":58,"column":13}},"20":{"start":{"line":59,"column":12},"end":{"line":63,"column":14}},"21":{"start":{"line":60,"column":16},"end":{"line":62,"column":17}},"22":{"start":{"line":61,"column":20},"end":{"line":61,"column":31}},"23":{"start":{"line":65,"column":12},"end":{"line":65,"column":41}},"24":{"start":{"line":68,"column":12},"end":{"line":68,"column":21}},"25":{"start":{"line":72,"column":77},"end":{"line":72,"column":85}},"26":{"start":{"line":73,"column":21},"end":{"line":73,"column":31}},"27":{"start":{"line":74,"column":8},"end":{"line":113,"column":9}},"28":{"start":{"line":75,"column":12},"end":{"line":75,"column":75}},"29":{"start":{"line":75,"column":25},"end":{"line":75,"column":75}},"30":{"start":{"line":76,"column":27},"end":{"line":76,"column":72}},"31":{"start":{"line":77,"column":12},"end":{"line":77,"column":77}},"32":{"start":{"line":77,"column":27},"end":{"line":77,"column":77}},"33":{"start":{"line":78,"column":31},"end":{"line":78,"column":84}},"34":{"start":{"line":79,"column":12},"end":{"line":79,"column":85}},"35":{"start":{"line":79,"column":31},"end":{"line":79,"column":85}},"36":{"start":{"line":80,"column":29},"end":{"line":80,"column":129}},"37":{"start":{"line":81,"column":32},"end":{"line":81,"column":69}},"38":{"start":{"line":83,"column":34},"end":{"line":83,"column":64}},"39":{"start":{"line":85,"column":32},"end":{"line":92,"column":14}},"40":{"start":{"line":94,"column":23},"end":{"line":100,"column":13}},"41":{"start":{"line":101,"column":12},"end":{"line":105,"column":14}},"42":{"start":{"line":102,"column":16},"end":{"line":104,"column":17}},"43":{"start":{"line":103,"column":20},"end":{"line":103,"column":31}},"44":{"start":{"line":107,"column":12},"end":{"line":107,"column":47}},"45":{"start":{"line":112,"column":12},"end":{"line":112,"column":21}},"46":{"start":{"line":117,"column":21},"end":{"line":117,"column":31}},"47":{"start":{"line":118,"column":8},"end":{"line":155,"column":9}},"48":{"start":{"line":119,"column":28},"end":{"line":119,"column":65}},"49":{"start":{"line":121,"column":12},"end":{"line":151,"column":13}},"50":{"start":{"line":122,"column":16},"end":{"line":122,"column":67}},"51":{"start":{"line":125,"column":38},"end":{"line":125,"column":68}},"52":{"start":{"line":127,"column":32},"end":{"line":134,"column":14}},"53":{"start":{"line":136,"column":23},"end":{"line":142,"column":13}},"54":{"start":{"line":143,"column":12},"end":{"line":147,"column":14}},"55":{"start":{"line":144,"column":16},"end":{"line":146,"column":17}},"56":{"start":{"line":145,"column":20},"end":{"line":145,"column":31}},"57":{"start":{"line":149,"column":16},"end":{"line":149,"column":55}},"58":{"start":{"line":154,"column":12},"end":{"line":154,"column":21}},"59":{"start":{"line":160,"column":0},"end":{"line":160,"column":31}}},"fnMap":{"0":{"name":"(anonymous_0)","decl":{"start":{"line":9,"column":4},"end":{"line":9,"column":5}},"loc":{"start":{"line":9,"column":41},"end":{"line":23,"column":5}},"line":9},"1":{"name":"(anonymous_1)","decl":{"start":{"line":25,"column":4},"end":{"line":25,"column":5}},"loc":{"start":{"line":25,"column":44},"end":{"line":70,"column":5}},"line":25},"2":{"name":"(anonymous_2)","decl":{"start":{"line":59,"column":39},"end":{"line":59,"column":40}},"loc":{"start":{"line":59,"column":56},"end":{"line":63,"column":13}},"line":59},"3":{"name":"(anonymous_3)","decl":{"start":{"line":71,"column":4},"end":{"line":71,"column":5}},"loc":{"start":{"line":71,"column":42},"end":{"line":114,"column":5}},"line":71},"4":{"name":"(anonymous_4)","decl":{"start":{"line":101,"column":39},"end":{"line":101,"column":40}},"loc":{"start":{"line":101,"column":56},"end":{"line":105,"column":13}},"line":101},"5":{"name":"(anonymous_5)","decl":{"start":{"line":116,"column":4},"end":{"line":116,"column":5}},"loc":{"start":{"line":116,"column":44},"end":{"line":156,"column":5}},"line":116},"6":{"name":"(anonymous_6)","decl":{"start":{"line":143,"column":39},"end":{"line":143,"column":40}},"loc":{"start":{"line":143,"column":56},"end":{"line":147,"column":13}},"line":143}},"branchMap":{"0":{"loc":{"start":{"line":13,"column":12},"end":{"line":18,"column":13}},"type":"if","locations":[{"start":{"line":13,"column":12},"end":{"line":18,"column":13}},{"start":{"line":13,"column":12},"end":{"line":18,"column":13}}],"line":13},"1":{"loc":{"start":{"line":60,"column":16},"end":{"line":62,"column":17}},"type":"if","locations":[{"start":{"line":60,"column":16},"end":{"line":62,"column":17}},{"start":{"line":60,"column":16},"end":{"line":62,"column":17}}],"line":60},"2":{"loc":{"start":{"line":75,"column":12},"end":{"line":75,"column":75}},"type":"if","locations":[{"start":{"line":75,"column":12},"end":{"line":75,"column":75}},{"start":{"line":75,"column":12},"end":{"line":75,"column":75}}],"line":75},"3":{"loc":{"start":{"line":77,"column":12},"end":{"line":77,"column":77}},"type":"if","locations":[{"start":{"line":77,"column":12},"end":{"line":77,"column":77}},{"start":{"line":77,"column":12},"end":{"line":77,"column":77}}],"line":77},"4":{"loc":{"start":{"line":79,"column":12},"end":{"line":79,"column":85}},"type":"if","locations":[{"start":{"line":79,"column":12},"end":{"line":79,"column":85}},{"start":{"line":79,"column":12},"end":{"line":79,"column":85}}],"line":79},"5":{"loc":{"start":{"line":102,"column":16},"end":{"line":104,"column":17}},"type":"if","locations":[{"start":{"line":102,"column":16},"end":{"line":104,"column":17}},{"start":{"line":102,"column":16},"end":{"line":104,"column":17}}],"line":102},"6":{"loc":{"start":{"line":121,"column":12},"end":{"line":151,"column":13}},"type":"if","locations":[{"start":{"line":121,"column":12},"end":{"line":151,"column":13}},{"start":{"line":121,"column":12},"end":{"line":151,"column":13}}],"line":121},"7":{"loc":{"start":{"line":144,"column":16},"end":{"line":146,"column":17}},"type":"if","locations":[{"start":{"line":144,"column":16},"end":{"line":146,"column":17}},{"start":{"line":144,"column":16},"end":{"line":146,"column":17}}],"line":144}},"s":{"0":6,"1":6,"2":6,"3":6,"4":6,"5":2,"6":2,"7":2,"8":2,"9":1,"10":1,"11":1,"12":9,"13":9,"14":9,"15":2,"16":2,"17":2,"18":2,"19":2,"20":2,"21":0,"22":0,"23":2,"24":7,"25":4,"26":4,"27":4,"28":4,"29":1,"30":3,"31":3,"32":1,"33":2,"34":2,"35":1,"36":1,"37":1,"38":1,"39":1,"40":1,"41":1,"42":0,"43":0,"44":1,"45":3,"46":2,"47":2,"48":2,"49":2,"50":1,"51":1,"52":1,"53":1,"54":1,"55":0,"56":0,"57":1,"58":1,"59":6},"f":{"0":2,"1":9,"2":0,"3":4,"4":0,"5":2,"6":0},"b":{"0":[1,1],"1":[0,0],"2":[1,3],"3":[1,2],"4":[1,1],"5":[0,0],"6":[1,1],"7":[0,0]},"_coverageSchema":"1a1c01bbd47fc00a2c39e90264f33305004495a9","hash":"c6630835b29a65b05da771fea0b2294fe7e904ca"}
,"D:\\Hacktiv8\\Final_Project\\Cando\\server\\controllers\\userController.js": {"path":"D:\\Hacktiv8\\Final_Project\\Cando\\server\\controllers\\userController.js","statementMap":{"0":{"start":{"line":1,"column":62},"end":{"line":1,"column":82}},"1":{"start":{"line":2,"column":40},"end":{"line":2,"column":70}},"2":{"start":{"line":3,"column":24},"end":{"line":3,"column":49}},"3":{"start":{"line":9,"column":34},"end":{"line":9,"column":42}},"4":{"start":{"line":10,"column":8},"end":{"line":56,"column":9}},"5":{"start":{"line":11,"column":12},"end":{"line":50,"column":13}},"6":{"start":{"line":12,"column":16},"end":{"line":12,"column":77}},"7":{"start":{"line":16,"column":31},"end":{"line":16,"column":71}},"8":{"start":{"line":18,"column":16},"end":{"line":49,"column":17}},"9":{"start":{"line":19,"column":20},"end":{"line":19,"column":75}},"10":{"start":{"line":23,"column":20},"end":{"line":48,"column":21}},"11":{"start":{"line":24,"column":24},"end":{"line":24,"column":79}},"12":{"start":{"line":27,"column":36},"end":{"line":27,"column":170}},"13":{"start":{"line":29,"column":43},"end":{"line":29,"column":108}},"14":{"start":{"line":30,"column":45},"end":{"line":30,"column":71}},"15":{"start":{"line":32,"column":45},"end":{"line":34,"column":26}},"16":{"start":{"line":33,"column":28},"end":{"line":33,"column":49}},"17":{"start":{"line":35,"column":39},"end":{"line":35,"column":41}},"18":{"start":{"line":36,"column":24},"end":{"line":42,"column":25}},"19":{"start":{"line":36,"column":37},"end":{"line":36,"column":38}},"20":{"start":{"line":37,"column":28},"end":{"line":41,"column":29}},"21":{"start":{"line":37,"column":41},"end":{"line":37,"column":42}},"22":{"start":{"line":38,"column":32},"end":{"line":40,"column":33}},"23":{"start":{"line":39,"column":36},"end":{"line":39,"column":68}},"24":{"start":{"line":43,"column":24},"end":{"line":45,"column":26}},"25":{"start":{"line":44,"column":28},"end":{"line":44,"column":61}},"26":{"start":{"line":47,"column":24},"end":{"line":47,"column":167}},"27":{"start":{"line":55,"column":12},"end":{"line":55,"column":21}},"28":{"start":{"line":61,"column":74},"end":{"line":61,"column":82}},"29":{"start":{"line":62,"column":8},"end":{"line":87,"column":9}},"30":{"start":{"line":63,"column":32},"end":{"line":63,"column":72}},"31":{"start":{"line":64,"column":12},"end":{"line":82,"column":13}},"32":{"start":{"line":65,"column":36},"end":{"line":65,"column":62}},"33":{"start":{"line":66,"column":39},"end":{"line":66,"column":86}},"34":{"start":{"line":66,"column":65},"end":{"line":66,"column":85}},"35":{"start":{"line":67,"column":16},"end":{"line":77,"column":17}},"36":{"start":{"line":68,"column":20},"end":{"line":68,"column":79}},"37":{"start":{"line":71,"column":34},"end":{"line":71,"column":98}},"38":{"start":{"line":73,"column":20},"end":{"line":73,"column":86}},"39":{"start":{"line":75,"column":20},"end":{"line":75,"column":49}},"40":{"start":{"line":81,"column":16},"end":{"line":81,"column":67}},"41":{"start":{"line":86,"column":12},"end":{"line":86,"column":21}},"42":{"start":{"line":90,"column":21},"end":{"line":90,"column":31}},"43":{"start":{"line":91,"column":8},"end":{"line":105,"column":9}},"44":{"start":{"line":92,"column":30},"end":{"line":92,"column":67}},"45":{"start":{"line":94,"column":12},"end":{"line":100,"column":13}},"46":{"start":{"line":95,"column":16},"end":{"line":95,"column":66}},"47":{"start":{"line":98,"column":16},"end":{"line":98,"column":72}},"48":{"start":{"line":99,"column":16},"end":{"line":99,"column":60}},"49":{"start":{"line":104,"column":12},"end":{"line":104,"column":21}},"50":{"start":{"line":109,"column":39},"end":{"line":109,"column":47}},"51":{"start":{"line":110,"column":8},"end":{"line":134,"column":9}},"52":{"start":{"line":111,"column":12},"end":{"line":111,"column":110}},"53":{"start":{"line":111,"column":42},"end":{"line":111,"column":110}},"54":{"start":{"line":112,"column":29},"end":{"line":112,"column":74}},"55":{"start":{"line":113,"column":35},"end":{"line":113,"column":92}},"56":{"start":{"line":114,"column":12},"end":{"line":129,"column":13}},"57":{"start":{"line":115,"column":16},"end":{"line":115,"column":82}},"58":{"start":{"line":119,"column":34},"end":{"line":119,"column":100}},"59":{"start":{"line":121,"column":16},"end":{"line":127,"column":17}},"60":{"start":{"line":122,"column":20},"end":{"line":122,"column":93}},"61":{"start":{"line":125,"column":20},"end":{"line":125,"column":74}},"62":{"start":{"line":126,"column":20},"end":{"line":126,"column":114}},"63":{"start":{"line":133,"column":12},"end":{"line":133,"column":21}},"64":{"start":{"line":139,"column":39},"end":{"line":139,"column":47}},"65":{"start":{"line":140,"column":8},"end":{"line":158,"column":9}},"66":{"start":{"line":141,"column":12},"end":{"line":141,"column":75}},"67":{"start":{"line":141,"column":25},"end":{"line":141,"column":75}},"68":{"start":{"line":142,"column":12},"end":{"line":142,"column":87}},"69":{"start":{"line":142,"column":31},"end":{"line":142,"column":87}},"70":{"start":{"line":143,"column":37},"end":{"line":143,"column":103}},"71":{"start":{"line":144,"column":27},"end":{"line":144,"column":72}},"72":{"start":{"line":145,"column":33},"end":{"line":145,"column":90}},"73":{"start":{"line":146,"column":12},"end":{"line":146,"column":77}},"74":{"start":{"line":146,"column":27},"end":{"line":146,"column":77}},"75":{"start":{"line":147,"column":12},"end":{"line":147,"column":89}},"76":{"start":{"line":147,"column":33},"end":{"line":147,"column":89}},"77":{"start":{"line":148,"column":12},"end":{"line":154,"column":13}},"78":{"start":{"line":149,"column":16},"end":{"line":149,"column":90}},"79":{"start":{"line":152,"column":16},"end":{"line":152,"column":82}},"80":{"start":{"line":153,"column":16},"end":{"line":153,"column":122}},"81":{"start":{"line":157,"column":12},"end":{"line":157,"column":21}},"82":{"start":{"line":162,"column":54},"end":{"line":162,"column":66}},"83":{"start":{"line":163,"column":23},"end":{"line":163,"column":62}},"84":{"start":{"line":164,"column":27},"end":{"line":164,"column":83}},"85":{"start":{"line":165,"column":29},"end":{"line":165,"column":55}},"86":{"start":{"line":166,"column":23},"end":{"line":166,"column":130}},"87":{"start":{"line":168,"column":29},"end":{"line":170,"column":10}},"88":{"start":{"line":169,"column":12},"end":{"line":169,"column":33}},"89":{"start":{"line":171,"column":23},"end":{"line":171,"column":25}},"90":{"start":{"line":172,"column":8},"end":{"line":178,"column":9}},"91":{"start":{"line":172,"column":21},"end":{"line":172,"column":22}},"92":{"start":{"line":173,"column":12},"end":{"line":177,"column":13}},"93":{"start":{"line":173,"column":25},"end":{"line":173,"column":26}},"94":{"start":{"line":174,"column":16},"end":{"line":176,"column":17}},"95":{"start":{"line":175,"column":20},"end":{"line":175,"column":52}},"96":{"start":{"line":179,"column":8},"end":{"line":181,"column":10}},"97":{"start":{"line":180,"column":12},"end":{"line":180,"column":45}},"98":{"start":{"line":185,"column":8},"end":{"line":185,"column":62}},"99":{"start":{"line":190,"column":0},"end":{"line":190,"column":31}}},"fnMap":{"0":{"name":"(anonymous_0)","decl":{"start":{"line":8,"column":4},"end":{"line":8,"column":5}},"loc":{"start":{"line":8,"column":39},"end":{"line":58,"column":5}},"line":8},"1":{"name":"(anonymous_1)","decl":{"start":{"line":32,"column":62},"end":{"line":32,"column":63}},"loc":{"start":{"line":32,"column":67},"end":{"line":34,"column":25}},"line":32},"2":{"name":"(anonymous_2)","decl":{"start":{"line":43,"column":48},"end":{"line":43,"column":49}},"loc":{"start":{"line":43,"column":53},"end":{"line":45,"column":25}},"line":43},"3":{"name":"(anonymous_3)","decl":{"start":{"line":60,"column":4},"end":{"line":60,"column":5}},"loc":{"start":{"line":60,"column":44},"end":{"line":88,"column":5}},"line":60},"4":{"name":"(anonymous_4)","decl":{"start":{"line":66,"column":60},"end":{"line":66,"column":61}},"loc":{"start":{"line":66,"column":65},"end":{"line":66,"column":85}},"line":66},"5":{"name":"(anonymous_5)","decl":{"start":{"line":89,"column":4},"end":{"line":89,"column":5}},"loc":{"start":{"line":89,"column":44},"end":{"line":106,"column":5}},"line":89},"6":{"name":"(anonymous_6)","decl":{"start":{"line":108,"column":4},"end":{"line":108,"column":5}},"loc":{"start":{"line":108,"column":53},"end":{"line":136,"column":5}},"line":108},"7":{"name":"(anonymous_7)","decl":{"start":{"line":138,"column":4},"end":{"line":138,"column":5}},"loc":{"start":{"line":138,"column":58},"end":{"line":160,"column":5}},"line":138},"8":{"name":"(anonymous_8)","decl":{"start":{"line":161,"column":4},"end":{"line":161,"column":5}},"loc":{"start":{"line":161,"column":49},"end":{"line":186,"column":5}},"line":161},"9":{"name":"(anonymous_9)","decl":{"start":{"line":168,"column":46},"end":{"line":168,"column":47}},"loc":{"start":{"line":168,"column":51},"end":{"line":170,"column":9}},"line":168},"10":{"name":"(anonymous_10)","decl":{"start":{"line":179,"column":32},"end":{"line":179,"column":33}},"loc":{"start":{"line":179,"column":37},"end":{"line":181,"column":9}},"line":179}},"branchMap":{"0":{"loc":{"start":{"line":11,"column":12},"end":{"line":50,"column":13}},"type":"if","locations":[{"start":{"line":11,"column":12},"end":{"line":50,"column":13}},{"start":{"line":11,"column":12},"end":{"line":50,"column":13}}],"line":11},"1":{"loc":{"start":{"line":11,"column":16},"end":{"line":11,"column":35}},"type":"binary-expr","locations":[{"start":{"line":11,"column":16},"end":{"line":11,"column":22}},{"start":{"line":11,"column":26},"end":{"line":11,"column":35}}],"line":11},"2":{"loc":{"start":{"line":18,"column":16},"end":{"line":49,"column":17}},"type":"if","locations":[{"start":{"line":18,"column":16},"end":{"line":49,"column":17}},{"start":{"line":18,"column":16},"end":{"line":49,"column":17}}],"line":18},"3":{"loc":{"start":{"line":23,"column":20},"end":{"line":48,"column":21}},"type":"if","locations":[{"start":{"line":23,"column":20},"end":{"line":48,"column":21}},{"start":{"line":23,"column":20},"end":{"line":48,"column":21}}],"line":23},"4":{"loc":{"start":{"line":38,"column":32},"end":{"line":40,"column":33}},"type":"if","locations":[{"start":{"line":38,"column":32},"end":{"line":40,"column":33}},{"start":{"line":38,"column":32},"end":{"line":40,"column":33}}],"line":38},"5":{"loc":{"start":{"line":64,"column":12},"end":{"line":82,"column":13}},"type":"if","locations":[{"start":{"line":64,"column":12},"end":{"line":82,"column":13}},{"start":{"line":64,"column":12},"end":{"line":82,"column":13}}],"line":64},"6":{"loc":{"start":{"line":67,"column":16},"end":{"line":77,"column":17}},"type":"if","locations":[{"start":{"line":67,"column":16},"end":{"line":77,"column":17}},{"start":{"line":67,"column":16},"end":{"line":77,"column":17}}],"line":67},"7":{"loc":{"start":{"line":94,"column":12},"end":{"line":100,"column":13}},"type":"if","locations":[{"start":{"line":94,"column":12},"end":{"line":100,"column":13}},{"start":{"line":94,"column":12},"end":{"line":100,"column":13}}],"line":94},"8":{"loc":{"start":{"line":111,"column":12},"end":{"line":111,"column":110}},"type":"if","locations":[{"start":{"line":111,"column":12},"end":{"line":111,"column":110}},{"start":{"line":111,"column":12},"end":{"line":111,"column":110}}],"line":111},"9":{"loc":{"start":{"line":111,"column":16},"end":{"line":111,"column":40}},"type":"binary-expr","locations":[{"start":{"line":111,"column":16},"end":{"line":111,"column":23}},{"start":{"line":111,"column":27},"end":{"line":111,"column":40}}],"line":111},"10":{"loc":{"start":{"line":114,"column":12},"end":{"line":129,"column":13}},"type":"if","locations":[{"start":{"line":114,"column":12},"end":{"line":129,"column":13}},{"start":{"line":114,"column":12},"end":{"line":129,"column":13}}],"line":114},"11":{"loc":{"start":{"line":114,"column":16},"end":{"line":114,"column":48}},"type":"binary-expr","locations":[{"start":{"line":114,"column":16},"end":{"line":114,"column":27}},{"start":{"line":114,"column":31},"end":{"line":114,"column":48}}],"line":114},"12":{"loc":{"start":{"line":121,"column":16},"end":{"line":127,"column":17}},"type":"if","locations":[{"start":{"line":121,"column":16},"end":{"line":127,"column":17}},{"start":{"line":121,"column":16},"end":{"line":127,"column":17}}],"line":121},"13":{"loc":{"start":{"line":141,"column":12},"end":{"line":141,"column":75}},"type":"if","locations":[{"start":{"line":141,"column":12},"end":{"line":141,"column":75}},{"start":{"line":141,"column":12},"end":{"line":141,"column":75}}],"line":141},"14":{"loc":{"start":{"line":142,"column":12},"end":{"line":142,"column":87}},"type":"if","locations":[{"start":{"line":142,"column":12},"end":{"line":142,"column":87}},{"start":{"line":142,"column":12},"end":{"line":142,"column":87}}],"line":142},"15":{"loc":{"start":{"line":146,"column":12},"end":{"line":146,"column":77}},"type":"if","locations":[{"start":{"line":146,"column":12},"end":{"line":146,"column":77}},{"start":{"line":146,"column":12},"end":{"line":146,"column":77}}],"line":146},"16":{"loc":{"start":{"line":147,"column":12},"end":{"line":147,"column":89}},"type":"if","locations":[{"start":{"line":147,"column":12},"end":{"line":147,"column":89}},{"start":{"line":147,"column":12},"end":{"line":147,"column":89}}],"line":147},"17":{"loc":{"start":{"line":148,"column":12},"end":{"line":154,"column":13}},"type":"if","locations":[{"start":{"line":148,"column":12},"end":{"line":154,"column":13}},{"start":{"line":148,"column":12},"end":{"line":154,"column":13}}],"line":148},"18":{"loc":{"start":{"line":174,"column":16},"end":{"line":176,"column":17}},"type":"if","locations":[{"start":{"line":174,"column":16},"end":{"line":176,"column":17}},{"start":{"line":174,"column":16},"end":{"line":176,"column":17}}],"line":174}},"s":{"0":6,"1":6,"2":6,"3":5,"4":5,"5":5,"6":2,"7":3,"8":3,"9":1,"10":2,"11":1,"12":1,"13":1,"14":1,"15":1,"16":1,"17":1,"18":1,"19":1,"20":1,"21":1,"22":2,"23":1,"24":1,"25":1,"26":1,"27":4,"28":3,"29":3,"30":3,"31":3,"32":2,"33":2,"34":4,"35":2,"36":1,"37":1,"38":1,"39":1,"40":1,"41":2,"42":2,"43":2,"44":2,"45":2,"46":1,"47":1,"48":1,"49":1,"50":4,"51":4,"52":4,"53":1,"54":3,"55":3,"56":3,"57":1,"58":2,"59":2,"60":1,"61":1,"62":1,"63":3,"64":6,"65":6,"66":6,"67":1,"68":5,"69":1,"70":4,"71":4,"72":4,"73":4,"74":1,"75":3,"76":1,"77":2,"78":1,"79":1,"80":1,"81":5,"82":1,"83":1,"84":1,"85":1,"86":1,"87":1,"88":1,"89":1,"90":1,"91":1,"92":1,"93":1,"94":2,"95":1,"96":1,"97":1,"98":1,"99":6},"f":{"0":5,"1":1,"2":1,"3":3,"4":4,"5":2,"6":4,"7":6,"8":1,"9":1,"10":1},"b":{"0":[2,3],"1":[5,4],"2":[1,2],"3":[1,1],"4":[1,1],"5":[2,1],"6":[1,1],"7":[1,1],"8":[1,3],"9":[4,3],"10":[1,2],"11":[3,3],"12":[1,1],"13":[1,5],"14":[1,4],"15":[1,3],"16":[1,2],"17":[1,1],"18":[1,1]},"_coverageSchema":"1a1c01bbd47fc00a2c39e90264f33305004495a9","hash":"95471d6ee89a4e6b27d442893856846ef2d155ce"}
,"D:\\Hacktiv8\\Final_Project\\Cando\\server\\helpers\\bcryptjs.js": {"path":"D:\\Hacktiv8\\Final_Project\\Cando\\server\\helpers\\bcryptjs.js","statementMap":{"0":{"start":{"line":1,"column":15},"end":{"line":1,"column":34}},"1":{"start":{"line":2,"column":13},"end":{"line":2,"column":35}},"2":{"start":{"line":6,"column":15},"end":{"line":6,"column":46}},"3":{"start":{"line":7,"column":4},"end":{"line":7,"column":15}},"4":{"start":{"line":11,"column":4},"end":{"line":11,"column":53}},"5":{"start":{"line":14,"column":0},"end":{"line":14,"column":48}}},"fnMap":{"0":{"name":"hashPassword","decl":{"start":{"line":5,"column":9},"end":{"line":5,"column":21}},"loc":{"start":{"line":5,"column":32},"end":{"line":8,"column":1}},"line":5},"1":{"name":"checkPassword","decl":{"start":{"line":10,"column":9},"end":{"line":10,"column":22}},"loc":{"start":{"line":10,"column":47},"end":{"line":12,"column":1}},"line":10}},"branchMap":{},"s":{"0":6,"1":6,"2":1,"3":1,"4":2,"5":6},"f":{"0":1,"1":2},"b":{},"_coverageSchema":"1a1c01bbd47fc00a2c39e90264f33305004495a9","hash":"e138389d078ff09eb882ad224f277ffeb3609d50"}
,"D:\\Hacktiv8\\Final_Project\\Cando\\server\\helpers\\deleteTaskMail.js": {"path":"D:\\Hacktiv8\\Final_Project\\Cando\\server\\helpers\\deleteTaskMail.js","statementMap":{"0":{"start":{"line":1,"column":21},"end":{"line":277,"column":1}},"1":{"start":{"line":279,"column":0},"end":{"line":279,"column":29}}},"fnMap":{},"branchMap":{},"s":{"0":6,"1":6},"f":{},"b":{},"_coverageSchema":"1a1c01bbd47fc00a2c39e90264f33305004495a9","hash":"95d170488dce7276a44c8e9cb08cfb4808426a44"}
,"D:\\Hacktiv8\\Final_Project\\Cando\\server\\helpers\\jwt.js": {"path":"D:\\Hacktiv8\\Final_Project\\Cando\\server\\helpers\\jwt.js","statementMap":{"0":{"start":{"line":1,"column":12},"end":{"line":1,"column":35}},"1":{"start":{"line":2,"column":15},"end":{"line":2,"column":22}},"2":{"start":{"line":5,"column":4},"end":{"line":5,"column":33}},"3":{"start":{"line":9,"column":4},"end":{"line":9,"column":36}},"4":{"start":{"line":13,"column":0},"end":{"line":13,"column":45}}},"fnMap":{"0":{"name":"createToken","decl":{"start":{"line":4,"column":9},"end":{"line":4,"column":20}},"loc":{"start":{"line":4,"column":27},"end":{"line":6,"column":1}},"line":4},"1":{"name":"verifyToken","decl":{"start":{"line":8,"column":9},"end":{"line":8,"column":20}},"loc":{"start":{"line":8,"column":28},"end":{"line":10,"column":1}},"line":8}},"branchMap":{},"s":{"0":6,"1":6,"2":12,"3":50,"4":6},"f":{"0":12,"1":50},"b":{},"_coverageSchema":"1a1c01bbd47fc00a2c39e90264f33305004495a9","hash":"10547a6181193ccb71b10f327c78a24ef48079f8"}
,"D:\\Hacktiv8\\Final_Project\\Cando\\server\\helpers\\newTaskMail.js": {"path":"D:\\Hacktiv8\\Final_Project\\Cando\\server\\helpers\\newTaskMail.js","statementMap":{"0":{"start":{"line":1,"column":19},"end":{"line":277,"column":1}},"1":{"start":{"line":279,"column":0},"end":{"line":279,"column":27}}},"fnMap":{},"branchMap":{},"s":{"0":6,"1":6},"f":{},"b":{},"_coverageSchema":"1a1c01bbd47fc00a2c39e90264f33305004495a9","hash":"d63eecef449d75563eeda1963ac6b20e94cbb65d"}
,"D:\\Hacktiv8\\Final_Project\\Cando\\server\\helpers\\rooms.js": {"path":"D:\\Hacktiv8\\Final_Project\\Cando\\server\\helpers\\rooms.js","statementMap":{"0":{"start":{"line":1,"column":23},"end":{"line":1,"column":43}},"1":{"start":{"line":3,"column":19},"end":{"line":25,"column":1}},"2":{"start":{"line":4,"column":17},"end":{"line":9,"column":4}},"3":{"start":{"line":11,"column":2},"end":{"line":22,"column":23}},"4":{"start":{"line":13,"column":6},"end":{"line":20,"column":9}},"5":{"start":{"line":14,"column":8},"end":{"line":19,"column":10}},"6":{"start":{"line":24,"column":2},"end":{"line":24,"column":17}},"7":{"start":{"line":27,"column":0},"end":{"line":27,"column":27}}},"fnMap":{"0":{"name":"(anonymous_0)","decl":{"start":{"line":3,"column":19},"end":{"line":3,"column":20}},"loc":{"start":{"line":3,"column":25},"end":{"line":25,"column":1}},"line":3},"1":{"name":"(anonymous_1)","decl":{"start":{"line":12,"column":10},"end":{"line":12,"column":11}},"loc":{"start":{"line":12,"column":20},"end":{"line":21,"column":5}},"line":12},"2":{"name":"(anonymous_2)","decl":{"start":{"line":13,"column":19},"end":{"line":13,"column":20}},"loc":{"start":{"line":13,"column":39},"end":{"line":20,"column":7}},"line":13}},"branchMap":{},"s":{"0":1,"1":1,"2":1,"3":1,"4":0,"5":0,"6":1,"7":1},"f":{"0":1,"1":0,"2":0},"b":{},"_coverageSchema":"1a1c01bbd47fc00a2c39e90264f33305004495a9","hash":"9f11a87ff6b9ad3528c70a9d794d27b7e379749e"}
,"D:\\Hacktiv8\\Final_Project\\Cando\\server\\helpers\\updateTaskMail.js": {"path":"D:\\Hacktiv8\\Final_Project\\Cando\\server\\helpers\\updateTaskMail.js","statementMap":{"0":{"start":{"line":1,"column":21},"end":{"line":277,"column":1}},"1":{"start":{"line":279,"column":0},"end":{"line":279,"column":29}}},"fnMap":{},"branchMap":{},"s":{"0":6,"1":6},"f":{},"b":{},"_coverageSchema":"1a1c01bbd47fc00a2c39e90264f33305004495a9","hash":"3bc503ccb8df95265a197dd2136e5c7dadfe8c7d"}
,"D:\\Hacktiv8\\Final_Project\\Cando\\server\\middleware\\authentication.js": {"path":"D:\\Hacktiv8\\Final_Project\\Cando\\server\\middleware\\authentication.js","statementMap":{"0":{"start":{"line":1,"column":17},"end":{"line":1,"column":37}},"1":{"start":{"line":2,"column":24},"end":{"line":2,"column":49}},"2":{"start":{"line":6,"column":20},"end":{"line":6,"column":31}},"3":{"start":{"line":7,"column":4},"end":{"line":7,"column":39}},"4":{"start":{"line":8,"column":4},"end":{"line":29,"column":5}},"5":{"start":{"line":9,"column":8},"end":{"line":24,"column":9}},"6":{"start":{"line":10,"column":12},"end":{"line":10,"column":64}},"7":{"start":{"line":14,"column":26},"end":{"line":14,"column":44}},"8":{"start":{"line":15,"column":29},"end":{"line":15,"column":78}},"9":{"start":{"line":16,"column":12},"end":{"line":22,"column":13}},"10":{"start":{"line":17,"column":16},"end":{"line":17,"column":79}},"11":{"start":{"line":20,"column":16},"end":{"line":20,"column":38}},"12":{"start":{"line":21,"column":16},"end":{"line":21,"column":22}},"13":{"start":{"line":28,"column":8},"end":{"line":28,"column":17}},"14":{"start":{"line":37,"column":0},"end":{"line":37,"column":31}}},"fnMap":{"0":{"name":"authentication","decl":{"start":{"line":5,"column":15},"end":{"line":5,"column":29}},"loc":{"start":{"line":5,"column":46},"end":{"line":35,"column":1}},"line":5}},"branchMap":{"0":{"loc":{"start":{"line":9,"column":8},"end":{"line":24,"column":9}},"type":"if","locations":[{"start":{"line":9,"column":8},"end":{"line":24,"column":9}},{"start":{"line":9,"column":8},"end":{"line":24,"column":9}}],"line":9},"1":{"loc":{"start":{"line":16,"column":12},"end":{"line":22,"column":13}},"type":"if","locations":[{"start":{"line":16,"column":12},"end":{"line":22,"column":13}},{"start":{"line":16,"column":12},"end":{"line":22,"column":13}}],"line":16}},"s":{"0":6,"1":6,"2":50,"3":50,"4":50,"5":50,"6":1,"7":49,"8":48,"9":48,"10":1,"11":47,"12":47,"13":3,"14":6},"f":{"0":50},"b":{"0":[1,49],"1":[1,47]},"_coverageSchema":"1a1c01bbd47fc00a2c39e90264f33305004495a9","hash":"e9cd46cc838456033d575eaddf564e4343240971"}
,"D:\\Hacktiv8\\Final_Project\\Cando\\server\\middleware\\authorizationAdmin.js": {"path":"D:\\Hacktiv8\\Final_Project\\Cando\\server\\middleware\\authorizationAdmin.js","statementMap":{"0":{"start":{"line":1,"column":21},"end":{"line":1,"column":41}},"1":{"start":{"line":6,"column":40},"end":{"line":6,"column":52}},"2":{"start":{"line":8,"column":4},"end":{"line":20,"column":5}},"3":{"start":{"line":9,"column":8},"end":{"line":15,"column":9}},"4":{"start":{"line":10,"column":12},"end":{"line":10,"column":90}},"5":{"start":{"line":14,"column":12},"end":{"line":14,"column":18}},"6":{"start":{"line":19,"column":8},"end":{"line":19,"column":17}},"7":{"start":{"line":24,"column":0},"end":{"line":24,"column":35}}},"fnMap":{"0":{"name":"authorizationAdmin","decl":{"start":{"line":5,"column":15},"end":{"line":5,"column":33}},"loc":{"start":{"line":5,"column":50},"end":{"line":21,"column":1}},"line":5}},"branchMap":{"0":{"loc":{"start":{"line":9,"column":8},"end":{"line":15,"column":9}},"type":"if","locations":[{"start":{"line":9,"column":8},"end":{"line":15,"column":9}},{"start":{"line":9,"column":8},"end":{"line":15,"column":9}}],"line":9}},"s":{"0":6,"1":32,"2":32,"3":32,"4":3,"5":29,"6":3,"7":6},"f":{"0":32},"b":{"0":[3,29]},"_coverageSchema":"1a1c01bbd47fc00a2c39e90264f33305004495a9","hash":"e6409d7803e41094e808eaa37df17691768fb584"}
,"D:\\Hacktiv8\\Final_Project\\Cando\\server\\middleware\\authorizationDepartment.js": {"path":"D:\\Hacktiv8\\Final_Project\\Cando\\server\\middleware\\authorizationDepartment.js","statementMap":{"0":{"start":{"line":1,"column":28},"end":{"line":1,"column":48}},"1":{"start":{"line":5,"column":40},"end":{"line":5,"column":52}},"2":{"start":{"line":6,"column":23},"end":{"line":6,"column":36}},"3":{"start":{"line":7,"column":4},"end":{"line":19,"column":5}},"4":{"start":{"line":8,"column":30},"end":{"line":8,"column":100}},"5":{"start":{"line":9,"column":8},"end":{"line":15,"column":9}},"6":{"start":{"line":10,"column":12},"end":{"line":10,"column":18}},"7":{"start":{"line":14,"column":12},"end":{"line":14,"column":75}},"8":{"start":{"line":18,"column":8},"end":{"line":18,"column":17}},"9":{"start":{"line":24,"column":0},"end":{"line":24,"column":40}}},"fnMap":{"0":{"name":"authorizationDepartment","decl":{"start":{"line":4,"column":15},"end":{"line":4,"column":38}},"loc":{"start":{"line":4,"column":55},"end":{"line":21,"column":1}},"line":4}},"branchMap":{"0":{"loc":{"start":{"line":9,"column":8},"end":{"line":15,"column":9}},"type":"if","locations":[{"start":{"line":9,"column":8},"end":{"line":15,"column":9}},{"start":{"line":9,"column":8},"end":{"line":15,"column":9}}],"line":9},"1":{"loc":{"start":{"line":9,"column":12},"end":{"line":9,"column":51}},"type":"binary-expr","locations":[{"start":{"line":9,"column":12},"end":{"line":9,"column":27}},{"start":{"line":9,"column":31},"end":{"line":9,"column":51}}],"line":9}},"s":{"0":6,"1":3,"2":3,"3":3,"4":3,"5":3,"6":2,"7":1,"8":1,"9":6},"f":{"0":3},"b":{"0":[2,1],"1":[3,2]},"_coverageSchema":"1a1c01bbd47fc00a2c39e90264f33305004495a9","hash":"684422903e5ece1111d99ea0e865b135ac01d776"}
,"D:\\Hacktiv8\\Final_Project\\Cando\\server\\middleware\\authorizationEditTodo.js": {"path":"D:\\Hacktiv8\\Final_Project\\Cando\\server\\middleware\\authorizationEditTodo.js","statementMap":{"0":{"start":{"line":1,"column":17},"end":{"line":1,"column":37}},"1":{"start":{"line":4,"column":17},"end":{"line":4,"column":30}},"2":{"start":{"line":5,"column":40},"end":{"line":5,"column":52}},"3":{"start":{"line":7,"column":4},"end":{"line":25,"column":5}},"4":{"start":{"line":9,"column":23},"end":{"line":9,"column":68}},"5":{"start":{"line":11,"column":8},"end":{"line":21,"column":9}},"6":{"start":{"line":12,"column":12},"end":{"line":12,"column":64}},"7":{"start":{"line":15,"column":12},"end":{"line":20,"column":13}},"8":{"start":{"line":16,"column":16},"end":{"line":16,"column":22}},"9":{"start":{"line":19,"column":16},"end":{"line":19,"column":84}},"10":{"start":{"line":24,"column":8},"end":{"line":24,"column":17}},"11":{"start":{"line":31,"column":0},"end":{"line":31,"column":38}}},"fnMap":{"0":{"name":"authorizationEditTodo","decl":{"start":{"line":3,"column":15},"end":{"line":3,"column":36}},"loc":{"start":{"line":3,"column":53},"end":{"line":28,"column":1}},"line":3}},"branchMap":{"0":{"loc":{"start":{"line":11,"column":8},"end":{"line":21,"column":9}},"type":"if","locations":[{"start":{"line":11,"column":8},"end":{"line":21,"column":9}},{"start":{"line":11,"column":8},"end":{"line":21,"column":9}}],"line":11},"1":{"loc":{"start":{"line":15,"column":12},"end":{"line":20,"column":13}},"type":"if","locations":[{"start":{"line":15,"column":12},"end":{"line":20,"column":13}},{"start":{"line":15,"column":12},"end":{"line":20,"column":13}}],"line":15},"2":{"loc":{"start":{"line":15,"column":16},"end":{"line":15,"column":62}},"type":"binary-expr","locations":[{"start":{"line":15,"column":16},"end":{"line":15,"column":38}},{"start":{"line":15,"column":42},"end":{"line":15,"column":62}}],"line":15}},"s":{"0":6,"1":6,"2":6,"3":6,"4":6,"5":6,"6":1,"7":5,"8":4,"9":1,"10":2,"11":6},"f":{"0":6},"b":{"0":[1,5],"1":[4,1],"2":[5,2]},"_coverageSchema":"1a1c01bbd47fc00a2c39e90264f33305004495a9","hash":"a97577fb17a4003ad32a32eb097c51a4466ba52c"}
,"D:\\Hacktiv8\\Final_Project\\Cando\\server\\middleware\\errorHandler.js": {"path":"D:\\Hacktiv8\\Final_Project\\Cando\\server\\middleware\\errorHandler.js","statementMap":{"0":{"start":{"line":6,"column":4},"end":{"line":28,"column":5}},"1":{"start":{"line":9,"column":21},"end":{"line":9,"column":42}},"2":{"start":{"line":11,"column":12},"end":{"line":11,"column":37}},"3":{"start":{"line":14,"column":25},"end":{"line":16,"column":14}},"4":{"start":{"line":15,"column":16},"end":{"line":15,"column":34}},"5":{"start":{"line":17,"column":27},"end":{"line":17,"column":43}},"6":{"start":{"line":18,"column":12},"end":{"line":18,"column":42}},"7":{"start":{"line":21,"column":12},"end":{"line":23,"column":13}},"8":{"start":{"line":22,"column":16},"end":{"line":22,"column":32}},"9":{"start":{"line":24,"column":12},"end":{"line":26,"column":13}},"10":{"start":{"line":25,"column":16},"end":{"line":25,"column":49}},"11":{"start":{"line":27,"column":12},"end":{"line":27,"column":48}},"12":{"start":{"line":35,"column":0},"end":{"line":35,"column":27}}},"fnMap":{"0":{"name":"errHandler","decl":{"start":{"line":4,"column":9},"end":{"line":4,"column":19}},"loc":{"start":{"line":4,"column":41},"end":{"line":32,"column":1}},"line":4},"1":{"name":"(anonymous_1)","decl":{"start":{"line":14,"column":40},"end":{"line":14,"column":41}},"loc":{"start":{"line":14,"column":45},"end":{"line":16,"column":13}},"line":14}},"branchMap":{"0":{"loc":{"start":{"line":6,"column":4},"end":{"line":28,"column":5}},"type":"switch","locations":[{"start":{"line":7,"column":8},"end":{"line":11,"column":37}},{"start":{"line":13,"column":8},"end":{"line":18,"column":42}},{"start":{"line":20,"column":8},"end":{"line":27,"column":48}}],"line":6},"1":{"loc":{"start":{"line":21,"column":12},"end":{"line":23,"column":13}},"type":"if","locations":[{"start":{"line":21,"column":12},"end":{"line":23,"column":13}},{"start":{"line":21,"column":12},"end":{"line":23,"column":13}}],"line":21},"2":{"loc":{"start":{"line":24,"column":12},"end":{"line":26,"column":13}},"type":"if","locations":[{"start":{"line":24,"column":12},"end":{"line":26,"column":13}},{"start":{"line":24,"column":12},"end":{"line":26,"column":13}}],"line":24}},"s":{"0":47,"1":1,"2":1,"3":12,"4":17,"5":11,"6":11,"7":46,"8":11,"9":46,"10":11,"11":46,"12":6},"f":{"0":47,"1":17},"b":{"0":[1,12,46],"1":[11,35],"2":[11,35]},"_coverageSchema":"1a1c01bbd47fc00a2c39e90264f33305004495a9","hash":"88f5e4d4df6380bfd30a81de036f5e167039e269"}
,"D:\\Hacktiv8\\Final_Project\\Cando\\server\\models\\category.js": {"path":"D:\\Hacktiv8\\Final_Project\\Cando\\server\\models\\category.js","statementMap":{"0":{"start":{"line":4,"column":4},"end":{"line":4,"column":24}},"1":{"start":{"line":5,"column":0},"end":{"line":53,"column":2}},"2":{"start":{"line":14,"column":6},"end":{"line":14,"column":75}},"3":{"start":{"line":15,"column":6},"end":{"line":15,"column":65}},"4":{"start":{"line":19,"column":2},"end":{"line":51,"column":5}},"5":{"start":{"line":52,"column":2},"end":{"line":52,"column":18}}},"fnMap":{"0":{"name":"(anonymous_0)","decl":{"start":{"line":5,"column":17},"end":{"line":5,"column":18}},"loc":{"start":{"line":5,"column":43},"end":{"line":53,"column":1}},"line":5},"1":{"name":"(anonymous_1)","decl":{"start":{"line":12,"column":4},"end":{"line":12,"column":5}},"loc":{"start":{"line":12,"column":29},"end":{"line":17,"column":5}},"line":12}},"branchMap":{},"s":{"0":6,"1":6,"2":6,"3":6,"4":6,"5":6},"f":{"0":6,"1":6},"b":{},"_coverageSchema":"1a1c01bbd47fc00a2c39e90264f33305004495a9","hash":"ddc348f4f04717e349e44dc3ab5e060beb336288"}
,"D:\\Hacktiv8\\Final_Project\\Cando\\server\\models\\department.js": {"path":"D:\\Hacktiv8\\Final_Project\\Cando\\server\\models\\department.js","statementMap":{"0":{"start":{"line":4,"column":4},"end":{"line":4,"column":24}},"1":{"start":{"line":5,"column":0},"end":{"line":26,"column":2}},"2":{"start":{"line":14,"column":6},"end":{"line":14,"column":73}},"3":{"start":{"line":15,"column":6},"end":{"line":15,"column":80}},"4":{"start":{"line":19,"column":2},"end":{"line":24,"column":5}},"5":{"start":{"line":25,"column":2},"end":{"line":25,"column":20}}},"fnMap":{"0":{"name":"(anonymous_0)","decl":{"start":{"line":5,"column":17},"end":{"line":5,"column":18}},"loc":{"start":{"line":5,"column":43},"end":{"line":26,"column":1}},"line":5},"1":{"name":"(anonymous_1)","decl":{"start":{"line":12,"column":4},"end":{"line":12,"column":5}},"loc":{"start":{"line":12,"column":29},"end":{"line":17,"column":5}},"line":12}},"branchMap":{},"s":{"0":6,"1":6,"2":6,"3":6,"4":6,"5":6},"f":{"0":6,"1":6},"b":{},"_coverageSchema":"1a1c01bbd47fc00a2c39e90264f33305004495a9","hash":"0e486b4e3f9b85b7562a0b2b127d081f307860c3"}
,"D:\\Hacktiv8\\Final_Project\\Cando\\server\\models\\department_user.js": {"path":"D:\\Hacktiv8\\Final_Project\\Cando\\server\\models\\department_user.js","statementMap":{"0":{"start":{"line":4,"column":4},"end":{"line":4,"column":24}},"1":{"start":{"line":5,"column":0},"end":{"line":26,"column":2}},"2":{"start":{"line":14,"column":6},"end":{"line":14,"column":82}},"3":{"start":{"line":15,"column":6},"end":{"line":15,"column":70}},"4":{"start":{"line":18,"column":2},"end":{"line":24,"column":5}},"5":{"start":{"line":25,"column":2},"end":{"line":25,"column":25}}},"fnMap":{"0":{"name":"(anonymous_0)","decl":{"start":{"line":5,"column":17},"end":{"line":5,"column":18}},"loc":{"start":{"line":5,"column":43},"end":{"line":26,"column":1}},"line":5},"1":{"name":"(anonymous_1)","decl":{"start":{"line":12,"column":4},"end":{"line":12,"column":5}},"loc":{"start":{"line":12,"column":29},"end":{"line":16,"column":5}},"line":12}},"branchMap":{},"s":{"0":6,"1":6,"2":6,"3":6,"4":6,"5":6},"f":{"0":6,"1":6},"b":{},"_coverageSchema":"1a1c01bbd47fc00a2c39e90264f33305004495a9","hash":"95cd77e5487dcdc26885fa73e7b822d97403424b"}
,"D:\\Hacktiv8\\Final_Project\\Cando\\server\\models\\index.js": {"path":"D:\\Hacktiv8\\Final_Project\\Cando\\server\\models\\index.js","statementMap":{"0":{"start":{"line":3,"column":11},"end":{"line":3,"column":24}},"1":{"start":{"line":4,"column":13},"end":{"line":4,"column":28}},"2":{"start":{"line":5,"column":18},"end":{"line":5,"column":38}},"3":{"start":{"line":6,"column":17},"end":{"line":6,"column":42}},"4":{"start":{"line":7,"column":12},"end":{"line":7,"column":49}},"5":{"start":{"line":8,"column":15},"end":{"line":8,"column":65}},"6":{"start":{"line":9,"column":11},"end":{"line":9,"column":13}},"7":{"start":{"line":12,"column":0},"end":{"line":16,"column":1}},"8":{"start":{"line":13,"column":2},"end":{"line":13,"column":74}},"9":{"start":{"line":15,"column":2},"end":{"line":15,"column":87}},"10":{"start":{"line":18,"column":0},"end":{"line":26,"column":5}},"11":{"start":{"line":21,"column":4},"end":{"line":21,"column":90}},"12":{"start":{"line":24,"column":18},"end":{"line":24,"column":85}},"13":{"start":{"line":25,"column":4},"end":{"line":25,"column":27}},"14":{"start":{"line":28,"column":0},"end":{"line":32,"column":3}},"15":{"start":{"line":29,"column":2},"end":{"line":31,"column":3}},"16":{"start":{"line":30,"column":4},"end":{"line":30,"column":32}},"17":{"start":{"line":34,"column":0},"end":{"line":34,"column":25}},"18":{"start":{"line":35,"column":0},"end":{"line":35,"column":25}},"19":{"start":{"line":37,"column":0},"end":{"line":37,"column":20}}},"fnMap":{"0":{"name":"(anonymous_0)","decl":{"start":{"line":20,"column":10},"end":{"line":20,"column":11}},"loc":{"start":{"line":20,"column":18},"end":{"line":22,"column":3}},"line":20},"1":{"name":"(anonymous_1)","decl":{"start":{"line":23,"column":11},"end":{"line":23,"column":12}},"loc":{"start":{"line":23,"column":19},"end":{"line":26,"column":3}},"line":23},"2":{"name":"(anonymous_2)","decl":{"start":{"line":28,"column":24},"end":{"line":28,"column":25}},"loc":{"start":{"line":28,"column":37},"end":{"line":32,"column":1}},"line":28}},"branchMap":{"0":{"loc":{"start":{"line":7,"column":12},"end":{"line":7,"column":49}},"type":"binary-expr","locations":[{"start":{"line":7,"column":12},"end":{"line":7,"column":32}},{"start":{"line":7,"column":36},"end":{"line":7,"column":49}}],"line":7},"1":{"loc":{"start":{"line":12,"column":0},"end":{"line":16,"column":1}},"type":"if","locations":[{"start":{"line":12,"column":0},"end":{"line":16,"column":1}},{"start":{"line":12,"column":0},"end":{"line":16,"column":1}}],"line":12},"2":{"loc":{"start":{"line":21,"column":11},"end":{"line":21,"column":89}},"type":"binary-expr","locations":[{"start":{"line":21,"column":12},"end":{"line":21,"column":35}},{"start":{"line":21,"column":41},"end":{"line":21,"column":58}},{"start":{"line":21,"column":64},"end":{"line":21,"column":88}}],"line":21},"3":{"loc":{"start":{"line":29,"column":2},"end":{"line":31,"column":3}},"type":"if","locations":[{"start":{"line":29,"column":2},"end":{"line":31,"column":3}},{"start":{"line":29,"column":2},"end":{"line":31,"column":3}}],"line":29}},"s":{"0":6,"1":6,"2":6,"3":6,"4":6,"5":6,"6":6,"7":6,"8":0,"9":6,"10":6,"11":36,"12":30,"13":30,"14":6,"15":30,"16":30,"17":6,"18":6,"19":6},"f":{"0":36,"1":30,"2":30},"b":{"0":[6,0],"1":[0,6],"2":[36,36,30],"3":[30,0]},"_coverageSchema":"1a1c01bbd47fc00a2c39e90264f33305004495a9","hash":"f4826531346d6c222ca9d3384b0796ea2f2e7956"}
,"D:\\Hacktiv8\\Final_Project\\Cando\\server\\models\\todo.js": {"path":"D:\\Hacktiv8\\Final_Project\\Cando\\server\\models\\todo.js","statementMap":{"0":{"start":{"line":4,"column":4},"end":{"line":4,"column":24}},"1":{"start":{"line":5,"column":0},"end":{"line":108,"column":2}},"2":{"start":{"line":14,"column":6},"end":{"line":14,"column":67}},"3":{"start":{"line":15,"column":6},"end":{"line":15,"column":59}},"4":{"start":{"line":18,"column":2},"end":{"line":106,"column":5}},"5":{"start":{"line":107,"column":2},"end":{"line":107,"column":14}}},"fnMap":{"0":{"name":"(anonymous_0)","decl":{"start":{"line":5,"column":17},"end":{"line":5,"column":18}},"loc":{"start":{"line":5,"column":43},"end":{"line":108,"column":1}},"line":5},"1":{"name":"(anonymous_1)","decl":{"start":{"line":12,"column":4},"end":{"line":12,"column":5}},"loc":{"start":{"line":12,"column":29},"end":{"line":16,"column":5}},"line":12}},"branchMap":{},"s":{"0":6,"1":6,"2":6,"3":6,"4":6,"5":6},"f":{"0":6,"1":6},"b":{},"_coverageSchema":"1a1c01bbd47fc00a2c39e90264f33305004495a9","hash":"4ebc7396b06882f844918c394f5236b2246dfb35"}
,"D:\\Hacktiv8\\Final_Project\\Cando\\server\\models\\user.js": {"path":"D:\\Hacktiv8\\Final_Project\\Cando\\server\\models\\user.js","statementMap":{"0":{"start":{"line":2,"column":25},"end":{"line":2,"column":55}},"1":{"start":{"line":5,"column":4},"end":{"line":5,"column":24}},"2":{"start":{"line":6,"column":0},"end":{"line":100,"column":2}},"3":{"start":{"line":15,"column":6},"end":{"line":15,"column":57}},"4":{"start":{"line":16,"column":6},"end":{"line":16,"column":68}},"5":{"start":{"line":19,"column":2},"end":{"line":98,"column":5}},"6":{"start":{"line":95,"column":8},"end":{"line":95,"column":59}},"7":{"start":{"line":99,"column":2},"end":{"line":99,"column":14}}},"fnMap":{"0":{"name":"(anonymous_0)","decl":{"start":{"line":6,"column":17},"end":{"line":6,"column":18}},"loc":{"start":{"line":6,"column":43},"end":{"line":100,"column":1}},"line":6},"1":{"name":"(anonymous_1)","decl":{"start":{"line":13,"column":4},"end":{"line":13,"column":5}},"loc":{"start":{"line":13,"column":29},"end":{"line":17,"column":5}},"line":13},"2":{"name":"(anonymous_2)","decl":{"start":{"line":94,"column":20},"end":{"line":94,"column":21}},"loc":{"start":{"line":94,"column":34},"end":{"line":96,"column":7}},"line":94}},"branchMap":{},"s":{"0":6,"1":6,"2":6,"3":6,"4":6,"5":6,"6":1,"7":6},"f":{"0":6,"1":6,"2":1},"b":{},"_coverageSchema":"1a1c01bbd47fc00a2c39e90264f33305004495a9","hash":"36023c80a464d3355af489c23e3cd9a39c002209"}
,"D:\\Hacktiv8\\Final_Project\\Cando\\server\\routes\\categoryRoute.js": {"path":"D:\\Hacktiv8\\Final_Project\\Cando\\server\\routes\\categoryRoute.js","statementMap":{"0":{"start":{"line":1,"column":27},"end":{"line":1,"column":71}},"1":{"start":{"line":2,"column":27},"end":{"line":2,"column":70}},"2":{"start":{"line":4,"column":22},"end":{"line":4,"column":49}},"3":{"start":{"line":6,"column":0},"end":{"line":6,"column":71}},"4":{"start":{"line":7,"column":0},"end":{"line":7,"column":75}},"5":{"start":{"line":8,"column":0},"end":{"line":8,"column":70}},"6":{"start":{"line":9,"column":0},"end":{"line":9,"column":52}},"7":{"start":{"line":13,"column":0},"end":{"line":13,"column":30}}},"fnMap":{},"branchMap":{},"s":{"0":6,"1":6,"2":6,"3":6,"4":6,"5":6,"6":6,"7":6},"f":{},"b":{},"_coverageSchema":"1a1c01bbd47fc00a2c39e90264f33305004495a9","hash":"af59cd59d49bf5f7edd295da5febe4f4c70b7f35"}
,"D:\\Hacktiv8\\Final_Project\\Cando\\server\\routes\\dataRoute.js": {"path":"D:\\Hacktiv8\\Final_Project\\Cando\\server\\routes\\dataRoute.js","statementMap":{"0":{"start":{"line":1,"column":23},"end":{"line":1,"column":63}},"1":{"start":{"line":2,"column":18},"end":{"line":2,"column":40}},"2":{"start":{"line":3,"column":22},"end":{"line":3,"column":48}},"3":{"start":{"line":4,"column":23},"end":{"line":4,"column":62}},"4":{"start":{"line":5,"column":23},"end":{"line":5,"column":63}},"5":{"start":{"line":6,"column":32},"end":{"line":6,"column":80}},"6":{"start":{"line":7,"column":18},"end":{"line":7,"column":40}},"7":{"start":{"line":8,"column":23},"end":{"line":8,"column":63}},"8":{"start":{"line":9,"column":27},"end":{"line":9,"column":70}},"9":{"start":{"line":10,"column":25},"end":{"line":10,"column":67}},"10":{"start":{"line":12,"column":18},"end":{"line":12,"column":45}},"11":{"start":{"line":14,"column":0},"end":{"line":14,"column":52}},"12":{"start":{"line":15,"column":0},"end":{"line":15,"column":46}},"13":{"start":{"line":16,"column":0},"end":{"line":16,"column":50}},"14":{"start":{"line":17,"column":0},"end":{"line":17,"column":74}},"15":{"start":{"line":18,"column":0},"end":{"line":18,"column":49}},"16":{"start":{"line":19,"column":0},"end":{"line":19,"column":90}},"17":{"start":{"line":20,"column":0},"end":{"line":20,"column":49}},"18":{"start":{"line":21,"column":0},"end":{"line":21,"column":57}},"19":{"start":{"line":22,"column":0},"end":{"line":22,"column":104}},"20":{"start":{"line":23,"column":0},"end":{"line":23,"column":53}},"21":{"start":{"line":26,"column":0},"end":{"line":26,"column":26}}},"fnMap":{},"branchMap":{},"s":{"0":6,"1":6,"2":6,"3":6,"4":6,"5":6,"6":6,"7":6,"8":6,"9":6,"10":6,"11":6,"12":6,"13":6,"14":6,"15":6,"16":6,"17":6,"18":6,"19":6,"20":6,"21":6},"f":{},"b":{},"_coverageSchema":"1a1c01bbd47fc00a2c39e90264f33305004495a9","hash":"7b438fc6c9e6806193041215d64aa784e10018b4"}
,"D:\\Hacktiv8\\Final_Project\\Cando\\server\\routes\\homeRoute.js": {"path":"D:\\Hacktiv8\\Final_Project\\Cando\\server\\routes\\homeRoute.js","statementMap":{"0":{"start":{"line":1,"column":18},"end":{"line":1,"column":40}},"1":{"start":{"line":2,"column":18},"end":{"line":2,"column":45}},"2":{"start":{"line":4,"column":0},"end":{"line":4,"column":33}},"3":{"start":{"line":10,"column":0},"end":{"line":10,"column":26}}},"fnMap":{},"branchMap":{},"s":{"0":6,"1":6,"2":6,"3":6},"f":{},"b":{},"_coverageSchema":"1a1c01bbd47fc00a2c39e90264f33305004495a9","hash":"c9e7ddcaa817524114102626e57911da94f463a6"}
,"D:\\Hacktiv8\\Final_Project\\Cando\\server\\routes\\todoRoute.js": {"path":"D:\\Hacktiv8\\Final_Project\\Cando\\server\\routes\\todoRoute.js","statementMap":{"0":{"start":{"line":1,"column":23},"end":{"line":1,"column":63}},"1":{"start":{"line":2,"column":30},"end":{"line":2,"column":76}},"2":{"start":{"line":3,"column":27},"end":{"line":3,"column":70}},"3":{"start":{"line":5,"column":18},"end":{"line":5,"column":45}},"4":{"start":{"line":11,"column":0},"end":{"line":11,"column":69}},"5":{"start":{"line":12,"column":0},"end":{"line":12,"column":45}},"6":{"start":{"line":13,"column":0},"end":{"line":13,"column":71}},"7":{"start":{"line":15,"column":0},"end":{"line":15,"column":26}}},"fnMap":{},"branchMap":{},"s":{"0":6,"1":6,"2":6,"3":6,"4":6,"5":6,"6":6,"7":6},"f":{},"b":{},"_coverageSchema":"1a1c01bbd47fc00a2c39e90264f33305004495a9","hash":"49f1efb31521e0ade5ae989e5916d4aef09c28f0"}
,"D:\\Hacktiv8\\Final_Project\\Cando\\server\\routes\\userRoute.js": {"path":"D:\\Hacktiv8\\Final_Project\\Cando\\server\\routes\\userRoute.js","statementMap":{"0":{"start":{"line":1,"column":23},"end":{"line":1,"column":63}},"1":{"start":{"line":2,"column":27},"end":{"line":2,"column":70}},"2":{"start":{"line":5,"column":18},"end":{"line":5,"column":45}},"3":{"start":{"line":7,"column":0},"end":{"line":7,"column":66}},"4":{"start":{"line":8,"column":0},"end":{"line":8,"column":71}},"5":{"start":{"line":9,"column":0},"end":{"line":9,"column":78}},"6":{"start":{"line":16,"column":0},"end":{"line":16,"column":26}}},"fnMap":{},"branchMap":{},"s":{"0":6,"1":6,"2":6,"3":6,"4":6,"5":6,"6":6},"f":{},"b":{},"_coverageSchema":"1a1c01bbd47fc00a2c39e90264f33305004495a9","hash":"7bb4bd28868a1355c2c05a01f08e4ceebf6ce292"}
}
