{"C:\\Users\\theodorusArie\\Desktop\\Hacktiv8\\Phase-2\\CANDO\\Cando\\server\\app.js": {"path":"C:\\Users\\theodorusArie\\Desktop\\Hacktiv8\\Phase-2\\CANDO\\Cando\\server\\app.js","statementMap":{"0":{"start":{"line":1,"column":16},"end":{"line":1,"column":34}},"1":{"start":{"line":2,"column":12},"end":{"line":2,"column":21}},"2":{"start":{"line":3,"column":13},"end":{"line":3,"column":28}},"3":{"start":{"line":5,"column":19},"end":{"line":5,"column":55}},"4":{"start":{"line":7,"column":18},"end":{"line":7,"column":47}},"5":{"start":{"line":10,"column":0},"end":{"line":10,"column":23}},"6":{"start":{"line":11,"column":0},"end":{"line":11,"column":47}},"7":{"start":{"line":12,"column":0},"end":{"line":12,"column":15}},"8":{"start":{"line":15,"column":0},"end":{"line":15,"column":18}},"9":{"start":{"line":17,"column":0},"end":{"line":17,"column":19}},"10":{"start":{"line":20,"column":0},"end":{"line":20,"column":20}}},"fnMap":{},"branchMap":{},"s":{"0":6,"1":6,"2":6,"3":6,"4":6,"5":6,"6":6,"7":6,"8":6,"9":6,"10":6},"f":{},"b":{},"_coverageSchema":"1a1c01bbd47fc00a2c39e90264f33305004495a9","hash":"e7de9f7acc8b7b980227234ec76483b0b7b5d96a"}
,"C:\\Users\\theodorusArie\\Desktop\\Hacktiv8\\Phase-2\\CANDO\\Cando\\server\\socketConfig.js": {"path":"C:\\Users\\theodorusArie\\Desktop\\Hacktiv8\\Phase-2\\CANDO\\Cando\\server\\socketConfig.js","statementMap":{"0":{"start":{"line":2,"column":19},"end":{"line":2,"column":45}},"1":{"start":{"line":3,"column":11},"end":{"line":3,"column":33}},"2":{"start":{"line":4,"column":14},"end":{"line":4,"column":30}},"3":{"start":{"line":5,"column":12},"end":{"line":5,"column":24}},"4":{"start":{"line":8,"column":0},"end":{"line":133,"column":2}},"5":{"start":{"line":10,"column":4},"end":{"line":14,"column":6}},"6":{"start":{"line":12,"column":8},"end":{"line":12,"column":31}},"7":{"start":{"line":17,"column":4},"end":{"line":20,"column":6}},"8":{"start":{"line":19,"column":8},"end":{"line":19,"column":39}},"9":{"start":{"line":21,"column":4},"end":{"line":31,"column":6}},"10":{"start":{"line":22,"column":8},"end":{"line":22,"column":25}},"11":{"start":{"line":23,"column":24},"end":{"line":28,"column":9}},"12":{"start":{"line":29,"column":8},"end":{"line":29,"column":27}},"13":{"start":{"line":30,"column":8},"end":{"line":30,"column":39}},"14":{"start":{"line":32,"column":4},"end":{"line":52,"column":6}},"15":{"start":{"line":33,"column":8},"end":{"line":50,"column":10}},"16":{"start":{"line":34,"column":30},"end":{"line":34,"column":82}},"17":{"start":{"line":34,"column":54},"end":{"line":34,"column":81}},"18":{"start":{"line":36,"column":12},"end":{"line":39,"column":14}},"19":{"start":{"line":41,"column":12},"end":{"line":45,"column":14}},"20":{"start":{"line":47,"column":12},"end":{"line":47,"column":78}},"21":{"start":{"line":48,"column":12},"end":{"line":48,"column":43}},"22":{"start":{"line":56,"column":4},"end":{"line":98,"column":6}},"23":{"start":{"line":57,"column":8},"end":{"line":97,"column":10}},"24":{"start":{"line":58,"column":30},"end":{"line":58,"column":82}},"25":{"start":{"line":58,"column":54},"end":{"line":58,"column":81}},"26":{"start":{"line":59,"column":48},"end":{"line":59,"column":52}},"27":{"start":{"line":61,"column":12},"end":{"line":65,"column":14}},"28":{"start":{"line":66,"column":28},"end":{"line":66,"column":46}},"29":{"start":{"line":67,"column":12},"end":{"line":67,"column":78}},"30":{"start":{"line":69,"column":12},"end":{"line":94,"column":13}},"31":{"start":{"line":70,"column":16},"end":{"line":70,"column":38}},"32":{"start":{"line":71,"column":16},"end":{"line":71,"column":45}},"33":{"start":{"line":72,"column":16},"end":{"line":72,"column":45}},"34":{"start":{"line":73,"column":16},"end":{"line":73,"column":58}},"35":{"start":{"line":74,"column":16},"end":{"line":93,"column":39}},"36":{"start":{"line":82,"column":24},"end":{"line":82,"column":58}},"37":{"start":{"line":84,"column":24},"end":{"line":88,"column":26}},"38":{"start":{"line":91,"column":24},"end":{"line":91,"column":90}},"39":{"start":{"line":100,"column":4},"end":{"line":122,"column":6}},"40":{"start":{"line":101,"column":8},"end":{"line":118,"column":10}},"41":{"start":{"line":102,"column":30},"end":{"line":102,"column":82}},"42":{"start":{"line":102,"column":54},"end":{"line":102,"column":81}},"43":{"start":{"line":103,"column":32},"end":{"line":103,"column":108}},"44":{"start":{"line":103,"column":70},"end":{"line":103,"column":107}},"45":{"start":{"line":104,"column":12},"end":{"line":104,"column":48}},"46":{"start":{"line":105,"column":12},"end":{"line":109,"column":14}},"47":{"start":{"line":113,"column":12},"end":{"line":115,"column":13}},"48":{"start":{"line":114,"column":16},"end":{"line":114,"column":46}},"49":{"start":{"line":117,"column":12},"end":{"line":117,"column":78}},"50":{"start":{"line":119,"column":8},"end":{"line":121,"column":10}},"51":{"start":{"line":120,"column":12},"end":{"line":120,"column":43}},"52":{"start":{"line":124,"column":4},"end":{"line":128,"column":6}},"53":{"start":{"line":125,"column":8},"end":{"line":127,"column":10}},"54":{"start":{"line":126,"column":12},"end":{"line":126,"column":58}},"55":{"start":{"line":130,"column":4},"end":{"line":132,"column":6}},"56":{"start":{"line":131,"column":8},"end":{"line":131,"column":44}},"57":{"start":{"line":135,"column":0},"end":{"line":135,"column":19}}},"fnMap":{"0":{"name":"(anonymous_0)","decl":{"start":{"line":8,"column":20},"end":{"line":8,"column":21}},"loc":{"start":{"line":8,"column":30},"end":{"line":133,"column":1}},"line":8},"1":{"name":"(anonymous_1)","decl":{"start":{"line":10,"column":25},"end":{"line":10,"column":26}},"loc":{"start":{"line":10,"column":40},"end":{"line":14,"column":5}},"line":10},"2":{"name":"(anonymous_2)","decl":{"start":{"line":17,"column":27},"end":{"line":17,"column":28}},"loc":{"start":{"line":17,"column":33},"end":{"line":20,"column":5}},"line":17},"3":{"name":"(anonymous_3)","decl":{"start":{"line":21,"column":29},"end":{"line":21,"column":30}},"loc":{"start":{"line":21,"column":39},"end":{"line":31,"column":5}},"line":21},"4":{"name":"(anonymous_4)","decl":{"start":{"line":32,"column":27},"end":{"line":32,"column":28}},"loc":{"start":{"line":32,"column":37},"end":{"line":52,"column":5}},"line":32},"5":{"name":"(anonymous_5)","decl":{"start":{"line":33,"column":35},"end":{"line":33,"column":36}},"loc":{"start":{"line":33,"column":41},"end":{"line":50,"column":9}},"line":33},"6":{"name":"(anonymous_6)","decl":{"start":{"line":34,"column":46},"end":{"line":34,"column":47}},"loc":{"start":{"line":34,"column":54},"end":{"line":34,"column":81}},"line":34},"7":{"name":"(anonymous_7)","decl":{"start":{"line":56,"column":30},"end":{"line":56,"column":31}},"loc":{"start":{"line":56,"column":40},"end":{"line":98,"column":5}},"line":56},"8":{"name":"(anonymous_8)","decl":{"start":{"line":57,"column":35},"end":{"line":57,"column":36}},"loc":{"start":{"line":57,"column":41},"end":{"line":97,"column":9}},"line":57},"9":{"name":"(anonymous_9)","decl":{"start":{"line":58,"column":46},"end":{"line":58,"column":47}},"loc":{"start":{"line":58,"column":54},"end":{"line":58,"column":81}},"line":58},"10":{"name":"(anonymous_10)","decl":{"start":{"line":81,"column":26},"end":{"line":81,"column":27}},"loc":{"start":{"line":81,"column":40},"end":{"line":89,"column":21}},"line":81},"11":{"name":"(anonymous_11)","decl":{"start":{"line":90,"column":26},"end":{"line":90,"column":27}},"loc":{"start":{"line":90,"column":32},"end":{"line":92,"column":21}},"line":90},"12":{"name":"(anonymous_12)","decl":{"start":{"line":100,"column":27},"end":{"line":100,"column":28}},"loc":{"start":{"line":100,"column":37},"end":{"line":122,"column":5}},"line":100},"13":{"name":"(anonymous_13)","decl":{"start":{"line":101,"column":35},"end":{"line":101,"column":36}},"loc":{"start":{"line":101,"column":41},"end":{"line":118,"column":9}},"line":101},"14":{"name":"(anonymous_14)","decl":{"start":{"line":102,"column":46},"end":{"line":102,"column":47}},"loc":{"start":{"line":102,"column":54},"end":{"line":102,"column":81}},"line":102},"15":{"name":"(anonymous_15)","decl":{"start":{"line":103,"column":62},"end":{"line":103,"column":63}},"loc":{"start":{"line":103,"column":70},"end":{"line":103,"column":107}},"line":103},"16":{"name":"(anonymous_16)","decl":{"start":{"line":119,"column":36},"end":{"line":119,"column":37}},"loc":{"start":{"line":119,"column":42},"end":{"line":121,"column":9}},"line":119},"17":{"name":"(anonymous_17)","decl":{"start":{"line":124,"column":30},"end":{"line":124,"column":31}},"loc":{"start":{"line":124,"column":50},"end":{"line":128,"column":5}},"line":124},"18":{"name":"(anonymous_18)","decl":{"start":{"line":125,"column":26},"end":{"line":125,"column":27}},"loc":{"start":{"line":125,"column":32},"end":{"line":127,"column":9}},"line":125},"19":{"name":"(anonymous_19)","decl":{"start":{"line":130,"column":29},"end":{"line":130,"column":30}},"loc":{"start":{"line":130,"column":34},"end":{"line":132,"column":5}},"line":130}},"branchMap":{"0":{"loc":{"start":{"line":38,"column":23},"end":{"line":38,"column":127}},"type":"cond-expr","locations":[{"start":{"line":38,"column":56},"end":{"line":38,"column":57}},{"start":{"line":38,"column":60},"end":{"line":38,"column":127}}],"line":38},"1":{"loc":{"start":{"line":69,"column":12},"end":{"line":94,"column":13}},"type":"if","locations":[{"start":{"line":69,"column":12},"end":{"line":94,"column":13}},{"start":{"line":69,"column":12},"end":{"line":94,"column":13}}],"line":69},"2":{"loc":{"start":{"line":113,"column":12},"end":{"line":115,"column":13}},"type":"if","locations":[{"start":{"line":113,"column":12},"end":{"line":115,"column":13}},{"start":{"line":113,"column":12},"end":{"line":115,"column":13}}],"line":113}},"s":{"0":1,"1":1,"2":1,"3":1,"4":1,"5":8,"6":0,"7":8,"8":2,"9":8,"10":2,"11":2,"12":2,"13":2,"14":8,"15":1,"16":1,"17":1,"18":1,"19":1,"20":1,"21":1,"22":8,"23":1,"24":1,"25":1,"26":1,"27":1,"28":1,"29":1,"30":1,"31":0,"32":0,"33":0,"34":0,"35":0,"36":0,"37":0,"38":0,"39":8,"40":1,"41":1,"42":1,"43":1,"44":1,"45":1,"46":1,"47":1,"48":1,"49":1,"50":1,"51":1,"52":8,"53":1,"54":1,"55":8,"56":0,"57":1},"f":{"0":8,"1":0,"2":2,"3":2,"4":1,"5":1,"6":1,"7":1,"8":1,"9":1,"10":0,"11":0,"12":1,"13":1,"14":1,"15":1,"16":1,"17":1,"18":1,"19":0},"b":{"0":[1,0],"1":[0,1],"2":[1,0]},"_coverageSchema":"1a1c01bbd47fc00a2c39e90264f33305004495a9","hash":"84898d091cd71d034c9955ca0128357ebf9c994e"}
,"C:\\Users\\theodorusArie\\Desktop\\Hacktiv8\\Phase-2\\CANDO\\Cando\\server\\controllers\\alfredController.js": {"path":"C:\\Users\\theodorusArie\\Desktop\\Hacktiv8\\Phase-2\\CANDO\\Cando\\server\\controllers\\alfredController.js","statementMap":{"0":{"start":{"line":1,"column":18},"end":{"line":1,"column":48}},"1":{"start":{"line":2,"column":45},"end":{"line":2,"column":65}},"2":{"start":{"line":7,"column":83},"end":{"line":7,"column":91}},"3":{"start":{"line":8,"column":8},"end":{"line":63,"column":9}},"4":{"start":{"line":9,"column":12},"end":{"line":20,"column":13}},"5":{"start":{"line":10,"column":16},"end":{"line":10,"column":28}},"6":{"start":{"line":12,"column":17},"end":{"line":20,"column":13}},"7":{"start":{"line":13,"column":16},"end":{"line":13,"column":28}},"8":{"start":{"line":15,"column":17},"end":{"line":20,"column":13}},"9":{"start":{"line":16,"column":16},"end":{"line":16,"column":28}},"10":{"start":{"line":19,"column":16},"end":{"line":19,"column":35}},"11":{"start":{"line":21,"column":12},"end":{"line":21,"column":118}},"12":{"start":{"line":21,"column":46},"end":{"line":21,"column":118}},"13":{"start":{"line":23,"column":27},"end":{"line":23,"column":76}},"14":{"start":{"line":24,"column":12},"end":{"line":24,"column":84}},"15":{"start":{"line":24,"column":27},"end":{"line":24,"column":84}},"16":{"start":{"line":25,"column":25},"end":{"line":25,"column":36}},"17":{"start":{"line":27,"column":33},"end":{"line":27,"column":94}},"18":{"start":{"line":28,"column":12},"end":{"line":28,"column":81}},"19":{"start":{"line":28,"column":33},"end":{"line":28,"column":81}},"20":{"start":{"line":29,"column":31},"end":{"line":29,"column":48}},"21":{"start":{"line":30,"column":31},"end":{"line":30,"column":158}},"22":{"start":{"line":31,"column":12},"end":{"line":31,"column":50}},"23":{"start":{"line":33,"column":12},"end":{"line":33,"column":54}},"24":{"start":{"line":33,"column":49},"end":{"line":33,"column":53}},"25":{"start":{"line":34,"column":29},"end":{"line":34,"column":44}},"26":{"start":{"line":36,"column":24},"end":{"line":36,"column":34}},"27":{"start":{"line":39,"column":12},"end":{"line":39,"column":95}},"28":{"start":{"line":40,"column":12},"end":{"line":40,"column":38}},"29":{"start":{"line":42,"column":26},"end":{"line":49,"column":14}},"30":{"start":{"line":50,"column":12},"end":{"line":55,"column":13}},"31":{"start":{"line":51,"column":16},"end":{"line":51,"column":45}},"32":{"start":{"line":54,"column":16},"end":{"line":54,"column":68}},"33":{"start":{"line":62,"column":12},"end":{"line":62,"column":18}},"34":{"start":{"line":68,"column":0},"end":{"line":68,"column":33}}},"fnMap":{"0":{"name":"(anonymous_0)","decl":{"start":{"line":6,"column":4},"end":{"line":6,"column":5}},"loc":{"start":{"line":6,"column":44},"end":{"line":65,"column":5}},"line":6},"1":{"name":"(anonymous_1)","decl":{"start":{"line":33,"column":44},"end":{"line":33,"column":45}},"loc":{"start":{"line":33,"column":49},"end":{"line":33,"column":53}},"line":33}},"branchMap":{"0":{"loc":{"start":{"line":9,"column":12},"end":{"line":20,"column":13}},"type":"if","locations":[{"start":{"line":9,"column":12},"end":{"line":20,"column":13}},{"start":{"line":9,"column":12},"end":{"line":20,"column":13}}],"line":9},"1":{"loc":{"start":{"line":12,"column":17},"end":{"line":20,"column":13}},"type":"if","locations":[{"start":{"line":12,"column":17},"end":{"line":20,"column":13}},{"start":{"line":12,"column":17},"end":{"line":20,"column":13}}],"line":12},"2":{"loc":{"start":{"line":15,"column":17},"end":{"line":20,"column":13}},"type":"if","locations":[{"start":{"line":15,"column":17},"end":{"line":20,"column":13}},{"start":{"line":15,"column":17},"end":{"line":20,"column":13}}],"line":15},"3":{"loc":{"start":{"line":21,"column":12},"end":{"line":21,"column":118}},"type":"if","locations":[{"start":{"line":21,"column":12},"end":{"line":21,"column":118}},{"start":{"line":21,"column":12},"end":{"line":21,"column":118}}],"line":21},"4":{"loc":{"start":{"line":21,"column":16},"end":{"line":21,"column":44}},"type":"binary-expr","locations":[{"start":{"line":21,"column":16},"end":{"line":21,"column":25}},{"start":{"line":21,"column":29},"end":{"line":21,"column":44}}],"line":21},"5":{"loc":{"start":{"line":24,"column":12},"end":{"line":24,"column":84}},"type":"if","locations":[{"start":{"line":24,"column":12},"end":{"line":24,"column":84}},{"start":{"line":24,"column":12},"end":{"line":24,"column":84}}],"line":24},"6":{"loc":{"start":{"line":28,"column":12},"end":{"line":28,"column":81}},"type":"if","locations":[{"start":{"line":28,"column":12},"end":{"line":28,"column":81}},{"start":{"line":28,"column":12},"end":{"line":28,"column":81}}],"line":28},"7":{"loc":{"start":{"line":50,"column":12},"end":{"line":55,"column":13}},"type":"if","locations":[{"start":{"line":50,"column":12},"end":{"line":55,"column":13}},{"start":{"line":50,"column":12},"end":{"line":55,"column":13}}],"line":50}},"s":{"0":6,"1":6,"2":0,"3":0,"4":0,"5":0,"6":0,"7":0,"8":0,"9":0,"10":0,"11":0,"12":0,"13":0,"14":0,"15":0,"16":0,"17":0,"18":0,"19":0,"20":0,"21":0,"22":0,"23":0,"24":0,"25":0,"26":0,"27":0,"28":0,"29":0,"30":0,"31":0,"32":0,"33":0,"34":6},"f":{"0":0,"1":0},"b":{"0":[0,0],"1":[0,0],"2":[0,0],"3":[0,0],"4":[0,0],"5":[0,0],"6":[0,0],"7":[0,0]},"_coverageSchema":"1a1c01bbd47fc00a2c39e90264f33305004495a9","hash":"cf018e3ad8a1be41d8ca1f4b92afb286bcf738f1"}
,"C:\\Users\\theodorusArie\\Desktop\\Hacktiv8\\Phase-2\\CANDO\\Cando\\server\\controllers\\categoryController.js": {"path":"C:\\Users\\theodorusArie\\Desktop\\Hacktiv8\\Phase-2\\CANDO\\Cando\\server\\controllers\\categoryController.js","statementMap":{"0":{"start":{"line":1,"column":39},"end":{"line":1,"column":59}},"1":{"start":{"line":2,"column":10},"end":{"line":2,"column":28}},"2":{"start":{"line":6,"column":37},"end":{"line":6,"column":45}},"3":{"start":{"line":8,"column":8},"end":{"line":18,"column":9}},"4":{"start":{"line":9,"column":12},"end":{"line":9,"column":87}},"5":{"start":{"line":9,"column":31},"end":{"line":9,"column":87}},"6":{"start":{"line":10,"column":33},"end":{"line":10,"column":90}},"7":{"start":{"line":11,"column":12},"end":{"line":11,"column":89}},"8":{"start":{"line":11,"column":33},"end":{"line":11,"column":89}},"9":{"start":{"line":12,"column":30},"end":{"line":12,"column":75}},"10":{"start":{"line":13,"column":12},"end":{"line":13,"column":45}},"11":{"start":{"line":17,"column":12},"end":{"line":17,"column":21}},"12":{"start":{"line":22,"column":21},"end":{"line":22,"column":31}},"13":{"start":{"line":23,"column":8},"end":{"line":34,"column":9}},"14":{"start":{"line":24,"column":34},"end":{"line":24,"column":148}},"15":{"start":{"line":25,"column":12},"end":{"line":30,"column":13}},"16":{"start":{"line":26,"column":16},"end":{"line":26,"column":71}},"17":{"start":{"line":29,"column":16},"end":{"line":29,"column":53}},"18":{"start":{"line":33,"column":12},"end":{"line":33,"column":21}},"19":{"start":{"line":38,"column":21},"end":{"line":38,"column":31}},"20":{"start":{"line":39,"column":8},"end":{"line":51,"column":9}},"21":{"start":{"line":40,"column":34},"end":{"line":40,"column":75}},"22":{"start":{"line":41,"column":12},"end":{"line":46,"column":13}},"23":{"start":{"line":42,"column":16},"end":{"line":42,"column":71}},"24":{"start":{"line":45,"column":16},"end":{"line":45,"column":55}},"25":{"start":{"line":50,"column":12},"end":{"line":50,"column":21}},"26":{"start":{"line":54,"column":21},"end":{"line":54,"column":31}},"27":{"start":{"line":55,"column":37},"end":{"line":55,"column":45}},"28":{"start":{"line":56,"column":8},"end":{"line":72,"column":9}},"29":{"start":{"line":57,"column":34},"end":{"line":57,"column":75}},"30":{"start":{"line":58,"column":12},"end":{"line":65,"column":13}},"31":{"start":{"line":59,"column":16},"end":{"line":59,"column":71}},"32":{"start":{"line":62,"column":16},"end":{"line":62,"column":80}},"33":{"start":{"line":63,"column":38},"end":{"line":63,"column":79}},"34":{"start":{"line":64,"column":16},"end":{"line":64,"column":53}},"35":{"start":{"line":71,"column":12},"end":{"line":71,"column":21}},"36":{"start":{"line":76,"column":0},"end":{"line":76,"column":35}}},"fnMap":{"0":{"name":"(anonymous_0)","decl":{"start":{"line":5,"column":4},"end":{"line":5,"column":5}},"loc":{"start":{"line":5,"column":40},"end":{"line":19,"column":5}},"line":5},"1":{"name":"(anonymous_1)","decl":{"start":{"line":21,"column":4},"end":{"line":21,"column":5}},"loc":{"start":{"line":21,"column":41},"end":{"line":35,"column":5}},"line":21},"2":{"name":"(anonymous_2)","decl":{"start":{"line":37,"column":4},"end":{"line":37,"column":5}},"loc":{"start":{"line":37,"column":40},"end":{"line":52,"column":5}},"line":37},"3":{"name":"(anonymous_3)","decl":{"start":{"line":53,"column":4},"end":{"line":53,"column":5}},"loc":{"start":{"line":53,"column":38},"end":{"line":73,"column":5}},"line":53}},"branchMap":{"0":{"loc":{"start":{"line":9,"column":12},"end":{"line":9,"column":87}},"type":"if","locations":[{"start":{"line":9,"column":12},"end":{"line":9,"column":87}},{"start":{"line":9,"column":12},"end":{"line":9,"column":87}}],"line":9},"1":{"loc":{"start":{"line":11,"column":12},"end":{"line":11,"column":89}},"type":"if","locations":[{"start":{"line":11,"column":12},"end":{"line":11,"column":89}},{"start":{"line":11,"column":12},"end":{"line":11,"column":89}}],"line":11},"2":{"loc":{"start":{"line":25,"column":12},"end":{"line":30,"column":13}},"type":"if","locations":[{"start":{"line":25,"column":12},"end":{"line":30,"column":13}},{"start":{"line":25,"column":12},"end":{"line":30,"column":13}}],"line":25},"3":{"loc":{"start":{"line":41,"column":12},"end":{"line":46,"column":13}},"type":"if","locations":[{"start":{"line":41,"column":12},"end":{"line":46,"column":13}},{"start":{"line":41,"column":12},"end":{"line":46,"column":13}}],"line":41},"4":{"loc":{"start":{"line":58,"column":12},"end":{"line":65,"column":13}},"type":"if","locations":[{"start":{"line":58,"column":12},"end":{"line":65,"column":13}},{"start":{"line":58,"column":12},"end":{"line":65,"column":13}}],"line":58}},"s":{"0":6,"1":6,"2":5,"3":5,"4":5,"5":2,"6":3,"7":3,"8":1,"9":2,"10":1,"11":4,"12":3,"13":3,"14":3,"15":3,"16":1,"17":2,"18":1,"19":2,"20":2,"21":2,"22":2,"23":1,"24":1,"25":1,"26":5,"27":5,"28":5,"29":5,"30":5,"31":1,"32":4,"33":1,"34":1,"35":4,"36":6},"f":{"0":5,"1":3,"2":2,"3":5},"b":{"0":[2,3],"1":[1,2],"2":[1,2],"3":[1,1],"4":[1,4]},"_coverageSchema":"1a1c01bbd47fc00a2c39e90264f33305004495a9","hash":"f99c956cadff3433a9759fe7ac8356880cb8e31c"}
,"C:\\Users\\theodorusArie\\Desktop\\Hacktiv8\\Phase-2\\CANDO\\Cando\\server\\controllers\\dataController.js": {"path":"C:\\Users\\theodorusArie\\Desktop\\Hacktiv8\\Phase-2\\CANDO\\Cando\\server\\controllers\\dataController.js","statementMap":{"0":{"start":{"line":1,"column":62},"end":{"line":1,"column":82}},"1":{"start":{"line":2,"column":10},"end":{"line":2,"column":28}},"2":{"start":{"line":8,"column":28},"end":{"line":8,"column":54}},"3":{"start":{"line":9,"column":22},"end":{"line":9,"column":42}},"4":{"start":{"line":10,"column":8},"end":{"line":10,"column":56}},"5":{"start":{"line":15,"column":21},"end":{"line":15,"column":31}},"6":{"start":{"line":16,"column":8},"end":{"line":60,"column":9}},"7":{"start":{"line":18,"column":26},"end":{"line":18,"column":237}},"8":{"start":{"line":20,"column":12},"end":{"line":53,"column":13}},"9":{"start":{"line":21,"column":16},"end":{"line":21,"column":76}},"10":{"start":{"line":25,"column":42},"end":{"line":25,"column":130}},"11":{"start":{"line":26,"column":30},"end":{"line":28,"column":18}},"12":{"start":{"line":27,"column":20},"end":{"line":27,"column":36}},"13":{"start":{"line":29,"column":37},"end":{"line":29,"column":49}},"14":{"start":{"line":30,"column":33},"end":{"line":30,"column":51}},"15":{"start":{"line":31,"column":39},"end":{"line":33,"column":18}},"16":{"start":{"line":32,"column":20},"end":{"line":32,"column":41}},"17":{"start":{"line":34,"column":31},"end":{"line":34,"column":33}},"18":{"start":{"line":35,"column":16},"end":{"line":39,"column":17}},"19":{"start":{"line":35,"column":29},"end":{"line":35,"column":30}},"20":{"start":{"line":36,"column":20},"end":{"line":38,"column":21}},"21":{"start":{"line":36,"column":33},"end":{"line":36,"column":34}},"22":{"start":{"line":37,"column":24},"end":{"line":37,"column":61}},"23":{"start":{"line":41,"column":26},"end":{"line":41,"column":74}},"24":{"start":{"line":41,"column":50},"end":{"line":41,"column":73}},"25":{"start":{"line":42,"column":29},"end":{"line":42,"column":80}},"26":{"start":{"line":42,"column":53},"end":{"line":42,"column":79}},"27":{"start":{"line":43,"column":27},"end":{"line":43,"column":76}},"28":{"start":{"line":43,"column":51},"end":{"line":43,"column":75}},"29":{"start":{"line":44,"column":29},"end":{"line":44,"column":80}},"30":{"start":{"line":44,"column":53},"end":{"line":44,"column":79}},"31":{"start":{"line":45,"column":16},"end":{"line":50,"column":17}},"32":{"start":{"line":52,"column":16},"end":{"line":52,"column":87}},"33":{"start":{"line":59,"column":12},"end":{"line":59,"column":21}},"34":{"start":{"line":67,"column":0},"end":{"line":67,"column":31}}},"fnMap":{"0":{"name":"(anonymous_0)","decl":{"start":{"line":6,"column":4},"end":{"line":6,"column":5}},"loc":{"start":{"line":6,"column":51},"end":{"line":12,"column":5}},"line":6},"1":{"name":"(anonymous_1)","decl":{"start":{"line":14,"column":4},"end":{"line":14,"column":5}},"loc":{"start":{"line":14,"column":45},"end":{"line":62,"column":5}},"line":14},"2":{"name":"(anonymous_2)","decl":{"start":{"line":26,"column":54},"end":{"line":26,"column":55}},"loc":{"start":{"line":26,"column":62},"end":{"line":28,"column":17}},"line":26},"3":{"name":"(anonymous_3)","decl":{"start":{"line":31,"column":54},"end":{"line":31,"column":55}},"loc":{"start":{"line":31,"column":66},"end":{"line":33,"column":17}},"line":31},"4":{"name":"(anonymous_4)","decl":{"start":{"line":41,"column":42},"end":{"line":41,"column":43}},"loc":{"start":{"line":41,"column":50},"end":{"line":41,"column":73}},"line":41},"5":{"name":"(anonymous_5)","decl":{"start":{"line":42,"column":45},"end":{"line":42,"column":46}},"loc":{"start":{"line":42,"column":53},"end":{"line":42,"column":79}},"line":42},"6":{"name":"(anonymous_6)","decl":{"start":{"line":43,"column":43},"end":{"line":43,"column":44}},"loc":{"start":{"line":43,"column":51},"end":{"line":43,"column":75}},"line":43},"7":{"name":"(anonymous_7)","decl":{"start":{"line":44,"column":45},"end":{"line":44,"column":46}},"loc":{"start":{"line":44,"column":53},"end":{"line":44,"column":79}},"line":44}},"branchMap":{"0":{"loc":{"start":{"line":20,"column":12},"end":{"line":53,"column":13}},"type":"if","locations":[{"start":{"line":20,"column":12},"end":{"line":53,"column":13}},{"start":{"line":20,"column":12},"end":{"line":53,"column":13}}],"line":20}},"s":{"0":6,"1":6,"2":1,"3":1,"4":1,"5":2,"6":2,"7":2,"8":2,"9":1,"10":1,"11":1,"12":4,"13":1,"14":1,"15":1,"16":2,"17":1,"18":1,"19":1,"20":2,"21":2,"22":12,"23":1,"24":12,"25":1,"26":12,"27":1,"28":12,"29":1,"30":12,"31":1,"32":1,"33":1,"34":6},"f":{"0":1,"1":2,"2":4,"3":2,"4":12,"5":12,"6":12,"7":12},"b":{"0":[1,1]},"_coverageSchema":"1a1c01bbd47fc00a2c39e90264f33305004495a9","hash":"5a494e230fbdcd5ed01f5d66a99d8729dae104f9"}
,"C:\\Users\\theodorusArie\\Desktop\\Hacktiv8\\Phase-2\\CANDO\\Cando\\server\\controllers\\todoController.js": {"path":"C:\\Users\\theodorusArie\\Desktop\\Hacktiv8\\Phase-2\\CANDO\\Cando\\server\\controllers\\todoController.js","statementMap":{"0":{"start":{"line":1,"column":69},"end":{"line":1,"column":89}},"1":{"start":{"line":2,"column":19},"end":{"line":2,"column":40}},"2":{"start":{"line":3,"column":19},"end":{"line":3,"column":52}},"3":{"start":{"line":8,"column":21},"end":{"line":8,"column":31}},"4":{"start":{"line":9,"column":8},"end":{"line":20,"column":9}},"5":{"start":{"line":10,"column":30},"end":{"line":10,"column":67}},"6":{"start":{"line":11,"column":12},"end":{"line":16,"column":13}},"7":{"start":{"line":12,"column":16},"end":{"line":12,"column":68}},"8":{"start":{"line":15,"column":16},"end":{"line":15,"column":49}},"9":{"start":{"line":19,"column":12},"end":{"line":19,"column":21}},"10":{"start":{"line":24,"column":77},"end":{"line":24,"column":85}},"11":{"start":{"line":26,"column":8},"end":{"line":65,"column":9}},"12":{"start":{"line":27,"column":26},"end":{"line":27,"column":107}},"13":{"start":{"line":29,"column":33},"end":{"line":33,"column":13}},"14":{"start":{"line":37,"column":34},"end":{"line":37,"column":64}},"15":{"start":{"line":39,"column":32},"end":{"line":46,"column":14}},"16":{"start":{"line":48,"column":23},"end":{"line":54,"column":13}},"17":{"start":{"line":55,"column":12},"end":{"line":59,"column":14}},"18":{"start":{"line":56,"column":16},"end":{"line":58,"column":17}},"19":{"start":{"line":57,"column":20},"end":{"line":57,"column":31}},"20":{"start":{"line":61,"column":12},"end":{"line":61,"column":41}},"21":{"start":{"line":64,"column":12},"end":{"line":64,"column":21}},"22":{"start":{"line":68,"column":77},"end":{"line":68,"column":85}},"23":{"start":{"line":69,"column":21},"end":{"line":69,"column":31}},"24":{"start":{"line":70,"column":8},"end":{"line":84,"column":9}},"25":{"start":{"line":71,"column":12},"end":{"line":71,"column":75}},"26":{"start":{"line":71,"column":25},"end":{"line":71,"column":75}},"27":{"start":{"line":72,"column":27},"end":{"line":72,"column":72}},"28":{"start":{"line":73,"column":12},"end":{"line":73,"column":77}},"29":{"start":{"line":73,"column":27},"end":{"line":73,"column":77}},"30":{"start":{"line":74,"column":31},"end":{"line":74,"column":84}},"31":{"start":{"line":75,"column":12},"end":{"line":75,"column":85}},"32":{"start":{"line":75,"column":31},"end":{"line":75,"column":85}},"33":{"start":{"line":76,"column":29},"end":{"line":76,"column":129}},"34":{"start":{"line":77,"column":32},"end":{"line":77,"column":69}},"35":{"start":{"line":78,"column":12},"end":{"line":78,"column":47}},"36":{"start":{"line":83,"column":12},"end":{"line":83,"column":21}},"37":{"start":{"line":88,"column":21},"end":{"line":88,"column":31}},"38":{"start":{"line":89,"column":8},"end":{"line":102,"column":9}},"39":{"start":{"line":90,"column":28},"end":{"line":90,"column":65}},"40":{"start":{"line":92,"column":12},"end":{"line":98,"column":13}},"41":{"start":{"line":93,"column":16},"end":{"line":93,"column":67}},"42":{"start":{"line":96,"column":16},"end":{"line":96,"column":55}},"43":{"start":{"line":101,"column":12},"end":{"line":101,"column":21}},"44":{"start":{"line":107,"column":0},"end":{"line":107,"column":31}}},"fnMap":{"0":{"name":"(anonymous_0)","decl":{"start":{"line":7,"column":4},"end":{"line":7,"column":5}},"loc":{"start":{"line":7,"column":41},"end":{"line":21,"column":5}},"line":7},"1":{"name":"(anonymous_1)","decl":{"start":{"line":23,"column":4},"end":{"line":23,"column":5}},"loc":{"start":{"line":23,"column":44},"end":{"line":66,"column":5}},"line":23},"2":{"name":"(anonymous_2)","decl":{"start":{"line":55,"column":39},"end":{"line":55,"column":40}},"loc":{"start":{"line":55,"column":56},"end":{"line":59,"column":13}},"line":55},"3":{"name":"(anonymous_3)","decl":{"start":{"line":67,"column":4},"end":{"line":67,"column":5}},"loc":{"start":{"line":67,"column":42},"end":{"line":85,"column":5}},"line":67},"4":{"name":"(anonymous_4)","decl":{"start":{"line":87,"column":4},"end":{"line":87,"column":5}},"loc":{"start":{"line":87,"column":44},"end":{"line":103,"column":5}},"line":87}},"branchMap":{"0":{"loc":{"start":{"line":11,"column":12},"end":{"line":16,"column":13}},"type":"if","locations":[{"start":{"line":11,"column":12},"end":{"line":16,"column":13}},{"start":{"line":11,"column":12},"end":{"line":16,"column":13}}],"line":11},"1":{"loc":{"start":{"line":56,"column":16},"end":{"line":58,"column":17}},"type":"if","locations":[{"start":{"line":56,"column":16},"end":{"line":58,"column":17}},{"start":{"line":56,"column":16},"end":{"line":58,"column":17}}],"line":56},"2":{"loc":{"start":{"line":71,"column":12},"end":{"line":71,"column":75}},"type":"if","locations":[{"start":{"line":71,"column":12},"end":{"line":71,"column":75}},{"start":{"line":71,"column":12},"end":{"line":71,"column":75}}],"line":71},"3":{"loc":{"start":{"line":73,"column":12},"end":{"line":73,"column":77}},"type":"if","locations":[{"start":{"line":73,"column":12},"end":{"line":73,"column":77}},{"start":{"line":73,"column":12},"end":{"line":73,"column":77}}],"line":73},"4":{"loc":{"start":{"line":75,"column":12},"end":{"line":75,"column":85}},"type":"if","locations":[{"start":{"line":75,"column":12},"end":{"line":75,"column":85}},{"start":{"line":75,"column":12},"end":{"line":75,"column":85}}],"line":75},"5":{"loc":{"start":{"line":92,"column":12},"end":{"line":98,"column":13}},"type":"if","locations":[{"start":{"line":92,"column":12},"end":{"line":98,"column":13}},{"start":{"line":92,"column":12},"end":{"line":98,"column":13}}],"line":92}},"s":{"0":6,"1":6,"2":6,"3":2,"4":2,"5":2,"6":2,"7":1,"8":1,"9":1,"10":9,"11":9,"12":9,"13":2,"14":2,"15":2,"16":2,"17":2,"18":0,"19":0,"20":2,"21":7,"22":4,"23":4,"24":4,"25":4,"26":1,"27":3,"28":3,"29":1,"30":2,"31":2,"32":1,"33":1,"34":1,"35":1,"36":3,"37":2,"38":2,"39":2,"40":2,"41":1,"42":1,"43":1,"44":6},"f":{"0":2,"1":9,"2":0,"3":4,"4":2},"b":{"0":[1,1],"1":[0,0],"2":[1,3],"3":[1,2],"4":[1,1],"5":[1,1]},"_coverageSchema":"1a1c01bbd47fc00a2c39e90264f33305004495a9","hash":"0e9f647eb33e25da4f72f925277463ab65f53978"}
,"C:\\Users\\theodorusArie\\Desktop\\Hacktiv8\\Phase-2\\CANDO\\Cando\\server\\controllers\\userController.js": {"path":"C:\\Users\\theodorusArie\\Desktop\\Hacktiv8\\Phase-2\\CANDO\\Cando\\server\\controllers\\userController.js","statementMap":{"0":{"start":{"line":1,"column":62},"end":{"line":1,"column":82}},"1":{"start":{"line":2,"column":26},"end":{"line":2,"column":56}},"2":{"start":{"line":3,"column":24},"end":{"line":3,"column":49}},"3":{"start":{"line":9,"column":34},"end":{"line":9,"column":42}},"4":{"start":{"line":10,"column":8},"end":{"line":55,"column":9}},"5":{"start":{"line":11,"column":12},"end":{"line":49,"column":13}},"6":{"start":{"line":12,"column":16},"end":{"line":12,"column":77}},"7":{"start":{"line":16,"column":31},"end":{"line":16,"column":71}},"8":{"start":{"line":18,"column":16},"end":{"line":48,"column":17}},"9":{"start":{"line":19,"column":20},"end":{"line":19,"column":75}},"10":{"start":{"line":23,"column":20},"end":{"line":47,"column":21}},"11":{"start":{"line":24,"column":24},"end":{"line":24,"column":79}},"12":{"start":{"line":27,"column":36},"end":{"line":27,"column":170}},"13":{"start":{"line":29,"column":43},"end":{"line":29,"column":108}},"14":{"start":{"line":30,"column":45},"end":{"line":30,"column":71}},"15":{"start":{"line":32,"column":45},"end":{"line":34,"column":26}},"16":{"start":{"line":33,"column":28},"end":{"line":33,"column":49}},"17":{"start":{"line":35,"column":39},"end":{"line":35,"column":41}},"18":{"start":{"line":36,"column":24},"end":{"line":42,"column":25}},"19":{"start":{"line":36,"column":37},"end":{"line":36,"column":38}},"20":{"start":{"line":37,"column":28},"end":{"line":41,"column":29}},"21":{"start":{"line":37,"column":41},"end":{"line":37,"column":42}},"22":{"start":{"line":38,"column":32},"end":{"line":40,"column":33}},"23":{"start":{"line":39,"column":36},"end":{"line":39,"column":68}},"24":{"start":{"line":43,"column":24},"end":{"line":45,"column":26}},"25":{"start":{"line":44,"column":28},"end":{"line":44,"column":61}},"26":{"start":{"line":46,"column":24},"end":{"line":46,"column":167}},"27":{"start":{"line":54,"column":12},"end":{"line":54,"column":21}},"28":{"start":{"line":60,"column":74},"end":{"line":60,"column":82}},"29":{"start":{"line":61,"column":8},"end":{"line":94,"column":9}},"30":{"start":{"line":62,"column":32},"end":{"line":62,"column":72}},"31":{"start":{"line":63,"column":12},"end":{"line":89,"column":13}},"32":{"start":{"line":65,"column":35},"end":{"line":65,"column":74}},"33":{"start":{"line":66,"column":16},"end":{"line":83,"column":17}},"34":{"start":{"line":67,"column":40},"end":{"line":67,"column":66}},"35":{"start":{"line":68,"column":43},"end":{"line":68,"column":90}},"36":{"start":{"line":68,"column":69},"end":{"line":68,"column":89}},"37":{"start":{"line":69,"column":20},"end":{"line":79,"column":21}},"38":{"start":{"line":70,"column":24},"end":{"line":70,"column":83}},"39":{"start":{"line":73,"column":38},"end":{"line":73,"column":102}},"40":{"start":{"line":75,"column":24},"end":{"line":75,"column":90}},"41":{"start":{"line":77,"column":24},"end":{"line":77,"column":53}},"42":{"start":{"line":82,"column":20},"end":{"line":82,"column":75}},"43":{"start":{"line":88,"column":16},"end":{"line":88,"column":67}},"44":{"start":{"line":93,"column":12},"end":{"line":93,"column":21}},"45":{"start":{"line":97,"column":21},"end":{"line":97,"column":31}},"46":{"start":{"line":98,"column":8},"end":{"line":112,"column":9}},"47":{"start":{"line":99,"column":30},"end":{"line":99,"column":67}},"48":{"start":{"line":101,"column":12},"end":{"line":107,"column":13}},"49":{"start":{"line":102,"column":16},"end":{"line":102,"column":66}},"50":{"start":{"line":105,"column":16},"end":{"line":105,"column":72}},"51":{"start":{"line":106,"column":16},"end":{"line":106,"column":60}},"52":{"start":{"line":111,"column":12},"end":{"line":111,"column":21}},"53":{"start":{"line":116,"column":39},"end":{"line":116,"column":47}},"54":{"start":{"line":117,"column":8},"end":{"line":141,"column":9}},"55":{"start":{"line":118,"column":12},"end":{"line":118,"column":110}},"56":{"start":{"line":118,"column":42},"end":{"line":118,"column":110}},"57":{"start":{"line":119,"column":29},"end":{"line":119,"column":74}},"58":{"start":{"line":120,"column":35},"end":{"line":120,"column":92}},"59":{"start":{"line":121,"column":12},"end":{"line":136,"column":13}},"60":{"start":{"line":122,"column":16},"end":{"line":122,"column":82}},"61":{"start":{"line":126,"column":34},"end":{"line":126,"column":100}},"62":{"start":{"line":128,"column":16},"end":{"line":134,"column":17}},"63":{"start":{"line":129,"column":20},"end":{"line":129,"column":93}},"64":{"start":{"line":132,"column":20},"end":{"line":132,"column":74}},"65":{"start":{"line":133,"column":20},"end":{"line":133,"column":114}},"66":{"start":{"line":140,"column":12},"end":{"line":140,"column":21}},"67":{"start":{"line":146,"column":39},"end":{"line":146,"column":47}},"68":{"start":{"line":147,"column":8},"end":{"line":165,"column":9}},"69":{"start":{"line":148,"column":12},"end":{"line":148,"column":75}},"70":{"start":{"line":148,"column":25},"end":{"line":148,"column":75}},"71":{"start":{"line":149,"column":12},"end":{"line":149,"column":87}},"72":{"start":{"line":149,"column":31},"end":{"line":149,"column":87}},"73":{"start":{"line":150,"column":37},"end":{"line":150,"column":103}},"74":{"start":{"line":151,"column":27},"end":{"line":151,"column":72}},"75":{"start":{"line":152,"column":33},"end":{"line":152,"column":90}},"76":{"start":{"line":153,"column":12},"end":{"line":153,"column":77}},"77":{"start":{"line":153,"column":27},"end":{"line":153,"column":77}},"78":{"start":{"line":154,"column":12},"end":{"line":154,"column":89}},"79":{"start":{"line":154,"column":33},"end":{"line":154,"column":89}},"80":{"start":{"line":155,"column":12},"end":{"line":161,"column":13}},"81":{"start":{"line":156,"column":16},"end":{"line":156,"column":90}},"82":{"start":{"line":159,"column":16},"end":{"line":159,"column":82}},"83":{"start":{"line":160,"column":16},"end":{"line":160,"column":122}},"84":{"start":{"line":164,"column":12},"end":{"line":164,"column":21}},"85":{"start":{"line":169,"column":54},"end":{"line":169,"column":66}},"86":{"start":{"line":170,"column":23},"end":{"line":170,"column":62}},"87":{"start":{"line":171,"column":27},"end":{"line":171,"column":83}},"88":{"start":{"line":172,"column":29},"end":{"line":172,"column":55}},"89":{"start":{"line":173,"column":23},"end":{"line":173,"column":130}},"90":{"start":{"line":175,"column":29},"end":{"line":177,"column":10}},"91":{"start":{"line":176,"column":12},"end":{"line":176,"column":33}},"92":{"start":{"line":178,"column":23},"end":{"line":178,"column":25}},"93":{"start":{"line":179,"column":8},"end":{"line":185,"column":9}},"94":{"start":{"line":179,"column":21},"end":{"line":179,"column":22}},"95":{"start":{"line":180,"column":12},"end":{"line":184,"column":13}},"96":{"start":{"line":180,"column":25},"end":{"line":180,"column":26}},"97":{"start":{"line":181,"column":16},"end":{"line":183,"column":17}},"98":{"start":{"line":182,"column":20},"end":{"line":182,"column":52}},"99":{"start":{"line":186,"column":8},"end":{"line":188,"column":10}},"100":{"start":{"line":187,"column":12},"end":{"line":187,"column":45}},"101":{"start":{"line":192,"column":8},"end":{"line":192,"column":62}},"102":{"start":{"line":197,"column":0},"end":{"line":197,"column":31}}},"fnMap":{"0":{"name":"(anonymous_0)","decl":{"start":{"line":8,"column":4},"end":{"line":8,"column":5}},"loc":{"start":{"line":8,"column":39},"end":{"line":57,"column":5}},"line":8},"1":{"name":"(anonymous_1)","decl":{"start":{"line":32,"column":62},"end":{"line":32,"column":63}},"loc":{"start":{"line":32,"column":67},"end":{"line":34,"column":25}},"line":32},"2":{"name":"(anonymous_2)","decl":{"start":{"line":43,"column":48},"end":{"line":43,"column":49}},"loc":{"start":{"line":43,"column":53},"end":{"line":45,"column":25}},"line":43},"3":{"name":"(anonymous_3)","decl":{"start":{"line":59,"column":4},"end":{"line":59,"column":5}},"loc":{"start":{"line":59,"column":44},"end":{"line":95,"column":5}},"line":59},"4":{"name":"(anonymous_4)","decl":{"start":{"line":68,"column":64},"end":{"line":68,"column":65}},"loc":{"start":{"line":68,"column":69},"end":{"line":68,"column":89}},"line":68},"5":{"name":"(anonymous_5)","decl":{"start":{"line":96,"column":4},"end":{"line":96,"column":5}},"loc":{"start":{"line":96,"column":44},"end":{"line":113,"column":5}},"line":96},"6":{"name":"(anonymous_6)","decl":{"start":{"line":115,"column":4},"end":{"line":115,"column":5}},"loc":{"start":{"line":115,"column":53},"end":{"line":143,"column":5}},"line":115},"7":{"name":"(anonymous_7)","decl":{"start":{"line":145,"column":4},"end":{"line":145,"column":5}},"loc":{"start":{"line":145,"column":58},"end":{"line":167,"column":5}},"line":145},"8":{"name":"(anonymous_8)","decl":{"start":{"line":168,"column":4},"end":{"line":168,"column":5}},"loc":{"start":{"line":168,"column":49},"end":{"line":193,"column":5}},"line":168},"9":{"name":"(anonymous_9)","decl":{"start":{"line":175,"column":46},"end":{"line":175,"column":47}},"loc":{"start":{"line":175,"column":51},"end":{"line":177,"column":9}},"line":175},"10":{"name":"(anonymous_10)","decl":{"start":{"line":186,"column":32},"end":{"line":186,"column":33}},"loc":{"start":{"line":186,"column":37},"end":{"line":188,"column":9}},"line":186}},"branchMap":{"0":{"loc":{"start":{"line":11,"column":12},"end":{"line":49,"column":13}},"type":"if","locations":[{"start":{"line":11,"column":12},"end":{"line":49,"column":13}},{"start":{"line":11,"column":12},"end":{"line":49,"column":13}}],"line":11},"1":{"loc":{"start":{"line":11,"column":16},"end":{"line":11,"column":35}},"type":"binary-expr","locations":[{"start":{"line":11,"column":16},"end":{"line":11,"column":22}},{"start":{"line":11,"column":26},"end":{"line":11,"column":35}}],"line":11},"2":{"loc":{"start":{"line":18,"column":16},"end":{"line":48,"column":17}},"type":"if","locations":[{"start":{"line":18,"column":16},"end":{"line":48,"column":17}},{"start":{"line":18,"column":16},"end":{"line":48,"column":17}}],"line":18},"3":{"loc":{"start":{"line":23,"column":20},"end":{"line":47,"column":21}},"type":"if","locations":[{"start":{"line":23,"column":20},"end":{"line":47,"column":21}},{"start":{"line":23,"column":20},"end":{"line":47,"column":21}}],"line":23},"4":{"loc":{"start":{"line":38,"column":32},"end":{"line":40,"column":33}},"type":"if","locations":[{"start":{"line":38,"column":32},"end":{"line":40,"column":33}},{"start":{"line":38,"column":32},"end":{"line":40,"column":33}}],"line":38},"5":{"loc":{"start":{"line":63,"column":12},"end":{"line":89,"column":13}},"type":"if","locations":[{"start":{"line":63,"column":12},"end":{"line":89,"column":13}},{"start":{"line":63,"column":12},"end":{"line":89,"column":13}}],"line":63},"6":{"loc":{"start":{"line":66,"column":16},"end":{"line":83,"column":17}},"type":"if","locations":[{"start":{"line":66,"column":16},"end":{"line":83,"column":17}},{"start":{"line":66,"column":16},"end":{"line":83,"column":17}}],"line":66},"7":{"loc":{"start":{"line":69,"column":20},"end":{"line":79,"column":21}},"type":"if","locations":[{"start":{"line":69,"column":20},"end":{"line":79,"column":21}},{"start":{"line":69,"column":20},"end":{"line":79,"column":21}}],"line":69},"8":{"loc":{"start":{"line":101,"column":12},"end":{"line":107,"column":13}},"type":"if","locations":[{"start":{"line":101,"column":12},"end":{"line":107,"column":13}},{"start":{"line":101,"column":12},"end":{"line":107,"column":13}}],"line":101},"9":{"loc":{"start":{"line":118,"column":12},"end":{"line":118,"column":110}},"type":"if","locations":[{"start":{"line":118,"column":12},"end":{"line":118,"column":110}},{"start":{"line":118,"column":12},"end":{"line":118,"column":110}}],"line":118},"10":{"loc":{"start":{"line":118,"column":16},"end":{"line":118,"column":40}},"type":"binary-expr","locations":[{"start":{"line":118,"column":16},"end":{"line":118,"column":23}},{"start":{"line":118,"column":27},"end":{"line":118,"column":40}}],"line":118},"11":{"loc":{"start":{"line":121,"column":12},"end":{"line":136,"column":13}},"type":"if","locations":[{"start":{"line":121,"column":12},"end":{"line":136,"column":13}},{"start":{"line":121,"column":12},"end":{"line":136,"column":13}}],"line":121},"12":{"loc":{"start":{"line":121,"column":16},"end":{"line":121,"column":48}},"type":"binary-expr","locations":[{"start":{"line":121,"column":16},"end":{"line":121,"column":27}},{"start":{"line":121,"column":31},"end":{"line":121,"column":48}}],"line":121},"13":{"loc":{"start":{"line":128,"column":16},"end":{"line":134,"column":17}},"type":"if","locations":[{"start":{"line":128,"column":16},"end":{"line":134,"column":17}},{"start":{"line":128,"column":16},"end":{"line":134,"column":17}}],"line":128},"14":{"loc":{"start":{"line":148,"column":12},"end":{"line":148,"column":75}},"type":"if","locations":[{"start":{"line":148,"column":12},"end":{"line":148,"column":75}},{"start":{"line":148,"column":12},"end":{"line":148,"column":75}}],"line":148},"15":{"loc":{"start":{"line":149,"column":12},"end":{"line":149,"column":87}},"type":"if","locations":[{"start":{"line":149,"column":12},"end":{"line":149,"column":87}},{"start":{"line":149,"column":12},"end":{"line":149,"column":87}}],"line":149},"16":{"loc":{"start":{"line":153,"column":12},"end":{"line":153,"column":77}},"type":"if","locations":[{"start":{"line":153,"column":12},"end":{"line":153,"column":77}},{"start":{"line":153,"column":12},"end":{"line":153,"column":77}}],"line":153},"17":{"loc":{"start":{"line":154,"column":12},"end":{"line":154,"column":89}},"type":"if","locations":[{"start":{"line":154,"column":12},"end":{"line":154,"column":89}},{"start":{"line":154,"column":12},"end":{"line":154,"column":89}}],"line":154},"18":{"loc":{"start":{"line":155,"column":12},"end":{"line":161,"column":13}},"type":"if","locations":[{"start":{"line":155,"column":12},"end":{"line":161,"column":13}},{"start":{"line":155,"column":12},"end":{"line":161,"column":13}}],"line":155},"19":{"loc":{"start":{"line":181,"column":16},"end":{"line":183,"column":17}},"type":"if","locations":[{"start":{"line":181,"column":16},"end":{"line":183,"column":17}},{"start":{"line":181,"column":16},"end":{"line":183,"column":17}}],"line":181}},"s":{"0":6,"1":6,"2":6,"3":5,"4":5,"5":5,"6":2,"7":3,"8":3,"9":1,"10":2,"11":1,"12":1,"13":1,"14":1,"15":1,"16":1,"17":1,"18":1,"19":1,"20":1,"21":1,"22":2,"23":1,"24":1,"25":1,"26":1,"27":4,"28":3,"29":3,"30":3,"31":3,"32":2,"33":2,"34":1,"35":1,"36":2,"37":1,"38":0,"39":1,"40":1,"41":1,"42":1,"43":1,"44":2,"45":2,"46":2,"47":2,"48":2,"49":1,"50":1,"51":1,"52":1,"53":4,"54":4,"55":4,"56":1,"57":3,"58":3,"59":3,"60":1,"61":2,"62":2,"63":1,"64":1,"65":1,"66":3,"67":6,"68":6,"69":6,"70":1,"71":5,"72":1,"73":4,"74":4,"75":4,"76":4,"77":1,"78":3,"79":1,"80":2,"81":1,"82":1,"83":1,"84":5,"85":1,"86":1,"87":1,"88":1,"89":1,"90":1,"91":1,"92":1,"93":1,"94":1,"95":1,"96":1,"97":2,"98":1,"99":1,"100":1,"101":1,"102":6},"f":{"0":5,"1":1,"2":1,"3":3,"4":2,"5":2,"6":4,"7":6,"8":1,"9":1,"10":1},"b":{"0":[2,3],"1":[5,4],"2":[1,2],"3":[1,1],"4":[1,1],"5":[2,1],"6":[1,1],"7":[0,1],"8":[1,1],"9":[1,3],"10":[4,3],"11":[1,2],"12":[3,3],"13":[1,1],"14":[1,5],"15":[1,4],"16":[1,3],"17":[1,2],"18":[1,1],"19":[1,1]},"_coverageSchema":"1a1c01bbd47fc00a2c39e90264f33305004495a9","hash":"af5f6ea34ec353d6ccfecce9bb5d8295b023de6f"}
,"C:\\Users\\theodorusArie\\Desktop\\Hacktiv8\\Phase-2\\CANDO\\Cando\\server\\helpers\\bcryptjs.js": {"path":"C:\\Users\\theodorusArie\\Desktop\\Hacktiv8\\Phase-2\\CANDO\\Cando\\server\\helpers\\bcryptjs.js","statementMap":{"0":{"start":{"line":1,"column":15},"end":{"line":1,"column":34}},"1":{"start":{"line":2,"column":13},"end":{"line":2,"column":35}},"2":{"start":{"line":6,"column":15},"end":{"line":6,"column":46}},"3":{"start":{"line":7,"column":4},"end":{"line":7,"column":15}},"4":{"start":{"line":11,"column":4},"end":{"line":11,"column":53}},"5":{"start":{"line":14,"column":0},"end":{"line":14,"column":48}}},"fnMap":{"0":{"name":"hashPassword","decl":{"start":{"line":5,"column":9},"end":{"line":5,"column":21}},"loc":{"start":{"line":5,"column":32},"end":{"line":8,"column":1}},"line":5},"1":{"name":"checkPassword","decl":{"start":{"line":10,"column":9},"end":{"line":10,"column":22}},"loc":{"start":{"line":10,"column":47},"end":{"line":12,"column":1}},"line":10}},"branchMap":{},"s":{"0":7,"1":7,"2":1,"3":1,"4":2,"5":7},"f":{"0":1,"1":2},"b":{},"_coverageSchema":"1a1c01bbd47fc00a2c39e90264f33305004495a9","hash":"8844ebb5d2f9d2c082cf111b8561d43c1b242fe6"}
,"C:\\Users\\theodorusArie\\Desktop\\Hacktiv8\\Phase-2\\CANDO\\Cando\\server\\helpers\\jwt.js": {"path":"C:\\Users\\theodorusArie\\Desktop\\Hacktiv8\\Phase-2\\CANDO\\Cando\\server\\helpers\\jwt.js","statementMap":{"0":{"start":{"line":1,"column":12},"end":{"line":1,"column":35}},"1":{"start":{"line":2,"column":15},"end":{"line":2,"column":22}},"2":{"start":{"line":5,"column":4},"end":{"line":5,"column":33}},"3":{"start":{"line":9,"column":4},"end":{"line":9,"column":36}},"4":{"start":{"line":13,"column":0},"end":{"line":13,"column":45}}},"fnMap":{"0":{"name":"createToken","decl":{"start":{"line":4,"column":9},"end":{"line":4,"column":20}},"loc":{"start":{"line":4,"column":27},"end":{"line":6,"column":1}},"line":4},"1":{"name":"verifyToken","decl":{"start":{"line":8,"column":9},"end":{"line":8,"column":20}},"loc":{"start":{"line":8,"column":28},"end":{"line":10,"column":1}},"line":8}},"branchMap":{},"s":{"0":6,"1":6,"2":11,"3":50,"4":6},"f":{"0":11,"1":50},"b":{},"_coverageSchema":"1a1c01bbd47fc00a2c39e90264f33305004495a9","hash":"c21cf4b3c9cb8aa41f99102eb692a8f1344b5199"}
,"C:\\Users\\theodorusArie\\Desktop\\Hacktiv8\\Phase-2\\CANDO\\Cando\\server\\helpers\\newTaskMail.js": {"path":"C:\\Users\\theodorusArie\\Desktop\\Hacktiv8\\Phase-2\\CANDO\\Cando\\server\\helpers\\newTaskMail.js","statementMap":{"0":{"start":{"line":1,"column":19},"end":{"line":280,"column":1}},"1":{"start":{"line":282,"column":0},"end":{"line":282,"column":27}}},"fnMap":{},"branchMap":{},"s":{"0":6,"1":6},"f":{},"b":{},"_coverageSchema":"1a1c01bbd47fc00a2c39e90264f33305004495a9","hash":"c104122df82cded428392636fda8de2661fd0982"}
,"C:\\Users\\theodorusArie\\Desktop\\Hacktiv8\\Phase-2\\CANDO\\Cando\\server\\helpers\\rooms.js": {"path":"C:\\Users\\theodorusArie\\Desktop\\Hacktiv8\\Phase-2\\CANDO\\Cando\\server\\helpers\\rooms.js","statementMap":{"0":{"start":{"line":1,"column":23},"end":{"line":1,"column":43}},"1":{"start":{"line":3,"column":19},"end":{"line":20,"column":1}},"2":{"start":{"line":4,"column":17},"end":{"line":4,"column":19}},"3":{"start":{"line":6,"column":2},"end":{"line":17,"column":23}},"4":{"start":{"line":8,"column":6},"end":{"line":15,"column":9}},"5":{"start":{"line":9,"column":8},"end":{"line":14,"column":10}},"6":{"start":{"line":19,"column":2},"end":{"line":19,"column":17}},"7":{"start":{"line":22,"column":0},"end":{"line":22,"column":27}}},"fnMap":{"0":{"name":"(anonymous_0)","decl":{"start":{"line":3,"column":19},"end":{"line":3,"column":20}},"loc":{"start":{"line":3,"column":25},"end":{"line":20,"column":1}},"line":3},"1":{"name":"(anonymous_1)","decl":{"start":{"line":7,"column":10},"end":{"line":7,"column":11}},"loc":{"start":{"line":7,"column":20},"end":{"line":16,"column":5}},"line":7},"2":{"name":"(anonymous_2)","decl":{"start":{"line":8,"column":19},"end":{"line":8,"column":20}},"loc":{"start":{"line":8,"column":39},"end":{"line":15,"column":7}},"line":8}},"branchMap":{},"s":{"0":2,"1":2,"2":1,"3":1,"4":1,"5":2,"6":1,"7":2},"f":{"0":1,"1":1,"2":2},"b":{},"_coverageSchema":"1a1c01bbd47fc00a2c39e90264f33305004495a9","hash":"040fe6e17c33fabfd8daff2b096fcdcffc563d07"}
,"C:\\Users\\theodorusArie\\Desktop\\Hacktiv8\\Phase-2\\CANDO\\Cando\\server\\middleware\\authentication.js": {"path":"C:\\Users\\theodorusArie\\Desktop\\Hacktiv8\\Phase-2\\CANDO\\Cando\\server\\middleware\\authentication.js","statementMap":{"0":{"start":{"line":1,"column":17},"end":{"line":1,"column":37}},"1":{"start":{"line":2,"column":24},"end":{"line":2,"column":49}},"2":{"start":{"line":6,"column":20},"end":{"line":6,"column":31}},"3":{"start":{"line":7,"column":4},"end":{"line":28,"column":5}},"4":{"start":{"line":8,"column":8},"end":{"line":23,"column":9}},"5":{"start":{"line":9,"column":12},"end":{"line":9,"column":64}},"6":{"start":{"line":13,"column":26},"end":{"line":13,"column":44}},"7":{"start":{"line":14,"column":29},"end":{"line":14,"column":78}},"8":{"start":{"line":15,"column":12},"end":{"line":21,"column":13}},"9":{"start":{"line":16,"column":16},"end":{"line":16,"column":79}},"10":{"start":{"line":19,"column":16},"end":{"line":19,"column":38}},"11":{"start":{"line":20,"column":16},"end":{"line":20,"column":22}},"12":{"start":{"line":27,"column":8},"end":{"line":27,"column":17}},"13":{"start":{"line":36,"column":0},"end":{"line":36,"column":31}}},"fnMap":{"0":{"name":"authentication","decl":{"start":{"line":5,"column":15},"end":{"line":5,"column":29}},"loc":{"start":{"line":5,"column":46},"end":{"line":34,"column":1}},"line":5}},"branchMap":{"0":{"loc":{"start":{"line":8,"column":8},"end":{"line":23,"column":9}},"type":"if","locations":[{"start":{"line":8,"column":8},"end":{"line":23,"column":9}},{"start":{"line":8,"column":8},"end":{"line":23,"column":9}}],"line":8},"1":{"loc":{"start":{"line":15,"column":12},"end":{"line":21,"column":13}},"type":"if","locations":[{"start":{"line":15,"column":12},"end":{"line":21,"column":13}},{"start":{"line":15,"column":12},"end":{"line":21,"column":13}}],"line":15}},"s":{"0":6,"1":6,"2":50,"3":50,"4":50,"5":1,"6":49,"7":48,"8":48,"9":1,"10":47,"11":47,"12":3,"13":6},"f":{"0":50},"b":{"0":[1,49],"1":[1,47]},"_coverageSchema":"1a1c01bbd47fc00a2c39e90264f33305004495a9","hash":"97e5b3ab6e794ea9610000b2e8dc90408a1a4109"}
,"C:\\Users\\theodorusArie\\Desktop\\Hacktiv8\\Phase-2\\CANDO\\Cando\\server\\middleware\\authorizationAdmin.js": {"path":"C:\\Users\\theodorusArie\\Desktop\\Hacktiv8\\Phase-2\\CANDO\\Cando\\server\\middleware\\authorizationAdmin.js","statementMap":{"0":{"start":{"line":1,"column":21},"end":{"line":1,"column":41}},"1":{"start":{"line":6,"column":40},"end":{"line":6,"column":52}},"2":{"start":{"line":8,"column":4},"end":{"line":20,"column":5}},"3":{"start":{"line":9,"column":8},"end":{"line":15,"column":9}},"4":{"start":{"line":10,"column":12},"end":{"line":10,"column":90}},"5":{"start":{"line":14,"column":12},"end":{"line":14,"column":18}},"6":{"start":{"line":19,"column":8},"end":{"line":19,"column":17}},"7":{"start":{"line":24,"column":0},"end":{"line":24,"column":35}}},"fnMap":{"0":{"name":"authorizationAdmin","decl":{"start":{"line":5,"column":15},"end":{"line":5,"column":33}},"loc":{"start":{"line":5,"column":50},"end":{"line":21,"column":1}},"line":5}},"branchMap":{"0":{"loc":{"start":{"line":9,"column":8},"end":{"line":15,"column":9}},"type":"if","locations":[{"start":{"line":9,"column":8},"end":{"line":15,"column":9}},{"start":{"line":9,"column":8},"end":{"line":15,"column":9}}],"line":9}},"s":{"0":6,"1":32,"2":32,"3":32,"4":3,"5":29,"6":3,"7":6},"f":{"0":32},"b":{"0":[3,29]},"_coverageSchema":"1a1c01bbd47fc00a2c39e90264f33305004495a9","hash":"83f25f1a17a461228b11e805be9db141b2dcb47b"}
,"C:\\Users\\theodorusArie\\Desktop\\Hacktiv8\\Phase-2\\CANDO\\Cando\\server\\middleware\\authorizationDepartment.js": {"path":"C:\\Users\\theodorusArie\\Desktop\\Hacktiv8\\Phase-2\\CANDO\\Cando\\server\\middleware\\authorizationDepartment.js","statementMap":{"0":{"start":{"line":1,"column":28},"end":{"line":1,"column":48}},"1":{"start":{"line":5,"column":40},"end":{"line":5,"column":52}},"2":{"start":{"line":6,"column":23},"end":{"line":6,"column":36}},"3":{"start":{"line":7,"column":4},"end":{"line":19,"column":5}},"4":{"start":{"line":8,"column":30},"end":{"line":8,"column":100}},"5":{"start":{"line":9,"column":8},"end":{"line":15,"column":9}},"6":{"start":{"line":10,"column":12},"end":{"line":10,"column":18}},"7":{"start":{"line":14,"column":12},"end":{"line":14,"column":75}},"8":{"start":{"line":18,"column":8},"end":{"line":18,"column":17}},"9":{"start":{"line":24,"column":0},"end":{"line":24,"column":40}}},"fnMap":{"0":{"name":"authorizationDepartment","decl":{"start":{"line":4,"column":15},"end":{"line":4,"column":38}},"loc":{"start":{"line":4,"column":55},"end":{"line":21,"column":1}},"line":4}},"branchMap":{"0":{"loc":{"start":{"line":9,"column":8},"end":{"line":15,"column":9}},"type":"if","locations":[{"start":{"line":9,"column":8},"end":{"line":15,"column":9}},{"start":{"line":9,"column":8},"end":{"line":15,"column":9}}],"line":9},"1":{"loc":{"start":{"line":9,"column":12},"end":{"line":9,"column":51}},"type":"binary-expr","locations":[{"start":{"line":9,"column":12},"end":{"line":9,"column":27}},{"start":{"line":9,"column":31},"end":{"line":9,"column":51}}],"line":9}},"s":{"0":6,"1":3,"2":3,"3":3,"4":3,"5":3,"6":2,"7":1,"8":1,"9":6},"f":{"0":3},"b":{"0":[2,1],"1":[3,2]},"_coverageSchema":"1a1c01bbd47fc00a2c39e90264f33305004495a9","hash":"8735e71115be725537a9ef49cd85520bb2ccb4a8"}
,"C:\\Users\\theodorusArie\\Desktop\\Hacktiv8\\Phase-2\\CANDO\\Cando\\server\\middleware\\authorizationEditTodo.js": {"path":"C:\\Users\\theodorusArie\\Desktop\\Hacktiv8\\Phase-2\\CANDO\\Cando\\server\\middleware\\authorizationEditTodo.js","statementMap":{"0":{"start":{"line":1,"column":17},"end":{"line":1,"column":37}},"1":{"start":{"line":4,"column":17},"end":{"line":4,"column":30}},"2":{"start":{"line":5,"column":40},"end":{"line":5,"column":52}},"3":{"start":{"line":7,"column":4},"end":{"line":25,"column":5}},"4":{"start":{"line":9,"column":23},"end":{"line":9,"column":68}},"5":{"start":{"line":11,"column":8},"end":{"line":21,"column":9}},"6":{"start":{"line":12,"column":12},"end":{"line":12,"column":64}},"7":{"start":{"line":15,"column":12},"end":{"line":20,"column":13}},"8":{"start":{"line":16,"column":16},"end":{"line":16,"column":22}},"9":{"start":{"line":19,"column":16},"end":{"line":19,"column":84}},"10":{"start":{"line":24,"column":8},"end":{"line":24,"column":17}},"11":{"start":{"line":31,"column":0},"end":{"line":31,"column":38}}},"fnMap":{"0":{"name":"authorizationEditTodo","decl":{"start":{"line":3,"column":15},"end":{"line":3,"column":36}},"loc":{"start":{"line":3,"column":53},"end":{"line":28,"column":1}},"line":3}},"branchMap":{"0":{"loc":{"start":{"line":11,"column":8},"end":{"line":21,"column":9}},"type":"if","locations":[{"start":{"line":11,"column":8},"end":{"line":21,"column":9}},{"start":{"line":11,"column":8},"end":{"line":21,"column":9}}],"line":11},"1":{"loc":{"start":{"line":15,"column":12},"end":{"line":20,"column":13}},"type":"if","locations":[{"start":{"line":15,"column":12},"end":{"line":20,"column":13}},{"start":{"line":15,"column":12},"end":{"line":20,"column":13}}],"line":15},"2":{"loc":{"start":{"line":15,"column":16},"end":{"line":15,"column":62}},"type":"binary-expr","locations":[{"start":{"line":15,"column":16},"end":{"line":15,"column":38}},{"start":{"line":15,"column":42},"end":{"line":15,"column":62}}],"line":15}},"s":{"0":6,"1":6,"2":6,"3":6,"4":6,"5":6,"6":1,"7":5,"8":4,"9":1,"10":2,"11":6},"f":{"0":6},"b":{"0":[1,5],"1":[4,1],"2":[5,2]},"_coverageSchema":"1a1c01bbd47fc00a2c39e90264f33305004495a9","hash":"9c09b7ec683bc2db6ceebdf3baa0ca5df558998e"}
,"C:\\Users\\theodorusArie\\Desktop\\Hacktiv8\\Phase-2\\CANDO\\Cando\\server\\middleware\\errorHandler.js": {"path":"C:\\Users\\theodorusArie\\Desktop\\Hacktiv8\\Phase-2\\CANDO\\Cando\\server\\middleware\\errorHandler.js","statementMap":{"0":{"start":{"line":6,"column":4},"end":{"line":28,"column":5}},"1":{"start":{"line":9,"column":21},"end":{"line":9,"column":42}},"2":{"start":{"line":11,"column":12},"end":{"line":11,"column":37}},"3":{"start":{"line":14,"column":25},"end":{"line":16,"column":14}},"4":{"start":{"line":15,"column":16},"end":{"line":15,"column":34}},"5":{"start":{"line":17,"column":27},"end":{"line":17,"column":43}},"6":{"start":{"line":18,"column":12},"end":{"line":18,"column":42}},"7":{"start":{"line":21,"column":12},"end":{"line":23,"column":13}},"8":{"start":{"line":22,"column":16},"end":{"line":22,"column":32}},"9":{"start":{"line":24,"column":12},"end":{"line":26,"column":13}},"10":{"start":{"line":25,"column":16},"end":{"line":25,"column":49}},"11":{"start":{"line":27,"column":12},"end":{"line":27,"column":48}},"12":{"start":{"line":35,"column":0},"end":{"line":35,"column":27}}},"fnMap":{"0":{"name":"errHandler","decl":{"start":{"line":4,"column":9},"end":{"line":4,"column":19}},"loc":{"start":{"line":4,"column":41},"end":{"line":32,"column":1}},"line":4},"1":{"name":"(anonymous_1)","decl":{"start":{"line":14,"column":40},"end":{"line":14,"column":41}},"loc":{"start":{"line":14,"column":45},"end":{"line":16,"column":13}},"line":14}},"branchMap":{"0":{"loc":{"start":{"line":6,"column":4},"end":{"line":28,"column":5}},"type":"switch","locations":[{"start":{"line":7,"column":8},"end":{"line":11,"column":37}},{"start":{"line":13,"column":8},"end":{"line":18,"column":42}},{"start":{"line":20,"column":8},"end":{"line":27,"column":48}}],"line":6},"1":{"loc":{"start":{"line":21,"column":12},"end":{"line":23,"column":13}},"type":"if","locations":[{"start":{"line":21,"column":12},"end":{"line":23,"column":13}},{"start":{"line":21,"column":12},"end":{"line":23,"column":13}}],"line":21},"2":{"loc":{"start":{"line":24,"column":12},"end":{"line":26,"column":13}},"type":"if","locations":[{"start":{"line":24,"column":12},"end":{"line":26,"column":13}},{"start":{"line":24,"column":12},"end":{"line":26,"column":13}}],"line":24}},"s":{"0":47,"1":1,"2":1,"3":12,"4":17,"5":11,"6":11,"7":46,"8":11,"9":46,"10":11,"11":46,"12":6},"f":{"0":47,"1":17},"b":{"0":[1,12,46],"1":[11,35],"2":[11,35]},"_coverageSchema":"1a1c01bbd47fc00a2c39e90264f33305004495a9","hash":"e0ce62885560c42656a0506c7a137b26c444d535"}
,"C:\\Users\\theodorusArie\\Desktop\\Hacktiv8\\Phase-2\\CANDO\\Cando\\server\\models\\category.js": {"path":"C:\\Users\\theodorusArie\\Desktop\\Hacktiv8\\Phase-2\\CANDO\\Cando\\server\\models\\category.js","statementMap":{"0":{"start":{"line":4,"column":4},"end":{"line":4,"column":24}},"1":{"start":{"line":5,"column":0},"end":{"line":53,"column":2}},"2":{"start":{"line":14,"column":6},"end":{"line":14,"column":75}},"3":{"start":{"line":15,"column":6},"end":{"line":15,"column":65}},"4":{"start":{"line":19,"column":2},"end":{"line":51,"column":5}},"5":{"start":{"line":52,"column":2},"end":{"line":52,"column":18}}},"fnMap":{"0":{"name":"(anonymous_0)","decl":{"start":{"line":5,"column":17},"end":{"line":5,"column":18}},"loc":{"start":{"line":5,"column":43},"end":{"line":53,"column":1}},"line":5},"1":{"name":"(anonymous_1)","decl":{"start":{"line":12,"column":4},"end":{"line":12,"column":5}},"loc":{"start":{"line":12,"column":29},"end":{"line":17,"column":5}},"line":12}},"branchMap":{},"s":{"0":7,"1":7,"2":7,"3":7,"4":7,"5":7},"f":{"0":7,"1":7},"b":{},"_coverageSchema":"1a1c01bbd47fc00a2c39e90264f33305004495a9","hash":"71659506e190a44e4ef26715346e06f0671f633f"}
,"C:\\Users\\theodorusArie\\Desktop\\Hacktiv8\\Phase-2\\CANDO\\Cando\\server\\models\\department.js": {"path":"C:\\Users\\theodorusArie\\Desktop\\Hacktiv8\\Phase-2\\CANDO\\Cando\\server\\models\\department.js","statementMap":{"0":{"start":{"line":4,"column":4},"end":{"line":4,"column":24}},"1":{"start":{"line":5,"column":0},"end":{"line":26,"column":2}},"2":{"start":{"line":14,"column":6},"end":{"line":14,"column":73}},"3":{"start":{"line":15,"column":6},"end":{"line":15,"column":80}},"4":{"start":{"line":19,"column":2},"end":{"line":24,"column":5}},"5":{"start":{"line":25,"column":2},"end":{"line":25,"column":20}}},"fnMap":{"0":{"name":"(anonymous_0)","decl":{"start":{"line":5,"column":17},"end":{"line":5,"column":18}},"loc":{"start":{"line":5,"column":43},"end":{"line":26,"column":1}},"line":5},"1":{"name":"(anonymous_1)","decl":{"start":{"line":12,"column":4},"end":{"line":12,"column":5}},"loc":{"start":{"line":12,"column":29},"end":{"line":17,"column":5}},"line":12}},"branchMap":{},"s":{"0":7,"1":7,"2":7,"3":7,"4":7,"5":7},"f":{"0":7,"1":7},"b":{},"_coverageSchema":"1a1c01bbd47fc00a2c39e90264f33305004495a9","hash":"9fd607300bc310df6252c89a932a7781adb2ad35"}
,"C:\\Users\\theodorusArie\\Desktop\\Hacktiv8\\Phase-2\\CANDO\\Cando\\server\\models\\department_user.js": {"path":"C:\\Users\\theodorusArie\\Desktop\\Hacktiv8\\Phase-2\\CANDO\\Cando\\server\\models\\department_user.js","statementMap":{"0":{"start":{"line":4,"column":4},"end":{"line":4,"column":24}},"1":{"start":{"line":5,"column":0},"end":{"line":26,"column":2}},"2":{"start":{"line":14,"column":6},"end":{"line":14,"column":82}},"3":{"start":{"line":15,"column":6},"end":{"line":15,"column":70}},"4":{"start":{"line":18,"column":2},"end":{"line":24,"column":5}},"5":{"start":{"line":25,"column":2},"end":{"line":25,"column":25}}},"fnMap":{"0":{"name":"(anonymous_0)","decl":{"start":{"line":5,"column":17},"end":{"line":5,"column":18}},"loc":{"start":{"line":5,"column":43},"end":{"line":26,"column":1}},"line":5},"1":{"name":"(anonymous_1)","decl":{"start":{"line":12,"column":4},"end":{"line":12,"column":5}},"loc":{"start":{"line":12,"column":29},"end":{"line":16,"column":5}},"line":12}},"branchMap":{},"s":{"0":7,"1":7,"2":7,"3":7,"4":7,"5":7},"f":{"0":7,"1":7},"b":{},"_coverageSchema":"1a1c01bbd47fc00a2c39e90264f33305004495a9","hash":"e9b4f667362659b162c409826d25bae544fcebfb"}
,"C:\\Users\\theodorusArie\\Desktop\\Hacktiv8\\Phase-2\\CANDO\\Cando\\server\\models\\index.js": {"path":"C:\\Users\\theodorusArie\\Desktop\\Hacktiv8\\Phase-2\\CANDO\\Cando\\server\\models\\index.js","statementMap":{"0":{"start":{"line":3,"column":11},"end":{"line":3,"column":24}},"1":{"start":{"line":4,"column":13},"end":{"line":4,"column":28}},"2":{"start":{"line":5,"column":18},"end":{"line":5,"column":38}},"3":{"start":{"line":6,"column":17},"end":{"line":6,"column":42}},"4":{"start":{"line":7,"column":12},"end":{"line":7,"column":49}},"5":{"start":{"line":8,"column":15},"end":{"line":8,"column":65}},"6":{"start":{"line":9,"column":11},"end":{"line":9,"column":13}},"7":{"start":{"line":12,"column":0},"end":{"line":16,"column":1}},"8":{"start":{"line":13,"column":2},"end":{"line":13,"column":74}},"9":{"start":{"line":15,"column":2},"end":{"line":15,"column":87}},"10":{"start":{"line":18,"column":0},"end":{"line":26,"column":5}},"11":{"start":{"line":21,"column":4},"end":{"line":21,"column":90}},"12":{"start":{"line":24,"column":18},"end":{"line":24,"column":85}},"13":{"start":{"line":25,"column":4},"end":{"line":25,"column":27}},"14":{"start":{"line":28,"column":0},"end":{"line":32,"column":3}},"15":{"start":{"line":29,"column":2},"end":{"line":31,"column":3}},"16":{"start":{"line":30,"column":4},"end":{"line":30,"column":32}},"17":{"start":{"line":34,"column":0},"end":{"line":34,"column":25}},"18":{"start":{"line":35,"column":0},"end":{"line":35,"column":25}},"19":{"start":{"line":37,"column":0},"end":{"line":37,"column":20}}},"fnMap":{"0":{"name":"(anonymous_0)","decl":{"start":{"line":20,"column":10},"end":{"line":20,"column":11}},"loc":{"start":{"line":20,"column":18},"end":{"line":22,"column":3}},"line":20},"1":{"name":"(anonymous_1)","decl":{"start":{"line":23,"column":11},"end":{"line":23,"column":12}},"loc":{"start":{"line":23,"column":19},"end":{"line":26,"column":3}},"line":23},"2":{"name":"(anonymous_2)","decl":{"start":{"line":28,"column":24},"end":{"line":28,"column":25}},"loc":{"start":{"line":28,"column":37},"end":{"line":32,"column":1}},"line":28}},"branchMap":{"0":{"loc":{"start":{"line":7,"column":12},"end":{"line":7,"column":49}},"type":"binary-expr","locations":[{"start":{"line":7,"column":12},"end":{"line":7,"column":32}},{"start":{"line":7,"column":36},"end":{"line":7,"column":49}}],"line":7},"1":{"loc":{"start":{"line":12,"column":0},"end":{"line":16,"column":1}},"type":"if","locations":[{"start":{"line":12,"column":0},"end":{"line":16,"column":1}},{"start":{"line":12,"column":0},"end":{"line":16,"column":1}}],"line":12},"2":{"loc":{"start":{"line":21,"column":11},"end":{"line":21,"column":89}},"type":"binary-expr","locations":[{"start":{"line":21,"column":12},"end":{"line":21,"column":35}},{"start":{"line":21,"column":41},"end":{"line":21,"column":58}},{"start":{"line":21,"column":64},"end":{"line":21,"column":88}}],"line":21},"3":{"loc":{"start":{"line":29,"column":2},"end":{"line":31,"column":3}},"type":"if","locations":[{"start":{"line":29,"column":2},"end":{"line":31,"column":3}},{"start":{"line":29,"column":2},"end":{"line":31,"column":3}}],"line":29}},"s":{"0":7,"1":7,"2":7,"3":7,"4":7,"5":7,"6":7,"7":7,"8":0,"9":7,"10":7,"11":42,"12":35,"13":35,"14":7,"15":35,"16":35,"17":7,"18":7,"19":7},"f":{"0":42,"1":35,"2":35},"b":{"0":[7,0],"1":[0,7],"2":[42,42,35],"3":[35,0]},"_coverageSchema":"1a1c01bbd47fc00a2c39e90264f33305004495a9","hash":"7bd6b67214f48c8c16b2303a31c4dbd8accdc0de"}
,"C:\\Users\\theodorusArie\\Desktop\\Hacktiv8\\Phase-2\\CANDO\\Cando\\server\\models\\todo.js": {"path":"C:\\Users\\theodorusArie\\Desktop\\Hacktiv8\\Phase-2\\CANDO\\Cando\\server\\models\\todo.js","statementMap":{"0":{"start":{"line":4,"column":4},"end":{"line":4,"column":24}},"1":{"start":{"line":5,"column":0},"end":{"line":108,"column":2}},"2":{"start":{"line":14,"column":6},"end":{"line":14,"column":67}},"3":{"start":{"line":15,"column":6},"end":{"line":15,"column":59}},"4":{"start":{"line":18,"column":2},"end":{"line":106,"column":5}},"5":{"start":{"line":107,"column":2},"end":{"line":107,"column":14}}},"fnMap":{"0":{"name":"(anonymous_0)","decl":{"start":{"line":5,"column":17},"end":{"line":5,"column":18}},"loc":{"start":{"line":5,"column":43},"end":{"line":108,"column":1}},"line":5},"1":{"name":"(anonymous_1)","decl":{"start":{"line":12,"column":4},"end":{"line":12,"column":5}},"loc":{"start":{"line":12,"column":29},"end":{"line":16,"column":5}},"line":12}},"branchMap":{},"s":{"0":7,"1":7,"2":7,"3":7,"4":7,"5":7},"f":{"0":7,"1":7},"b":{},"_coverageSchema":"1a1c01bbd47fc00a2c39e90264f33305004495a9","hash":"4454392b44c21c097b12b4a425c0ebdb9a03f5ba"}
,"C:\\Users\\theodorusArie\\Desktop\\Hacktiv8\\Phase-2\\CANDO\\Cando\\server\\models\\user.js": {"path":"C:\\Users\\theodorusArie\\Desktop\\Hacktiv8\\Phase-2\\CANDO\\Cando\\server\\models\\user.js","statementMap":{"0":{"start":{"line":2,"column":25},"end":{"line":2,"column":55}},"1":{"start":{"line":5,"column":4},"end":{"line":5,"column":24}},"2":{"start":{"line":6,"column":0},"end":{"line":100,"column":2}},"3":{"start":{"line":15,"column":6},"end":{"line":15,"column":57}},"4":{"start":{"line":16,"column":6},"end":{"line":16,"column":68}},"5":{"start":{"line":19,"column":2},"end":{"line":98,"column":5}},"6":{"start":{"line":95,"column":8},"end":{"line":95,"column":59}},"7":{"start":{"line":99,"column":2},"end":{"line":99,"column":14}}},"fnMap":{"0":{"name":"(anonymous_0)","decl":{"start":{"line":6,"column":17},"end":{"line":6,"column":18}},"loc":{"start":{"line":6,"column":43},"end":{"line":100,"column":1}},"line":6},"1":{"name":"(anonymous_1)","decl":{"start":{"line":13,"column":4},"end":{"line":13,"column":5}},"loc":{"start":{"line":13,"column":29},"end":{"line":17,"column":5}},"line":13},"2":{"name":"(anonymous_2)","decl":{"start":{"line":94,"column":20},"end":{"line":94,"column":21}},"loc":{"start":{"line":94,"column":34},"end":{"line":96,"column":7}},"line":94}},"branchMap":{},"s":{"0":7,"1":7,"2":7,"3":7,"4":7,"5":7,"6":1,"7":7},"f":{"0":7,"1":7,"2":1},"b":{},"_coverageSchema":"1a1c01bbd47fc00a2c39e90264f33305004495a9","hash":"7078ae889d12f7b0803d20a8452edc9ec7a45f54"}
,"C:\\Users\\theodorusArie\\Desktop\\Hacktiv8\\Phase-2\\CANDO\\Cando\\server\\routes\\categoryRoute.js": {"path":"C:\\Users\\theodorusArie\\Desktop\\Hacktiv8\\Phase-2\\CANDO\\Cando\\server\\routes\\categoryRoute.js","statementMap":{"0":{"start":{"line":1,"column":27},"end":{"line":1,"column":71}},"1":{"start":{"line":2,"column":27},"end":{"line":2,"column":70}},"2":{"start":{"line":4,"column":22},"end":{"line":4,"column":49}},"3":{"start":{"line":6,"column":0},"end":{"line":6,"column":71}},"4":{"start":{"line":7,"column":0},"end":{"line":7,"column":75}},"5":{"start":{"line":8,"column":0},"end":{"line":8,"column":70}},"6":{"start":{"line":9,"column":0},"end":{"line":9,"column":52}},"7":{"start":{"line":13,"column":0},"end":{"line":13,"column":30}}},"fnMap":{},"branchMap":{},"s":{"0":6,"1":6,"2":6,"3":6,"4":6,"5":6,"6":6,"7":6},"f":{},"b":{},"_coverageSchema":"1a1c01bbd47fc00a2c39e90264f33305004495a9","hash":"7cfd81bf6c0360a3dbdbdb8efbae44b0f97c6119"}
,"C:\\Users\\theodorusArie\\Desktop\\Hacktiv8\\Phase-2\\CANDO\\Cando\\server\\routes\\dataRoute.js": {"path":"C:\\Users\\theodorusArie\\Desktop\\Hacktiv8\\Phase-2\\CANDO\\Cando\\server\\routes\\dataRoute.js","statementMap":{"0":{"start":{"line":1,"column":23},"end":{"line":1,"column":63}},"1":{"start":{"line":2,"column":18},"end":{"line":2,"column":40}},"2":{"start":{"line":3,"column":22},"end":{"line":3,"column":48}},"3":{"start":{"line":4,"column":23},"end":{"line":4,"column":62}},"4":{"start":{"line":5,"column":23},"end":{"line":5,"column":63}},"5":{"start":{"line":6,"column":32},"end":{"line":6,"column":80}},"6":{"start":{"line":7,"column":18},"end":{"line":7,"column":40}},"7":{"start":{"line":8,"column":23},"end":{"line":8,"column":63}},"8":{"start":{"line":9,"column":27},"end":{"line":9,"column":70}},"9":{"start":{"line":10,"column":25},"end":{"line":10,"column":67}},"10":{"start":{"line":12,"column":18},"end":{"line":12,"column":45}},"11":{"start":{"line":14,"column":0},"end":{"line":14,"column":52}},"12":{"start":{"line":15,"column":0},"end":{"line":15,"column":46}},"13":{"start":{"line":16,"column":0},"end":{"line":16,"column":50}},"14":{"start":{"line":17,"column":0},"end":{"line":17,"column":74}},"15":{"start":{"line":18,"column":0},"end":{"line":18,"column":49}},"16":{"start":{"line":19,"column":0},"end":{"line":19,"column":90}},"17":{"start":{"line":20,"column":0},"end":{"line":20,"column":49}},"18":{"start":{"line":21,"column":0},"end":{"line":21,"column":57}},"19":{"start":{"line":22,"column":0},"end":{"line":22,"column":104}},"20":{"start":{"line":23,"column":0},"end":{"line":23,"column":53}},"21":{"start":{"line":26,"column":0},"end":{"line":26,"column":26}}},"fnMap":{},"branchMap":{},"s":{"0":6,"1":6,"2":6,"3":6,"4":6,"5":6,"6":6,"7":6,"8":6,"9":6,"10":6,"11":6,"12":6,"13":6,"14":6,"15":6,"16":6,"17":6,"18":6,"19":6,"20":6,"21":6},"f":{},"b":{},"_coverageSchema":"1a1c01bbd47fc00a2c39e90264f33305004495a9","hash":"c38bf9eb21bcf6ae05f6b3c9be709ec250a48cf8"}
,"C:\\Users\\theodorusArie\\Desktop\\Hacktiv8\\Phase-2\\CANDO\\Cando\\server\\routes\\homeRoute.js": {"path":"C:\\Users\\theodorusArie\\Desktop\\Hacktiv8\\Phase-2\\CANDO\\Cando\\server\\routes\\homeRoute.js","statementMap":{"0":{"start":{"line":1,"column":18},"end":{"line":1,"column":40}},"1":{"start":{"line":2,"column":18},"end":{"line":2,"column":45}},"2":{"start":{"line":4,"column":0},"end":{"line":4,"column":33}},"3":{"start":{"line":10,"column":0},"end":{"line":10,"column":26}}},"fnMap":{},"branchMap":{},"s":{"0":6,"1":6,"2":6,"3":6},"f":{},"b":{},"_coverageSchema":"1a1c01bbd47fc00a2c39e90264f33305004495a9","hash":"fa099fde90c96aa2c4933c9088abd63f8bdc103f"}
,"C:\\Users\\theodorusArie\\Desktop\\Hacktiv8\\Phase-2\\CANDO\\Cando\\server\\routes\\todoRoute.js": {"path":"C:\\Users\\theodorusArie\\Desktop\\Hacktiv8\\Phase-2\\CANDO\\Cando\\server\\routes\\todoRoute.js","statementMap":{"0":{"start":{"line":1,"column":23},"end":{"line":1,"column":63}},"1":{"start":{"line":2,"column":30},"end":{"line":2,"column":76}},"2":{"start":{"line":3,"column":27},"end":{"line":3,"column":70}},"3":{"start":{"line":5,"column":18},"end":{"line":5,"column":45}},"4":{"start":{"line":7,"column":0},"end":{"line":7,"column":69}},"5":{"start":{"line":8,"column":0},"end":{"line":8,"column":45}},"6":{"start":{"line":9,"column":0},"end":{"line":9,"column":71}},"7":{"start":{"line":11,"column":0},"end":{"line":11,"column":26}}},"fnMap":{},"branchMap":{},"s":{"0":6,"1":6,"2":6,"3":6,"4":6,"5":6,"6":6,"7":6},"f":{},"b":{},"_coverageSchema":"1a1c01bbd47fc00a2c39e90264f33305004495a9","hash":"4ecc5ab04467049ea73d36738dffca4dd489f0bb"}
,"C:\\Users\\theodorusArie\\Desktop\\Hacktiv8\\Phase-2\\CANDO\\Cando\\server\\routes\\userRoute.js": {"path":"C:\\Users\\theodorusArie\\Desktop\\Hacktiv8\\Phase-2\\CANDO\\Cando\\server\\routes\\userRoute.js","statementMap":{"0":{"start":{"line":1,"column":23},"end":{"line":1,"column":63}},"1":{"start":{"line":2,"column":27},"end":{"line":2,"column":70}},"2":{"start":{"line":3,"column":18},"end":{"line":3,"column":45}},"3":{"start":{"line":5,"column":0},"end":{"line":5,"column":66}},"4":{"start":{"line":6,"column":0},"end":{"line":6,"column":71}},"5":{"start":{"line":7,"column":0},"end":{"line":7,"column":78}},"6":{"start":{"line":14,"column":0},"end":{"line":14,"column":26}}},"fnMap":{},"branchMap":{},"s":{"0":6,"1":6,"2":6,"3":6,"4":6,"5":6,"6":6},"f":{},"b":{},"_coverageSchema":"1a1c01bbd47fc00a2c39e90264f33305004495a9","hash":"efdc92a0a14e9a2535099ced67b97afddfe13662"}
}
