TN:
SF:app.js
FNF:0
FNH:0
DA:1,7
DA:2,7
DA:3,7
DA:4,7
DA:5,7
DA:7,7
DA:10,7
DA:11,7
DA:12,7
DA:15,7
DA:17,7
DA:20,7
LF:12
LH:12
BRF:0
BRH:0
end_of_record
TN:
SF:socketConfig.js
FN:18,(anonymous_0)
FN:20,(anonymous_1)
FN:27,(anonymous_2)
FN:31,(anonymous_3)
FN:43,(anonymous_4)
FN:44,(anonymous_5)
FN:45,(anonymous_6)
FN:67,(anonymous_7)
FN:68,(anonymous_8)
FN:69,(anonymous_9)
FN:94,(anonymous_10)
FN:114,(anonymous_11)
FN:127,(anonymous_12)
FN:128,(anonymous_13)
FN:130,(anonymous_14)
FN:131,(anonymous_15)
FN:149,(anonymous_16)
FN:154,(anonymous_17)
FN:155,(anonymous_18)
FN:161,(anonymous_19)
FN:165,(anonymous_20)
FN:169,(anonymous_21)
FNF:22
FNH:17
FNDA:10,(anonymous_0)
FNDA:1,(anonymous_1)
FNDA:2,(anonymous_2)
FNDA:2,(anonymous_3)
FNDA:1,(anonymous_4)
FNDA:1,(anonymous_5)
FNDA:2,(anonymous_6)
FNDA:2,(anonymous_7)
FNDA:2,(anonymous_8)
FNDA:4,(anonymous_9)
FNDA:0,(anonymous_10)
FNDA:0,(anonymous_11)
FNDA:1,(anonymous_12)
FNDA:1,(anonymous_13)
FNDA:2,(anonymous_14)
FNDA:1,(anonymous_15)
FNDA:1,(anonymous_16)
FNDA:1,(anonymous_17)
FNDA:1,(anonymous_18)
FNDA:0,(anonymous_19)
FNDA:0,(anonymous_20)
FNDA:0,(anonymous_21)
DA:2,1
DA:3,1
DA:4,1
DA:5,1
DA:6,1
DA:18,1
DA:20,10
DA:22,1
DA:27,10
DA:29,2
DA:31,10
DA:32,2
DA:33,2
DA:39,2
DA:41,2
DA:43,10
DA:44,1
DA:45,2
DA:47,1
DA:52,1
DA:58,1
DA:59,1
DA:67,10
DA:68,2
DA:69,4
DA:71,2
DA:73,2
DA:78,2
DA:79,2
DA:81,2
DA:82,1
DA:83,1
DA:84,1
DA:86,1
DA:87,1
DA:95,0
DA:96,0
DA:97,0
DA:98,0
DA:99,0
DA:100,0
DA:104,0
DA:105,0
DA:108,0
DA:115,0
DA:116,0
DA:117,0
DA:127,10
DA:128,1
DA:130,2
DA:131,1
DA:132,1
DA:135,1
DA:141,1
DA:142,1
DA:143,1
DA:147,1
DA:149,1
DA:150,1
DA:154,10
DA:155,1
DA:157,1
DA:161,10
DA:162,0
DA:165,10
DA:166,0
DA:169,10
DA:170,0
DA:176,1
LF:69
LH:54
BRDA:49,0,0,1
BRDA:49,0,1,0
BRDA:81,1,0,1
BRDA:81,1,1,1
BRDA:96,2,0,0
BRDA:96,2,1,0
BRDA:141,3,0,1
BRDA:141,3,1,0
BRDA:142,4,0,1
BRDA:142,4,1,0
BRF:10
BRH:5
end_of_record
TN:
SF:controllers\alfredController.js
FN:14,(anonymous_0)
FN:43,(anonymous_1)
FN:88,(anonymous_2)
FN:112,(anonymous_3)
FN:135,(anonymous_4)
FN:149,(anonymous_5)
FN:152,(anonymous_6)
FN:157,(anonymous_7)
FN:161,(anonymous_8)
FN:183,(anonymous_9)
FN:199,(anonymous_10)
FN:203,(anonymous_11)
FN:221,(anonymous_12)
FNF:13
FNH:5
FNDA:4,(anonymous_0)
FNDA:8,(anonymous_1)
FNDA:0,(anonymous_2)
FNDA:1,(anonymous_3)
FNDA:1,(anonymous_4)
FNDA:0,(anonymous_5)
FNDA:1,(anonymous_6)
FNDA:0,(anonymous_7)
FNDA:0,(anonymous_8)
FNDA:0,(anonymous_9)
FNDA:0,(anonymous_10)
FNDA:0,(anonymous_11)
FNDA:0,(anonymous_12)
DA:1,8
DA:2,8
DA:3,8
DA:4,8
DA:5,8
DA:6,8
DA:7,8
DA:8,8
DA:15,4
DA:17,4
DA:19,4
DA:20,1
DA:22,3
DA:23,1
DA:25,2
DA:26,1
DA:29,1
DA:31,4
DA:33,4
DA:34,4
DA:35,4
DA:37,4
DA:38,4
DA:39,4
DA:40,4
DA:41,4
DA:43,8
DA:44,4
DA:46,4
DA:49,4
DA:50,4
DA:52,4
DA:63,4
DA:70,4
DA:72,4
DA:81,4
DA:88,4
DA:89,0
DA:90,0
DA:99,4
DA:100,4
DA:103,0
DA:107,0
DA:113,1
DA:114,1
DA:116,1
DA:123,1
DA:124,1
DA:134,1
DA:137,1
DA:138,1
DA:139,1
DA:140,0
DA:141,0
DA:144,1
DA:145,1
DA:150,0
DA:153,1
DA:158,0
DA:160,0
DA:161,0
DA:162,0
DA:165,0
DA:166,0
DA:167,0
DA:168,0
DA:169,0
DA:172,0
DA:173,0
DA:174,0
DA:175,0
DA:180,0
DA:184,0
DA:185,0
DA:186,0
DA:187,0
DA:188,0
DA:190,0
DA:194,0
DA:200,0
DA:201,0
DA:202,0
DA:203,0
DA:204,0
DA:205,0
DA:211,0
DA:212,0
DA:216,0
DA:222,0
DA:223,0
DA:225,0
DA:226,0
DA:227,0
DA:228,0
DA:232,0
DA:239,8
LF:96
LH:52
BRDA:19,0,0,1
BRDA:19,0,1,3
BRDA:22,1,0,1
BRDA:22,1,1,2
BRDA:25,2,0,1
BRDA:25,2,1,1
BRDA:31,3,0,0
BRDA:31,3,1,4
BRDA:31,4,0,4
BRDA:31,4,1,4
BRDA:34,5,0,0
BRDA:34,5,1,4
BRDA:38,6,0,0
BRDA:38,6,1,4
BRDA:89,7,0,0
BRDA:89,7,1,0
BRDA:99,8,0,4
BRDA:99,8,1,0
BRDA:139,9,0,0
BRDA:139,9,1,1
BRDA:174,10,0,0
BRDA:174,10,1,0
BRDA:187,11,0,0
BRDA:187,11,1,0
BRDA:204,12,0,0
BRDA:204,12,1,0
BRDA:226,13,0,0
BRDA:226,13,1,0
BRF:28
BRH:13
end_of_record
TN:
SF:controllers\apiController.js
FN:12,(anonymous_0)
FNF:1
FNH:0
FNDA:0,(anonymous_0)
DA:1,8
DA:3,8
DA:15,0
DA:16,0
DA:23,8
LF:5
LH:3
BRF:0
BRH:0
end_of_record
TN:
SF:controllers\categoryController.js
FN:5,(anonymous_0)
FN:20,(anonymous_1)
FN:39,(anonymous_2)
FN:55,(anonymous_3)
FNF:4
FNH:4
FNDA:5,(anonymous_0)
FNDA:2,(anonymous_1)
FNDA:2,(anonymous_2)
FNDA:5,(anonymous_3)
DA:1,8
DA:2,8
DA:6,5
DA:7,5
DA:8,5
DA:9,3
DA:10,3
DA:11,2
DA:12,1
DA:16,4
DA:21,2
DA:22,2
DA:24,2
DA:26,2
DA:27,0
DA:30,2
DA:31,2
DA:35,0
DA:40,2
DA:41,2
DA:42,2
DA:43,2
DA:44,1
DA:47,1
DA:52,1
DA:56,5
DA:57,5
DA:58,5
DA:59,5
DA:60,5
DA:61,1
DA:64,4
DA:65,1
DA:66,1
DA:73,4
DA:78,8
LF:36
LH:34
BRDA:8,0,0,2
BRDA:8,0,1,3
BRDA:10,1,0,1
BRDA:10,1,1,2
BRDA:26,2,0,0
BRDA:26,2,1,2
BRDA:43,3,0,1
BRDA:43,3,1,1
BRDA:60,4,0,1
BRDA:60,4,1,4
BRF:10
BRH:9
end_of_record
TN:
SF:controllers\dataController.js
FN:6,(anonymous_0)
FN:14,(anonymous_1)
FN:26,(anonymous_2)
FN:30,(anonymous_3)
FN:31,(anonymous_4)
FN:37,(anonymous_5)
FN:51,(anonymous_6)
FN:61,(anonymous_7)
FN:62,(anonymous_8)
FN:63,(anonymous_9)
FN:64,(anonymous_10)
FNF:11
FNH:11
FNDA:1,(anonymous_0)
FNDA:2,(anonymous_1)
FNDA:4,(anonymous_2)
FNDA:7,(anonymous_3)
FNDA:28,(anonymous_4)
FNDA:7,(anonymous_5)
FNDA:2,(anonymous_6)
FNDA:57,(anonymous_7)
FNDA:57,(anonymous_8)
FNDA:57,(anonymous_9)
FNDA:57,(anonymous_10)
DA:1,8
DA:2,8
DA:8,1
DA:9,1
DA:10,1
DA:15,2
DA:16,2
DA:18,2
DA:20,2
DA:21,1
DA:25,1
DA:26,1
DA:27,4
DA:29,1
DA:30,1
DA:31,7
DA:32,28
DA:37,1
DA:38,7
DA:40,1
DA:41,1
DA:42,7
DA:43,3
DA:49,1
DA:50,1
DA:51,1
DA:52,2
DA:54,1
DA:55,1
DA:56,2
DA:57,57
DA:61,57
DA:62,57
DA:63,57
DA:64,57
DA:65,1
DA:73,1
DA:80,1
DA:88,8
LF:39
LH:39
BRDA:20,0,0,1
BRDA:20,0,1,1
BRDA:32,1,0,4
BRDA:32,1,1,24
BRDA:42,2,0,3
BRDA:42,2,1,4
BRF:6
BRH:6
end_of_record
TN:
SF:controllers\todoController.js
FN:9,(anonymous_0)
FN:25,(anonymous_1)
FN:69,(anonymous_2)
FN:99,(anonymous_3)
FN:114,(anonymous_4)
FN:148,(anonymous_5)
FNF:6
FNH:4
FNDA:2,(anonymous_0)
FNDA:9,(anonymous_1)
FNDA:4,(anonymous_2)
FNDA:0,(anonymous_3)
FNDA:2,(anonymous_4)
FNDA:0,(anonymous_5)
DA:1,8
DA:2,8
DA:3,8
DA:4,8
DA:5,8
DA:10,2
DA:11,2
DA:12,2
DA:13,2
DA:14,1
DA:17,1
DA:21,1
DA:26,9
DA:28,9
DA:29,9
DA:63,2
DA:66,7
DA:70,4
DA:71,4
DA:72,4
DA:73,4
DA:74,3
DA:75,3
DA:76,2
DA:77,2
DA:78,1
DA:79,1
DA:81,1
DA:83,1
DA:92,1
DA:99,1
DA:100,0
DA:101,0
DA:105,1
DA:110,3
DA:115,2
DA:116,2
DA:117,2
DA:124,2
DA:126,2
DA:127,1
DA:130,1
DA:132,1
DA:141,1
DA:148,1
DA:149,0
DA:150,0
DA:154,1
DA:158,1
DA:164,8
LF:50
LH:46
BRDA:13,0,0,1
BRDA:13,0,1,1
BRDA:73,1,0,1
BRDA:73,1,1,3
BRDA:75,2,0,1
BRDA:75,2,1,2
BRDA:77,3,0,1
BRDA:77,3,1,1
BRDA:100,4,0,0
BRDA:100,4,1,0
BRDA:126,5,0,1
BRDA:126,5,1,1
BRDA:149,6,0,0
BRDA:149,6,1,0
BRF:14
BRH:10
end_of_record
TN:
SF:controllers\userController.js
FN:6,(anonymous_0)
FN:30,(anonymous_1)
FN:41,(anonymous_2)
FN:57,(anonymous_3)
FN:66,(anonymous_4)
FN:94,(anonymous_5)
FN:113,(anonymous_6)
FN:143,(anonymous_7)
FN:166,(anonymous_8)
FN:173,(anonymous_9)
FN:184,(anonymous_10)
FN:191,(anonymous_11)
FNF:12
FNH:12
FNDA:5,(anonymous_0)
FNDA:1,(anonymous_1)
FNDA:1,(anonymous_2)
FNDA:3,(anonymous_3)
FNDA:2,(anonymous_4)
FNDA:2,(anonymous_5)
FNDA:4,(anonymous_6)
FNDA:6,(anonymous_7)
FNDA:1,(anonymous_8)
FNDA:1,(anonymous_9)
FNDA:1,(anonymous_10)
FNDA:1,(anonymous_11)
DA:1,8
DA:2,8
DA:3,8
DA:7,5
DA:8,5
DA:9,5
DA:10,2
DA:14,3
DA:16,3
DA:17,1
DA:21,2
DA:22,1
DA:25,1
DA:27,1
DA:28,1
DA:30,1
DA:31,1
DA:33,1
DA:34,1
DA:35,1
DA:36,2
DA:37,1
DA:41,1
DA:42,1
DA:44,1
DA:52,4
DA:58,3
DA:59,3
DA:60,3
DA:61,3
DA:63,2
DA:64,2
DA:65,1
DA:66,2
DA:67,1
DA:68,0
DA:71,1
DA:73,1
DA:75,1
DA:80,1
DA:86,1
DA:91,2
DA:95,2
DA:96,2
DA:97,2
DA:99,2
DA:100,1
DA:103,1
DA:104,1
DA:109,1
DA:114,4
DA:115,4
DA:116,4
DA:117,3
DA:118,3
DA:119,3
DA:120,1
DA:124,2
DA:126,2
DA:127,1
DA:130,1
DA:131,1
DA:138,3
DA:144,6
DA:145,6
DA:146,6
DA:147,5
DA:148,4
DA:149,4
DA:150,4
DA:151,4
DA:152,3
DA:153,2
DA:154,1
DA:157,1
DA:158,1
DA:162,5
DA:167,1
DA:168,1
DA:169,1
DA:170,1
DA:171,1
DA:173,1
DA:174,1
DA:176,1
DA:177,1
DA:178,1
DA:179,2
DA:180,1
DA:184,1
DA:185,1
DA:188,1
DA:192,1
DA:193,1
DA:195,1
DA:196,1
DA:197,1
DA:206,8
LF:98
LH:97
BRDA:9,0,0,2
BRDA:9,0,1,3
BRDA:9,1,0,5
BRDA:9,1,1,4
BRDA:16,2,0,1
BRDA:16,2,1,2
BRDA:21,3,0,1
BRDA:21,3,1,1
BRDA:36,4,0,1
BRDA:36,4,1,1
BRDA:61,5,0,2
BRDA:61,5,1,1
BRDA:64,6,0,1
BRDA:64,6,1,1
BRDA:67,7,0,0
BRDA:67,7,1,1
BRDA:99,8,0,1
BRDA:99,8,1,1
BRDA:116,9,0,1
BRDA:116,9,1,3
BRDA:116,10,0,4
BRDA:116,10,1,3
BRDA:119,11,0,1
BRDA:119,11,1,2
BRDA:119,12,0,3
BRDA:119,12,1,3
BRDA:126,13,0,1
BRDA:126,13,1,1
BRDA:146,14,0,1
BRDA:146,14,1,5
BRDA:147,15,0,1
BRDA:147,15,1,4
BRDA:151,16,0,1
BRDA:151,16,1,3
BRDA:152,17,0,1
BRDA:152,17,1,2
BRDA:153,18,0,1
BRDA:153,18,1,1
BRDA:179,19,0,1
BRDA:179,19,1,1
BRF:40
BRH:39
end_of_record
TN:
SF:helpers\bcryptjs.js
FN:5,hashPassword
FN:10,checkPassword
FNF:2
FNH:2
FNDA:1,hashPassword
FNDA:2,checkPassword
DA:1,8
DA:2,8
DA:6,1
DA:7,1
DA:11,2
DA:14,8
LF:6
LH:6
BRF:0
BRH:0
end_of_record
TN:
SF:helpers\deleteTaskMail.js
FNF:0
FNH:0
DA:1,8
DA:279,8
LF:2
LH:2
BRF:0
BRH:0
end_of_record
TN:
SF:helpers\jwt.js
FN:4,createToken
FN:8,verifyToken
FNF:2
FNH:2
FNDA:13,createToken
FNDA:50,verifyToken
DA:1,8
DA:2,8
DA:5,13
DA:9,50
DA:13,8
LF:5
LH:5
BRF:0
BRH:0
end_of_record
TN:
SF:helpers\newTaskMail.js
FNF:0
FNH:0
DA:1,8
DA:279,8
LF:2
LH:2
BRF:0
BRH:0
end_of_record
TN:
SF:helpers\rooms.js
FN:3,(anonymous_0)
FN:12,(anonymous_1)
FN:13,(anonymous_2)
FNF:3
FNH:3
FNDA:1,(anonymous_0)
FNDA:1,(anonymous_1)
FNDA:2,(anonymous_2)
DA:1,2
DA:3,2
DA:4,1
DA:11,1
DA:13,1
DA:14,2
DA:25,1
DA:28,2
LF:8
LH:8
BRF:0
BRH:0
end_of_record
TN:
SF:helpers\updateTaskMail.js
FNF:0
FNH:0
DA:1,8
DA:279,8
LF:2
LH:2
BRF:0
BRH:0
end_of_record
TN:
SF:middleware\authentication.js
FN:5,authentication
FNF:1
FNH:1
FNDA:51,authentication
DA:1,8
DA:2,8
DA:6,51
DA:8,51
DA:9,51
DA:10,2
DA:14,49
DA:15,48
DA:16,48
DA:17,1
DA:20,47
DA:21,47
DA:28,4
DA:37,8
LF:14
LH:14
BRDA:9,0,0,2
BRDA:9,0,1,49
BRDA:16,1,0,1
BRDA:16,1,1,47
BRF:4
BRH:4
end_of_record
TN:
SF:middleware\authorizationAdmin.js
FN:5,authorizationAdmin
FNF:1
FNH:1
FNDA:32,authorizationAdmin
DA:1,8
DA:6,32
DA:8,32
DA:9,32
DA:10,3
DA:14,29
DA:19,3
DA:24,8
LF:8
LH:8
BRDA:9,0,0,3
BRDA:9,0,1,29
BRF:2
BRH:2
end_of_record
TN:
SF:middleware\authorizationDepartment.js
FN:4,authorizationDepartment
FNF:1
FNH:1
FNDA:3,authorizationDepartment
DA:1,8
DA:5,3
DA:6,3
DA:7,3
DA:8,3
DA:9,3
DA:10,2
DA:14,1
DA:18,1
DA:24,8
LF:10
LH:10
BRDA:9,0,0,2
BRDA:9,0,1,1
BRDA:9,1,0,3
BRDA:9,1,1,2
BRF:4
BRH:4
end_of_record
TN:
SF:middleware\authorizationEditTodo.js
FN:3,authorizationEditTodo
FNF:1
FNH:1
FNDA:6,authorizationEditTodo
DA:1,8
DA:4,6
DA:5,6
DA:7,6
DA:9,6
DA:11,6
DA:12,1
DA:15,5
DA:16,4
DA:19,1
DA:24,2
DA:31,8
LF:12
LH:12
BRDA:11,0,0,1
BRDA:11,0,1,5
BRDA:15,1,0,4
BRDA:15,1,1,1
BRDA:15,2,0,5
BRDA:15,2,1,2
BRF:6
BRH:6
end_of_record
TN:
SF:middleware\errorHandler.js
FN:4,errHandler
FN:14,(anonymous_1)
FNF:2
FNH:2
FNDA:47,errHandler
FNDA:17,(anonymous_1)
DA:6,47
DA:9,1
DA:11,1
DA:14,12
DA:15,17
DA:17,11
DA:18,11
DA:21,46
DA:22,11
DA:24,46
DA:25,11
DA:27,46
DA:35,7
LF:13
LH:13
BRDA:6,0,0,1
BRDA:6,0,1,12
BRDA:6,0,2,46
BRDA:21,1,0,11
BRDA:21,1,1,35
BRDA:24,2,0,11
BRDA:24,2,1,35
BRF:7
BRH:7
end_of_record
TN:
SF:models\category.js
FN:5,(anonymous_0)
FN:12,(anonymous_1)
FNF:2
FNH:2
FNDA:8,(anonymous_0)
FNDA:8,(anonymous_1)
DA:4,8
DA:5,8
DA:14,8
DA:15,8
DA:19,8
DA:52,8
LF:6
LH:6
BRF:0
BRH:0
end_of_record
TN:
SF:models\department.js
FN:5,(anonymous_0)
FN:12,(anonymous_1)
FNF:2
FNH:2
FNDA:8,(anonymous_0)
FNDA:8,(anonymous_1)
DA:4,8
DA:5,8
DA:14,8
DA:15,8
DA:19,8
DA:25,8
LF:6
LH:6
BRF:0
BRH:0
end_of_record
TN:
SF:models\department_user.js
FN:5,(anonymous_0)
FN:12,(anonymous_1)
FNF:2
FNH:2
FNDA:8,(anonymous_0)
FNDA:8,(anonymous_1)
DA:4,8
DA:5,8
DA:14,8
DA:15,8
DA:18,8
DA:25,8
LF:6
LH:6
BRF:0
BRH:0
end_of_record
TN:
SF:models\index.js
FN:20,(anonymous_0)
FN:23,(anonymous_1)
FN:28,(anonymous_2)
FNF:3
FNH:3
FNDA:48,(anonymous_0)
FNDA:40,(anonymous_1)
FNDA:40,(anonymous_2)
DA:3,8
DA:4,8
DA:5,8
DA:6,8
DA:7,8
DA:8,8
DA:9,8
DA:12,8
DA:13,0
DA:15,8
DA:18,8
DA:21,48
DA:24,40
DA:25,40
DA:28,8
DA:29,40
DA:30,40
DA:34,8
DA:35,8
DA:37,8
LF:20
LH:19
BRDA:7,0,0,8
BRDA:7,0,1,0
BRDA:12,1,0,0
BRDA:12,1,1,8
BRDA:21,2,0,48
BRDA:21,2,1,48
BRDA:21,2,2,40
BRDA:29,3,0,40
BRDA:29,3,1,0
BRF:9
BRH:6
end_of_record
TN:
SF:models\todo.js
FN:5,(anonymous_0)
FN:12,(anonymous_1)
FNF:2
FNH:2
FNDA:8,(anonymous_0)
FNDA:8,(anonymous_1)
DA:4,8
DA:5,8
DA:14,8
DA:15,8
DA:18,8
DA:107,8
LF:6
LH:6
BRF:0
BRH:0
end_of_record
TN:
SF:models\user.js
FN:6,(anonymous_0)
FN:13,(anonymous_1)
FN:94,(anonymous_2)
FNF:3
FNH:3
FNDA:8,(anonymous_0)
FNDA:8,(anonymous_1)
FNDA:1,(anonymous_2)
DA:2,8
DA:5,8
DA:6,8
DA:15,8
DA:16,8
DA:19,8
DA:95,1
DA:99,8
LF:8
LH:8
BRF:0
BRH:0
end_of_record
TN:
SF:routes\categoryRoute.js
FNF:0
FNH:0
DA:1,8
DA:2,8
DA:4,8
DA:6,8
DA:7,8
DA:8,8
DA:9,8
DA:13,8
LF:8
LH:8
BRF:0
BRH:0
end_of_record
TN:
SF:routes\dataRoute.js
FNF:0
FNH:0
DA:1,8
DA:2,8
DA:3,8
DA:4,8
DA:5,8
DA:6,8
DA:7,8
DA:8,8
DA:9,8
DA:10,8
DA:11,8
DA:13,8
DA:15,8
DA:16,8
DA:17,8
DA:18,8
DA:19,8
DA:20,8
DA:21,8
DA:22,8
DA:23,8
DA:24,8
DA:25,8
DA:26,8
DA:27,8
DA:28,8
DA:29,8
DA:30,8
DA:33,8
LF:29
LH:29
BRF:0
BRH:0
end_of_record
TN:
SF:routes\homeRoute.js
FNF:0
FNH:0
DA:1,7
DA:2,7
DA:4,7
DA:10,7
LF:4
LH:4
BRF:0
BRH:0
end_of_record
TN:
SF:routes\todoRoute.js
FNF:0
FNH:0
DA:1,8
DA:2,8
DA:3,8
DA:5,8
DA:7,8
DA:8,8
DA:9,8
DA:11,8
LF:8
LH:8
BRF:0
BRH:0
end_of_record
TN:
SF:routes\userRoute.js
FNF:0
FNH:0
DA:1,8
DA:2,8
DA:3,8
DA:5,8
DA:6,8
DA:7,8
DA:8,8
DA:15,8
LF:8
LH:8
BRF:0
BRH:0
end_of_record
